WARNING - 2023-11-28 00:46:47 --> [DEPRECATED] number_format(): Passing null to parameter #1 ($num) of type float is deprecated in APPPATH\Views\admin\v_index.php on line 19.
 1 APPPATH\Views\admin\v_index.php(19): number_format(null, 0, ',', '.')
 2 SYSTEMPATH\View\View.php(226): include('C:\\Users\\Aceng\\Documents\\Belajar Website\\CI4\\E-Keuangan\\app\\Views\\admin\\v_index.php')
 3 SYSTEMPATH\View\View.php(229): CodeIgniter\View\View->CodeIgniter\View\{closure}()
 4 SYSTEMPATH\Common.php(1174): CodeIgniter\View\View->render('admin/v_index', [], true)
 5 APPPATH\Controllers\Bismillah.php(42): view('admin/v_index', [...])
 6 SYSTEMPATH\CodeIgniter.php(932): App\Controllers\Bismillah->index()
 7 SYSTEMPATH\CodeIgniter.php(497): CodeIgniter\CodeIgniter->runController(Object(App\Controllers\Bismillah))
 8 SYSTEMPATH\CodeIgniter.php(366): CodeIgniter\CodeIgniter->handleRequest(null, Object(Config\Cache), false)
 9 FCPATH\index.php(67): CodeIgniter\CodeIgniter->run()
10 SYSTEMPATH\Commands\Server\rewrite.php(47): require_once('C:\\Users\\Aceng\\Documents\\Belajar Website\\CI4\\E-Keuangan\\public\\index.php')
WARNING - 2023-11-28 00:46:47 --> [DEPRECATED] number_format(): Passing null to parameter #1 ($num) of type float is deprecated in APPPATH\Views\admin\v_index.php on line 94.
 1 APPPATH\Views\admin\v_index.php(94): number_format(null, 0, ',', '.')
 2 SYSTEMPATH\View\View.php(226): include('C:\\Users\\Aceng\\Documents\\Belajar Website\\CI4\\E-Keuangan\\app\\Views\\admin\\v_index.php')
 3 SYSTEMPATH\View\View.php(229): CodeIgniter\View\View->CodeIgniter\View\{closure}()
 4 SYSTEMPATH\Common.php(1174): CodeIgniter\View\View->render('admin/v_index', [], true)
 5 APPPATH\Controllers\Bismillah.php(42): view('admin/v_index', [...])
 6 SYSTEMPATH\CodeIgniter.php(932): App\Controllers\Bismillah->index()
 7 SYSTEMPATH\CodeIgniter.php(497): CodeIgniter\CodeIgniter->runController(Object(App\Controllers\Bismillah))
 8 SYSTEMPATH\CodeIgniter.php(366): CodeIgniter\CodeIgniter->handleRequest(null, Object(Config\Cache), false)
 9 FCPATH\index.php(67): CodeIgniter\CodeIgniter->run()
10 SYSTEMPATH\Commands\Server\rewrite.php(47): require_once('C:\\Users\\Aceng\\Documents\\Belajar Website\\CI4\\E-Keuangan\\public\\index.php')
WARNING - 2023-11-28 00:48:01 --> [DEPRECATED] number_format(): Passing null to parameter #1 ($num) of type float is deprecated in APPPATH\Views\admin\v_index.php on line 19.
 1 APPPATH\Views\admin\v_index.php(19): number_format(null, 0, ',', '.')
 2 SYSTEMPATH\View\View.php(226): include('C:\\Users\\Aceng\\Documents\\Belajar Website\\CI4\\E-Keuangan\\app\\Views\\admin\\v_index.php')
 3 SYSTEMPATH\View\View.php(229): CodeIgniter\View\View->CodeIgniter\View\{closure}()
 4 SYSTEMPATH\Common.php(1174): CodeIgniter\View\View->render('admin/v_index', [], true)
 5 APPPATH\Controllers\Bismillah.php(42): view('admin/v_index', [...])
 6 SYSTEMPATH\CodeIgniter.php(932): App\Controllers\Bismillah->index()
 7 SYSTEMPATH\CodeIgniter.php(497): CodeIgniter\CodeIgniter->runController(Object(App\Controllers\Bismillah))
 8 SYSTEMPATH\CodeIgniter.php(366): CodeIgniter\CodeIgniter->handleRequest(null, Object(Config\Cache), false)
 9 FCPATH\index.php(67): CodeIgniter\CodeIgniter->run()
10 SYSTEMPATH\Commands\Server\rewrite.php(47): require_once('C:\\Users\\Aceng\\Documents\\Belajar Website\\CI4\\E-Keuangan\\public\\index.php')
WARNING - 2023-11-28 00:48:01 --> [DEPRECATED] number_format(): Passing null to parameter #1 ($num) of type float is deprecated in APPPATH\Views\admin\v_index.php on line 94.
 1 APPPATH\Views\admin\v_index.php(94): number_format(null, 0, ',', '.')
 2 SYSTEMPATH\View\View.php(226): include('C:\\Users\\Aceng\\Documents\\Belajar Website\\CI4\\E-Keuangan\\app\\Views\\admin\\v_index.php')
 3 SYSTEMPATH\View\View.php(229): CodeIgniter\View\View->CodeIgniter\View\{closure}()
 4 SYSTEMPATH\Common.php(1174): CodeIgniter\View\View->render('admin/v_index', [], true)
 5 APPPATH\Controllers\Bismillah.php(42): view('admin/v_index', [...])
 6 SYSTEMPATH\CodeIgniter.php(932): App\Controllers\Bismillah->index()
 7 SYSTEMPATH\CodeIgniter.php(497): CodeIgniter\CodeIgniter->runController(Object(App\Controllers\Bismillah))
 8 SYSTEMPATH\CodeIgniter.php(366): CodeIgniter\CodeIgniter->handleRequest(null, Object(Config\Cache), false)
 9 FCPATH\index.php(67): CodeIgniter\CodeIgniter->run()
10 SYSTEMPATH\Commands\Server\rewrite.php(47): require_once('C:\\Users\\Aceng\\Documents\\Belajar Website\\CI4\\E-Keuangan\\public\\index.php')
WARNING - 2023-11-28 00:54:22 --> [DEPRECATED] number_format(): Passing null to parameter #1 ($num) of type float is deprecated in APPPATH\Views\admin\v_index.php on line 19.
 1 APPPATH\Views\admin\v_index.php(19): number_format(null, 0, ',', '.')
 2 SYSTEMPATH\View\View.php(226): include('C:\\Users\\Aceng\\Documents\\Belajar Website\\CI4\\E-Keuangan\\app\\Views\\admin\\v_index.php')
 3 SYSTEMPATH\View\View.php(229): CodeIgniter\View\View->CodeIgniter\View\{closure}()
 4 SYSTEMPATH\Common.php(1174): CodeIgniter\View\View->render('admin/v_index', [], true)
 5 APPPATH\Controllers\Bismillah.php(42): view('admin/v_index', [...])
 6 SYSTEMPATH\CodeIgniter.php(932): App\Controllers\Bismillah->index()
 7 SYSTEMPATH\CodeIgniter.php(497): CodeIgniter\CodeIgniter->runController(Object(App\Controllers\Bismillah))
 8 SYSTEMPATH\CodeIgniter.php(366): CodeIgniter\CodeIgniter->handleRequest(null, Object(Config\Cache), false)
 9 FCPATH\index.php(67): CodeIgniter\CodeIgniter->run()
10 SYSTEMPATH\Commands\Server\rewrite.php(47): require_once('C:\\Users\\Aceng\\Documents\\Belajar Website\\CI4\\E-Keuangan\\public\\index.php')
WARNING - 2023-11-28 00:54:22 --> [DEPRECATED] number_format(): Passing null to parameter #1 ($num) of type float is deprecated in APPPATH\Views\admin\v_index.php on line 94.
 1 APPPATH\Views\admin\v_index.php(94): number_format(null, 0, ',', '.')
 2 SYSTEMPATH\View\View.php(226): include('C:\\Users\\Aceng\\Documents\\Belajar Website\\CI4\\E-Keuangan\\app\\Views\\admin\\v_index.php')
 3 SYSTEMPATH\View\View.php(229): CodeIgniter\View\View->CodeIgniter\View\{closure}()
 4 SYSTEMPATH\Common.php(1174): CodeIgniter\View\View->render('admin/v_index', [], true)
 5 APPPATH\Controllers\Bismillah.php(42): view('admin/v_index', [...])
 6 SYSTEMPATH\CodeIgniter.php(932): App\Controllers\Bismillah->index()
 7 SYSTEMPATH\CodeIgniter.php(497): CodeIgniter\CodeIgniter->runController(Object(App\Controllers\Bismillah))
 8 SYSTEMPATH\CodeIgniter.php(366): CodeIgniter\CodeIgniter->handleRequest(null, Object(Config\Cache), false)
 9 FCPATH\index.php(67): CodeIgniter\CodeIgniter->run()
10 SYSTEMPATH\Commands\Server\rewrite.php(47): require_once('C:\\Users\\Aceng\\Documents\\Belajar Website\\CI4\\E-Keuangan\\public\\index.php')
WARNING - 2023-11-28 00:54:23 --> [DEPRECATED] number_format(): Passing null to parameter #1 ($num) of type float is deprecated in APPPATH\Views\admin\v_index.php on line 19.
 1 APPPATH\Views\admin\v_index.php(19): number_format(null, 0, ',', '.')
 2 SYSTEMPATH\View\View.php(226): include('C:\\Users\\Aceng\\Documents\\Belajar Website\\CI4\\E-Keuangan\\app\\Views\\admin\\v_index.php')
 3 SYSTEMPATH\View\View.php(229): CodeIgniter\View\View->CodeIgniter\View\{closure}()
 4 SYSTEMPATH\Common.php(1174): CodeIgniter\View\View->render('admin/v_index', [], true)
 5 APPPATH\Controllers\Bismillah.php(42): view('admin/v_index', [...])
 6 SYSTEMPATH\CodeIgniter.php(932): App\Controllers\Bismillah->index()
 7 SYSTEMPATH\CodeIgniter.php(497): CodeIgniter\CodeIgniter->runController(Object(App\Controllers\Bismillah))
 8 SYSTEMPATH\CodeIgniter.php(366): CodeIgniter\CodeIgniter->handleRequest(null, Object(Config\Cache), false)
 9 FCPATH\index.php(67): CodeIgniter\CodeIgniter->run()
10 SYSTEMPATH\Commands\Server\rewrite.php(47): require_once('C:\\Users\\Aceng\\Documents\\Belajar Website\\CI4\\E-Keuangan\\public\\index.php')
WARNING - 2023-11-28 00:54:23 --> [DEPRECATED] number_format(): Passing null to parameter #1 ($num) of type float is deprecated in APPPATH\Views\admin\v_index.php on line 94.
 1 APPPATH\Views\admin\v_index.php(94): number_format(null, 0, ',', '.')
 2 SYSTEMPATH\View\View.php(226): include('C:\\Users\\Aceng\\Documents\\Belajar Website\\CI4\\E-Keuangan\\app\\Views\\admin\\v_index.php')
 3 SYSTEMPATH\View\View.php(229): CodeIgniter\View\View->CodeIgniter\View\{closure}()
 4 SYSTEMPATH\Common.php(1174): CodeIgniter\View\View->render('admin/v_index', [], true)
 5 APPPATH\Controllers\Bismillah.php(42): view('admin/v_index', [...])
 6 SYSTEMPATH\CodeIgniter.php(932): App\Controllers\Bismillah->index()
 7 SYSTEMPATH\CodeIgniter.php(497): CodeIgniter\CodeIgniter->runController(Object(App\Controllers\Bismillah))
 8 SYSTEMPATH\CodeIgniter.php(366): CodeIgniter\CodeIgniter->handleRequest(null, Object(Config\Cache), false)
 9 FCPATH\index.php(67): CodeIgniter\CodeIgniter->run()
10 SYSTEMPATH\Commands\Server\rewrite.php(47): require_once('C:\\Users\\Aceng\\Documents\\Belajar Website\\CI4\\E-Keuangan\\public\\index.php')
CRITICAL - 2023-11-28 00:55:10 --> Undefined variable $jenis
in APPPATH\Views\admin\v_laporan.php on line 64.
 1 APPPATH\Views\admin\v_laporan.php(64): CodeIgniter\Debug\Exceptions->errorHandler(2, 'Undefined variable $jenis', 'C:\\Users\\Aceng\\Documents\\Belajar Website\\CI4\\E-Keuangan\\app\\Views\\admin\\v_laporan.php', 64)
 2 SYSTEMPATH\View\View.php(226): include('C:\\Users\\Aceng\\Documents\\Belajar Website\\CI4\\E-Keuangan\\app\\Views\\admin\\v_laporan.php')
 3 SYSTEMPATH\View\View.php(229): CodeIgniter\View\View->CodeIgniter\View\{closure}()
 4 SYSTEMPATH\Common.php(1174): CodeIgniter\View\View->render('admin/v_laporan', [], true)
 5 APPPATH\Controllers\Bismillah.php(167): view('admin/v_laporan', [...])
 6 SYSTEMPATH\CodeIgniter.php(932): App\Controllers\Bismillah->viewLaporan()
 7 SYSTEMPATH\CodeIgniter.php(497): CodeIgniter\CodeIgniter->runController(Object(App\Controllers\Bismillah))
 8 SYSTEMPATH\CodeIgniter.php(366): CodeIgniter\CodeIgniter->handleRequest(null, Object(Config\Cache), false)
 9 FCPATH\index.php(67): CodeIgniter\CodeIgniter->run()
10 SYSTEMPATH\Commands\Server\rewrite.php(47): require_once('C:\\Users\\Aceng\\Documents\\Belajar Website\\CI4\\E-Keuangan\\public\\index.php')
CRITICAL - 2023-11-28 01:32:02 --> syntax error, unexpected token "}", expecting variable
in APPPATH\Models\TransaksiModel.php on line 71.
 1 SYSTEMPATH\Autoloader\Autoloader.php(291): CodeIgniter\Autoloader\Autoloader->includeFile('C:\\Users\\Aceng\\Documents\\Belajar Website\\CI4\\E-Keuangan\\app\\Models\\TransaksiModel.php')
 2 SYSTEMPATH\Autoloader\Autoloader.php(269): CodeIgniter\Autoloader\Autoloader->loadInNamespace('App\\Models\\TransaksiModel')
 3 APPPATH\Controllers\Bismillah.php(26): CodeIgniter\Autoloader\Autoloader->loadClass('App\\Models\\TransaksiModel')
 4 SYSTEMPATH\CodeIgniter.php(904): App\Controllers\Bismillah->__construct()
 5 SYSTEMPATH\CodeIgniter.php(488): CodeIgniter\CodeIgniter->createController()
 6 SYSTEMPATH\CodeIgniter.php(366): CodeIgniter\CodeIgniter->handleRequest(null, Object(Config\Cache), false)
 7 FCPATH\index.php(67): CodeIgniter\CodeIgniter->run()
 8 SYSTEMPATH\Commands\Server\rewrite.php(47): require_once('C:\\Users\\Aceng\\Documents\\Belajar Website\\CI4\\E-Keuangan\\public\\index.php')
CRITICAL - 2023-11-28 01:37:50 --> Maximum execution time of 60 seconds exceeded
in SYSTEMPATH\Database\MySQLi\Connection.php on line 296.
 1 [internal function]: CodeIgniter\Debug\Exceptions->shutdownHandler()
ERROR - 2023-11-28 01:37:58 --> Error connecting to the database: mysqli_sql_exception: No connection could be made because the target machine actively refused it in C:\Users\Aceng\Documents\Belajar Website\CI4\E-Keuangan\system\Database\MySQLi\Connection.php:173
Stack trace:
#0 C:\Users\Aceng\Documents\Belajar Website\CI4\E-Keuangan\system\Database\MySQLi\Connection.php(173): mysqli->real_connect('localhost', 'root', Object(SensitiveParameterValue), 'e-keuangan', 3306, '', 0)
#1 C:\Users\Aceng\Documents\Belajar Website\CI4\E-Keuangan\system\Database\BaseConnection.php(391): CodeIgniter\Database\MySQLi\Connection->connect(false)
#2 C:\Users\Aceng\Documents\Belajar Website\CI4\E-Keuangan\system\Database\BaseConnection.php(574): CodeIgniter\Database\BaseConnection->initialize()
#3 C:\Users\Aceng\Documents\Belajar Website\CI4\E-Keuangan\app\Models\TransaksiModel.php(32): CodeIgniter\Database\BaseConnection->query('SELECT SUM(pema...')
#4 C:\Users\Aceng\Documents\Belajar Website\CI4\E-Keuangan\app\Controllers\Bismillah.php(35): App\Models\TransaksiModel->pmsHariIni()
#5 C:\Users\Aceng\Documents\Belajar Website\CI4\E-Keuangan\system\CodeIgniter.php(932): App\Controllers\Bismillah->index()
#6 C:\Users\Aceng\Documents\Belajar Website\CI4\E-Keuangan\system\CodeIgniter.php(497): CodeIgniter\CodeIgniter->runController(Object(App\Controllers\Bismillah))
#7 C:\Users\Aceng\Documents\Belajar Website\CI4\E-Keuangan\system\CodeIgniter.php(366): CodeIgniter\CodeIgniter->handleRequest(NULL, Object(Config\Cache), false)
#8 C:\Users\Aceng\Documents\Belajar Website\CI4\E-Keuangan\public\index.php(67): CodeIgniter\CodeIgniter->run()
#9 C:\Users\Aceng\Documents\Belajar Website\CI4\E-Keuangan\system\Commands\Server\rewrite.php(47): require_once('C:\\Users\\Aceng\\...')
#10 {main}

Next CodeIgniter\Database\Exceptions\DatabaseException: No connection could be made because the target machine actively refused it in C:\Users\Aceng\Documents\Belajar Website\CI4\E-Keuangan\system\Database\MySQLi\Connection.php:218
Stack trace:
#0 C:\Users\Aceng\Documents\Belajar Website\CI4\E-Keuangan\system\Database\BaseConnection.php(391): CodeIgniter\Database\MySQLi\Connection->connect(false)
#1 C:\Users\Aceng\Documents\Belajar Website\CI4\E-Keuangan\system\Database\BaseConnection.php(574): CodeIgniter\Database\BaseConnection->initialize()
#2 C:\Users\Aceng\Documents\Belajar Website\CI4\E-Keuangan\app\Models\TransaksiModel.php(32): CodeIgniter\Database\BaseConnection->query('SELECT SUM(pema...')
#3 C:\Users\Aceng\Documents\Belajar Website\CI4\E-Keuangan\app\Controllers\Bismillah.php(35): App\Models\TransaksiModel->pmsHariIni()
#4 C:\Users\Aceng\Documents\Belajar Website\CI4\E-Keuangan\system\CodeIgniter.php(932): App\Controllers\Bismillah->index()
#5 C:\Users\Aceng\Documents\Belajar Website\CI4\E-Keuangan\system\CodeIgniter.php(497): CodeIgniter\CodeIgniter->runController(Object(App\Controllers\Bismillah))
#6 C:\Users\Aceng\Documents\Belajar Website\CI4\E-Keuangan\system\CodeIgniter.php(366): CodeIgniter\CodeIgniter->handleRequest(NULL, Object(Config\Cache), false)
#7 C:\Users\Aceng\Documents\Belajar Website\CI4\E-Keuangan\public\index.php(67): CodeIgniter\CodeIgniter->run()
#8 C:\Users\Aceng\Documents\Belajar Website\CI4\E-Keuangan\system\Commands\Server\rewrite.php(47): require_once('C:\\Users\\Aceng\\...')
#9 {main}
CRITICAL - 2023-11-28 01:37:58 --> Unable to connect to the database.
Main connection [MySQLi]: No connection could be made because the target machine actively refused it
in SYSTEMPATH\Database\BaseConnection.php on line 427.
 1 SYSTEMPATH\Database\BaseConnection.php(574): CodeIgniter\Database\BaseConnection->initialize()
 2 APPPATH\Models\TransaksiModel.php(32): CodeIgniter\Database\BaseConnection->query('SELECT SUM(pemasukan) as pmsHariIni from tb_transaksi WHERE tgl_transaksi = \'2023-11-28\' ')
 3 APPPATH\Controllers\Bismillah.php(35): App\Models\TransaksiModel->pmsHariIni()
 4 SYSTEMPATH\CodeIgniter.php(932): App\Controllers\Bismillah->index()
 5 SYSTEMPATH\CodeIgniter.php(497): CodeIgniter\CodeIgniter->runController(Object(App\Controllers\Bismillah))
 6 SYSTEMPATH\CodeIgniter.php(366): CodeIgniter\CodeIgniter->handleRequest(null, Object(Config\Cache), false)
 7 FCPATH\index.php(67): CodeIgniter\CodeIgniter->run()
 8 SYSTEMPATH\Commands\Server\rewrite.php(47): require_once('C:\\Users\\Aceng\\Documents\\Belajar Website\\CI4\\E-Keuangan\\public\\index.php')
ERROR - 2023-11-28 01:38:02 --> Error connecting to the database: mysqli_sql_exception: No connection could be made because the target machine actively refused it in C:\Users\Aceng\Documents\Belajar Website\CI4\E-Keuangan\system\Database\MySQLi\Connection.php:173
Stack trace:
#0 C:\Users\Aceng\Documents\Belajar Website\CI4\E-Keuangan\system\Database\MySQLi\Connection.php(173): mysqli->real_connect('localhost', 'root', Object(SensitiveParameterValue), 'e-keuangan', 3306, '', 0)
#1 C:\Users\Aceng\Documents\Belajar Website\CI4\E-Keuangan\system\Database\BaseConnection.php(391): CodeIgniter\Database\MySQLi\Connection->connect(false)
#2 C:\Users\Aceng\Documents\Belajar Website\CI4\E-Keuangan\system\Database\BaseConnection.php(574): CodeIgniter\Database\BaseConnection->initialize()
#3 C:\Users\Aceng\Documents\Belajar Website\CI4\E-Keuangan\app\Models\TransaksiModel.php(32): CodeIgniter\Database\BaseConnection->query('SELECT SUM(pema...')
#4 C:\Users\Aceng\Documents\Belajar Website\CI4\E-Keuangan\app\Controllers\Bismillah.php(35): App\Models\TransaksiModel->pmsHariIni()
#5 C:\Users\Aceng\Documents\Belajar Website\CI4\E-Keuangan\system\CodeIgniter.php(932): App\Controllers\Bismillah->index()
#6 C:\Users\Aceng\Documents\Belajar Website\CI4\E-Keuangan\system\CodeIgniter.php(497): CodeIgniter\CodeIgniter->runController(Object(App\Controllers\Bismillah))
#7 C:\Users\Aceng\Documents\Belajar Website\CI4\E-Keuangan\system\CodeIgniter.php(366): CodeIgniter\CodeIgniter->handleRequest(NULL, Object(Config\Cache), false)
#8 C:\Users\Aceng\Documents\Belajar Website\CI4\E-Keuangan\public\index.php(67): CodeIgniter\CodeIgniter->run()
#9 C:\Users\Aceng\Documents\Belajar Website\CI4\E-Keuangan\system\Commands\Server\rewrite.php(47): require_once('C:\\Users\\Aceng\\...')
#10 {main}

Next CodeIgniter\Database\Exceptions\DatabaseException: No connection could be made because the target machine actively refused it in C:\Users\Aceng\Documents\Belajar Website\CI4\E-Keuangan\system\Database\MySQLi\Connection.php:218
Stack trace:
#0 C:\Users\Aceng\Documents\Belajar Website\CI4\E-Keuangan\system\Database\BaseConnection.php(391): CodeIgniter\Database\MySQLi\Connection->connect(false)
#1 C:\Users\Aceng\Documents\Belajar Website\CI4\E-Keuangan\system\Database\BaseConnection.php(574): CodeIgniter\Database\BaseConnection->initialize()
#2 C:\Users\Aceng\Documents\Belajar Website\CI4\E-Keuangan\app\Models\TransaksiModel.php(32): CodeIgniter\Database\BaseConnection->query('SELECT SUM(pema...')
#3 C:\Users\Aceng\Documents\Belajar Website\CI4\E-Keuangan\app\Controllers\Bismillah.php(35): App\Models\TransaksiModel->pmsHariIni()
#4 C:\Users\Aceng\Documents\Belajar Website\CI4\E-Keuangan\system\CodeIgniter.php(932): App\Controllers\Bismillah->index()
#5 C:\Users\Aceng\Documents\Belajar Website\CI4\E-Keuangan\system\CodeIgniter.php(497): CodeIgniter\CodeIgniter->runController(Object(App\Controllers\Bismillah))
#6 C:\Users\Aceng\Documents\Belajar Website\CI4\E-Keuangan\system\CodeIgniter.php(366): CodeIgniter\CodeIgniter->handleRequest(NULL, Object(Config\Cache), false)
#7 C:\Users\Aceng\Documents\Belajar Website\CI4\E-Keuangan\public\index.php(67): CodeIgniter\CodeIgniter->run()
#8 C:\Users\Aceng\Documents\Belajar Website\CI4\E-Keuangan\system\Commands\Server\rewrite.php(47): require_once('C:\\Users\\Aceng\\...')
#9 {main}
CRITICAL - 2023-11-28 01:38:03 --> Unable to connect to the database.
Main connection [MySQLi]: No connection could be made because the target machine actively refused it
in SYSTEMPATH\Database\BaseConnection.php on line 427.
 1 SYSTEMPATH\Database\BaseConnection.php(574): CodeIgniter\Database\BaseConnection->initialize()
 2 APPPATH\Models\TransaksiModel.php(32): CodeIgniter\Database\BaseConnection->query('SELECT SUM(pemasukan) as pmsHariIni from tb_transaksi WHERE tgl_transaksi = \'2023-11-28\' ')
 3 APPPATH\Controllers\Bismillah.php(35): App\Models\TransaksiModel->pmsHariIni()
 4 SYSTEMPATH\CodeIgniter.php(932): App\Controllers\Bismillah->index()
 5 SYSTEMPATH\CodeIgniter.php(497): CodeIgniter\CodeIgniter->runController(Object(App\Controllers\Bismillah))
 6 SYSTEMPATH\CodeIgniter.php(366): CodeIgniter\CodeIgniter->handleRequest(null, Object(Config\Cache), false)
 7 FCPATH\index.php(67): CodeIgniter\CodeIgniter->run()
 8 SYSTEMPATH\Commands\Server\rewrite.php(47): require_once('C:\\Users\\Aceng\\Documents\\Belajar Website\\CI4\\E-Keuangan\\public\\index.php')
CRITICAL - 2023-11-28 06:26:43 --> Undefined array key "kategori_id"
in APPPATH\Controllers\Bismillah.php on line 64.
 1 APPPATH\Controllers\Bismillah.php(64): CodeIgniter\Debug\Exceptions->errorHandler(2, 'Undefined array key "kategori_id"', 'C:\\Users\\Aceng\\Documents\\Belajar Website\\CI4\\E-Keuangan\\app\\Controllers\\Bismillah.php', 64)
 2 SYSTEMPATH\CodeIgniter.php(932): App\Controllers\Bismillah->getAllTransaksi()
 3 SYSTEMPATH\CodeIgniter.php(497): CodeIgniter\CodeIgniter->runController(Object(App\Controllers\Bismillah))
 4 SYSTEMPATH\CodeIgniter.php(366): CodeIgniter\CodeIgniter->handleRequest(null, Object(Config\Cache), false)
 5 FCPATH\index.php(67): CodeIgniter\CodeIgniter->run()
 6 SYSTEMPATH\Commands\Server\rewrite.php(47): require_once('C:\\Users\\Aceng\\Documents\\Belajar Website\\CI4\\E-Keuangan\\public\\index.php')
CRITICAL - 2023-11-28 07:00:24 --> Undefined variable $kategori
in APPPATH\Views\admin\v_laporan.php on line 36.
 1 APPPATH\Views\admin\v_laporan.php(36): CodeIgniter\Debug\Exceptions->errorHandler(2, 'Undefined variable $kategori', 'C:\\Users\\Aceng\\Documents\\Belajar Website\\CI4\\E-Keuangan\\app\\Views\\admin\\v_laporan.php', 36)
 2 SYSTEMPATH\View\View.php(226): include('C:\\Users\\Aceng\\Documents\\Belajar Website\\CI4\\E-Keuangan\\app\\Views\\admin\\v_laporan.php')
 3 SYSTEMPATH\View\View.php(229): CodeIgniter\View\View->CodeIgniter\View\{closure}()
 4 SYSTEMPATH\Common.php(1174): CodeIgniter\View\View->render('admin/v_laporan', [], true)
 5 APPPATH\Controllers\Bismillah.php(256): view('admin/v_laporan', [...])
 6 SYSTEMPATH\CodeIgniter.php(932): App\Controllers\Bismillah->viewKategori()
 7 SYSTEMPATH\CodeIgniter.php(497): CodeIgniter\CodeIgniter->runController(Object(App\Controllers\Bismillah))
 8 SYSTEMPATH\CodeIgniter.php(366): CodeIgniter\CodeIgniter->handleRequest(null, Object(Config\Cache), false)
 9 FCPATH\index.php(67): CodeIgniter\CodeIgniter->run()
10 SYSTEMPATH\Commands\Server\rewrite.php(47): require_once('C:\\Users\\Aceng\\Documents\\Belajar Website\\CI4\\E-Keuangan\\public\\index.php')
CRITICAL - 2023-11-28 07:01:58 --> Undefined variable $kategori
in APPPATH\Views\admin\v_laporan.php on line 36.
 1 APPPATH\Views\admin\v_laporan.php(36): CodeIgniter\Debug\Exceptions->errorHandler(2, 'Undefined variable $kategori', 'C:\\Users\\Aceng\\Documents\\Belajar Website\\CI4\\E-Keuangan\\app\\Views\\admin\\v_laporan.php', 36)
 2 SYSTEMPATH\View\View.php(226): include('C:\\Users\\Aceng\\Documents\\Belajar Website\\CI4\\E-Keuangan\\app\\Views\\admin\\v_laporan.php')
 3 SYSTEMPATH\View\View.php(229): CodeIgniter\View\View->CodeIgniter\View\{closure}()
 4 SYSTEMPATH\Common.php(1174): CodeIgniter\View\View->render('admin/v_laporan', [], true)
 5 APPPATH\Controllers\Bismillah.php(256): view('admin/v_laporan', [...])
 6 SYSTEMPATH\CodeIgniter.php(932): App\Controllers\Bismillah->viewKategori()
 7 SYSTEMPATH\CodeIgniter.php(497): CodeIgniter\CodeIgniter->runController(Object(App\Controllers\Bismillah))
 8 SYSTEMPATH\CodeIgniter.php(366): CodeIgniter\CodeIgniter->handleRequest(null, Object(Config\Cache), false)
 9 FCPATH\index.php(67): CodeIgniter\CodeIgniter->run()
10 SYSTEMPATH\Commands\Server\rewrite.php(47): require_once('C:\\Users\\Aceng\\Documents\\Belajar Website\\CI4\\E-Keuangan\\public\\index.php')
CRITICAL - 2023-11-28 07:02:07 --> Undefined variable $kategori
in APPPATH\Views\admin\v_laporan.php on line 36.
 1 APPPATH\Views\admin\v_laporan.php(36): CodeIgniter\Debug\Exceptions->errorHandler(2, 'Undefined variable $kategori', 'C:\\Users\\Aceng\\Documents\\Belajar Website\\CI4\\E-Keuangan\\app\\Views\\admin\\v_laporan.php', 36)
 2 SYSTEMPATH\View\View.php(226): include('C:\\Users\\Aceng\\Documents\\Belajar Website\\CI4\\E-Keuangan\\app\\Views\\admin\\v_laporan.php')
 3 SYSTEMPATH\View\View.php(229): CodeIgniter\View\View->CodeIgniter\View\{closure}()
 4 SYSTEMPATH\Common.php(1174): CodeIgniter\View\View->render('admin/v_laporan', [], true)
 5 APPPATH\Controllers\Bismillah.php(256): view('admin/v_laporan', [...])
 6 SYSTEMPATH\CodeIgniter.php(932): App\Controllers\Bismillah->viewKategori()
 7 SYSTEMPATH\CodeIgniter.php(497): CodeIgniter\CodeIgniter->runController(Object(App\Controllers\Bismillah))
 8 SYSTEMPATH\CodeIgniter.php(366): CodeIgniter\CodeIgniter->handleRequest(null, Object(Config\Cache), false)
 9 FCPATH\index.php(67): CodeIgniter\CodeIgniter->run()
10 SYSTEMPATH\Commands\Server\rewrite.php(47): require_once('C:\\Users\\Aceng\\Documents\\Belajar Website\\CI4\\E-Keuangan\\public\\index.php')
CRITICAL - 2023-11-28 07:25:54 --> Undefined array key "jenis"
in APPPATH\Controllers\Bismillah.php on line 272.
 1 APPPATH\Controllers\Bismillah.php(272): CodeIgniter\Debug\Exceptions->errorHandler(2, 'Undefined array key "jenis"', 'C:\\Users\\Aceng\\Documents\\Belajar Website\\CI4\\E-Keuangan\\app\\Controllers\\Bismillah.php', 272)
 2 SYSTEMPATH\CodeIgniter.php(932): App\Controllers\Bismillah->getAllKategori()
 3 SYSTEMPATH\CodeIgniter.php(497): CodeIgniter\CodeIgniter->runController(Object(App\Controllers\Bismillah))
 4 SYSTEMPATH\CodeIgniter.php(366): CodeIgniter\CodeIgniter->handleRequest(null, Object(Config\Cache), false)
 5 FCPATH\index.php(67): CodeIgniter\CodeIgniter->run()
 6 SYSTEMPATH\Commands\Server\rewrite.php(47): require_once('C:\\Users\\Aceng\\Documents\\Belajar Website\\CI4\\E-Keuangan\\public\\index.php')
CRITICAL - 2023-11-28 07:26:07 --> Undefined array key "jenis"
in APPPATH\Controllers\Bismillah.php on line 272.
 1 APPPATH\Controllers\Bismillah.php(272): CodeIgniter\Debug\Exceptions->errorHandler(2, 'Undefined array key "jenis"', 'C:\\Users\\Aceng\\Documents\\Belajar Website\\CI4\\E-Keuangan\\app\\Controllers\\Bismillah.php', 272)
 2 SYSTEMPATH\CodeIgniter.php(932): App\Controllers\Bismillah->getAllKategori()
 3 SYSTEMPATH\CodeIgniter.php(497): CodeIgniter\CodeIgniter->runController(Object(App\Controllers\Bismillah))
 4 SYSTEMPATH\CodeIgniter.php(366): CodeIgniter\CodeIgniter->handleRequest(null, Object(Config\Cache), false)
 5 FCPATH\index.php(67): CodeIgniter\CodeIgniter->run()
 6 SYSTEMPATH\Commands\Server\rewrite.php(47): require_once('C:\\Users\\Aceng\\Documents\\Belajar Website\\CI4\\E-Keuangan\\public\\index.php')
CRITICAL - 2023-11-28 08:02:58 --> Call to undefined method App\Models\JenisModel::allJenis
in SYSTEMPATH\Model.php on line 873.
 1 APPPATH\Controllers\Bismillah.php(397): CodeIgniter\Model->__call('allJenis', [])
 2 SYSTEMPATH\CodeIgniter.php(932): App\Controllers\Bismillah->getAllJenis()
 3 SYSTEMPATH\CodeIgniter.php(497): CodeIgniter\CodeIgniter->runController(Object(App\Controllers\Bismillah))
 4 SYSTEMPATH\CodeIgniter.php(366): CodeIgniter\CodeIgniter->handleRequest(null, Object(Config\Cache), false)
 5 FCPATH\index.php(67): CodeIgniter\CodeIgniter->run()
 6 SYSTEMPATH\Commands\Server\rewrite.php(47): require_once('C:\\Users\\Aceng\\Documents\\Belajar Website\\CI4\\E-Keuangan\\public\\index.php')
CRITICAL - 2023-11-28 08:03:23 --> Undefined array key "id_kategori"
in APPPATH\Controllers\Bismillah.php on line 401.
 1 APPPATH\Controllers\Bismillah.php(401): CodeIgniter\Debug\Exceptions->errorHandler(2, 'Undefined array key "id_kategori"', 'C:\\Users\\Aceng\\Documents\\Belajar Website\\CI4\\E-Keuangan\\app\\Controllers\\Bismillah.php', 401)
 2 SYSTEMPATH\CodeIgniter.php(932): App\Controllers\Bismillah->getAllJenis()
 3 SYSTEMPATH\CodeIgniter.php(497): CodeIgniter\CodeIgniter->runController(Object(App\Controllers\Bismillah))
 4 SYSTEMPATH\CodeIgniter.php(366): CodeIgniter\CodeIgniter->handleRequest(null, Object(Config\Cache), false)
 5 FCPATH\index.php(67): CodeIgniter\CodeIgniter->run()
 6 SYSTEMPATH\Commands\Server\rewrite.php(47): require_once('C:\\Users\\Aceng\\Documents\\Belajar Website\\CI4\\E-Keuangan\\public\\index.php')
CRITICAL - 2023-11-28 08:03:31 --> Undefined array key "id_kategori"
in APPPATH\Controllers\Bismillah.php on line 401.
 1 APPPATH\Controllers\Bismillah.php(401): CodeIgniter\Debug\Exceptions->errorHandler(2, 'Undefined array key "id_kategori"', 'C:\\Users\\Aceng\\Documents\\Belajar Website\\CI4\\E-Keuangan\\app\\Controllers\\Bismillah.php', 401)
 2 SYSTEMPATH\CodeIgniter.php(932): App\Controllers\Bismillah->getAllJenis()
 3 SYSTEMPATH\CodeIgniter.php(497): CodeIgniter\CodeIgniter->runController(Object(App\Controllers\Bismillah))
 4 SYSTEMPATH\CodeIgniter.php(366): CodeIgniter\CodeIgniter->handleRequest(null, Object(Config\Cache), false)
 5 FCPATH\index.php(67): CodeIgniter\CodeIgniter->run()
 6 SYSTEMPATH\Commands\Server\rewrite.php(47): require_once('C:\\Users\\Aceng\\Documents\\Belajar Website\\CI4\\E-Keuangan\\public\\index.php')
ERROR - 2023-11-28 08:06:24 --> mysqli_sql_exception: Unknown column 'jenis' in 'field list' in C:\Users\Aceng\Documents\Belajar Website\CI4\E-Keuangan\system\Database\MySQLi\Connection.php:295
Stack trace:
#0 C:\Users\Aceng\Documents\Belajar Website\CI4\E-Keuangan\system\Database\MySQLi\Connection.php(295): mysqli->query('INSERT INTO `tb...', 0)
#1 C:\Users\Aceng\Documents\Belajar Website\CI4\E-Keuangan\system\Database\BaseConnection.php(692): CodeIgniter\Database\MySQLi\Connection->execute('INSERT INTO `tb...')
#2 C:\Users\Aceng\Documents\Belajar Website\CI4\E-Keuangan\system\Database\BaseConnection.php(606): CodeIgniter\Database\BaseConnection->simpleQuery('INSERT INTO `tb...')
#3 C:\Users\Aceng\Documents\Belajar Website\CI4\E-Keuangan\system\Database\BaseBuilder.php(2309): CodeIgniter\Database\BaseConnection->query('INSERT INTO `tb...', Array, false)
#4 C:\Users\Aceng\Documents\Belajar Website\CI4\E-Keuangan\app\Models\KategoriModel.php(30): CodeIgniter\Database\BaseBuilder->insert(Array)
#5 C:\Users\Aceng\Documents\Belajar Website\CI4\E-Keuangan\app\Controllers\Bismillah.php(440): App\Models\KategoriModel->createKategori(Array)
#6 C:\Users\Aceng\Documents\Belajar Website\CI4\E-Keuangan\system\CodeIgniter.php(932): App\Controllers\Bismillah->createJenis()
#7 C:\Users\Aceng\Documents\Belajar Website\CI4\E-Keuangan\system\CodeIgniter.php(497): CodeIgniter\CodeIgniter->runController(Object(App\Controllers\Bismillah))
#8 C:\Users\Aceng\Documents\Belajar Website\CI4\E-Keuangan\system\CodeIgniter.php(366): CodeIgniter\CodeIgniter->handleRequest(NULL, Object(Config\Cache), false)
#9 C:\Users\Aceng\Documents\Belajar Website\CI4\E-Keuangan\public\index.php(67): CodeIgniter\CodeIgniter->run()
#10 C:\Users\Aceng\Documents\Belajar Website\CI4\E-Keuangan\system\Commands\Server\rewrite.php(47): require_once('C:\\Users\\Aceng\\...')
#11 {main}
CRITICAL - 2023-11-28 08:06:24 --> Unknown column 'jenis' in 'field list'
in SYSTEMPATH\Database\MySQLi\Connection.php on line 295.
 1 SYSTEMPATH\Database\MySQLi\Connection.php(295): mysqli->query('INSERT INTO `tb_kategori` (`jenis`) VALUES (\'a\')', 0)
 2 SYSTEMPATH\Database\BaseConnection.php(692): CodeIgniter\Database\MySQLi\Connection->execute('INSERT INTO `tb_kategori` (`jenis`) VALUES (\'a\')')
 3 SYSTEMPATH\Database\BaseConnection.php(606): CodeIgniter\Database\BaseConnection->simpleQuery('INSERT INTO `tb_kategori` (`jenis`) VALUES (\'a\')')
 4 SYSTEMPATH\Database\BaseBuilder.php(2309): CodeIgniter\Database\BaseConnection->query('INSERT INTO `tb_kategori` (`jenis`) VALUES (:jenis:)', [...], false)
 5 APPPATH\Models\KategoriModel.php(30): CodeIgniter\Database\BaseBuilder->insert([...])
 6 APPPATH\Controllers\Bismillah.php(440): App\Models\KategoriModel->createKategori([...])
 7 SYSTEMPATH\CodeIgniter.php(932): App\Controllers\Bismillah->createJenis()
 8 SYSTEMPATH\CodeIgniter.php(497): CodeIgniter\CodeIgniter->runController(Object(App\Controllers\Bismillah))
 9 SYSTEMPATH\CodeIgniter.php(366): CodeIgniter\CodeIgniter->handleRequest(null, Object(Config\Cache), false)
10 FCPATH\index.php(67): CodeIgniter\CodeIgniter->run()
11 SYSTEMPATH\Commands\Server\rewrite.php(47): require_once('C:\\Users\\Aceng\\Documents\\Belajar Website\\CI4\\E-Keuangan\\public\\index.php')
ERROR - 2023-11-28 08:07:52 --> mysqli_sql_exception: Unknown column 'jenis' in 'field list' in C:\Users\Aceng\Documents\Belajar Website\CI4\E-Keuangan\system\Database\MySQLi\Connection.php:295
Stack trace:
#0 C:\Users\Aceng\Documents\Belajar Website\CI4\E-Keuangan\system\Database\MySQLi\Connection.php(295): mysqli->query('INSERT INTO `tb...', 0)
#1 C:\Users\Aceng\Documents\Belajar Website\CI4\E-Keuangan\system\Database\BaseConnection.php(692): CodeIgniter\Database\MySQLi\Connection->execute('INSERT INTO `tb...')
#2 C:\Users\Aceng\Documents\Belajar Website\CI4\E-Keuangan\system\Database\BaseConnection.php(606): CodeIgniter\Database\BaseConnection->simpleQuery('INSERT INTO `tb...')
#3 C:\Users\Aceng\Documents\Belajar Website\CI4\E-Keuangan\system\Database\BaseBuilder.php(2309): CodeIgniter\Database\BaseConnection->query('INSERT INTO `tb...', Array, false)
#4 C:\Users\Aceng\Documents\Belajar Website\CI4\E-Keuangan\app\Models\KategoriModel.php(30): CodeIgniter\Database\BaseBuilder->insert(Array)
#5 C:\Users\Aceng\Documents\Belajar Website\CI4\E-Keuangan\app\Controllers\Bismillah.php(440): App\Models\KategoriModel->createKategori(Array)
#6 C:\Users\Aceng\Documents\Belajar Website\CI4\E-Keuangan\system\CodeIgniter.php(932): App\Controllers\Bismillah->createJenis()
#7 C:\Users\Aceng\Documents\Belajar Website\CI4\E-Keuangan\system\CodeIgniter.php(497): CodeIgniter\CodeIgniter->runController(Object(App\Controllers\Bismillah))
#8 C:\Users\Aceng\Documents\Belajar Website\CI4\E-Keuangan\system\CodeIgniter.php(366): CodeIgniter\CodeIgniter->handleRequest(NULL, Object(Config\Cache), false)
#9 C:\Users\Aceng\Documents\Belajar Website\CI4\E-Keuangan\public\index.php(67): CodeIgniter\CodeIgniter->run()
#10 C:\Users\Aceng\Documents\Belajar Website\CI4\E-Keuangan\system\Commands\Server\rewrite.php(47): require_once('C:\\Users\\Aceng\\...')
#11 {main}
CRITICAL - 2023-11-28 08:07:52 --> Unknown column 'jenis' in 'field list'
in SYSTEMPATH\Database\MySQLi\Connection.php on line 295.
 1 SYSTEMPATH\Database\MySQLi\Connection.php(295): mysqli->query('INSERT INTO `tb_kategori` (`jenis`) VALUES (\'a\')', 0)
 2 SYSTEMPATH\Database\BaseConnection.php(692): CodeIgniter\Database\MySQLi\Connection->execute('INSERT INTO `tb_kategori` (`jenis`) VALUES (\'a\')')
 3 SYSTEMPATH\Database\BaseConnection.php(606): CodeIgniter\Database\BaseConnection->simpleQuery('INSERT INTO `tb_kategori` (`jenis`) VALUES (\'a\')')
 4 SYSTEMPATH\Database\BaseBuilder.php(2309): CodeIgniter\Database\BaseConnection->query('INSERT INTO `tb_kategori` (`jenis`) VALUES (:jenis:)', [...], false)
 5 APPPATH\Models\KategoriModel.php(30): CodeIgniter\Database\BaseBuilder->insert([...])
 6 APPPATH\Controllers\Bismillah.php(440): App\Models\KategoriModel->createKategori([...])
 7 SYSTEMPATH\CodeIgniter.php(932): App\Controllers\Bismillah->createJenis()
 8 SYSTEMPATH\CodeIgniter.php(497): CodeIgniter\CodeIgniter->runController(Object(App\Controllers\Bismillah))
 9 SYSTEMPATH\CodeIgniter.php(366): CodeIgniter\CodeIgniter->handleRequest(null, Object(Config\Cache), false)
10 FCPATH\index.php(67): CodeIgniter\CodeIgniter->run()
11 SYSTEMPATH\Commands\Server\rewrite.php(47): require_once('C:\\Users\\Aceng\\Documents\\Belajar Website\\CI4\\E-Keuangan\\public\\index.php')
ERROR - 2023-11-28 08:08:00 --> mysqli_sql_exception: Unknown column 'jenis' in 'field list' in C:\Users\Aceng\Documents\Belajar Website\CI4\E-Keuangan\system\Database\MySQLi\Connection.php:295
Stack trace:
#0 C:\Users\Aceng\Documents\Belajar Website\CI4\E-Keuangan\system\Database\MySQLi\Connection.php(295): mysqli->query('INSERT INTO `tb...', 0)
#1 C:\Users\Aceng\Documents\Belajar Website\CI4\E-Keuangan\system\Database\BaseConnection.php(692): CodeIgniter\Database\MySQLi\Connection->execute('INSERT INTO `tb...')
#2 C:\Users\Aceng\Documents\Belajar Website\CI4\E-Keuangan\system\Database\BaseConnection.php(606): CodeIgniter\Database\BaseConnection->simpleQuery('INSERT INTO `tb...')
#3 C:\Users\Aceng\Documents\Belajar Website\CI4\E-Keuangan\system\Database\BaseBuilder.php(2309): CodeIgniter\Database\BaseConnection->query('INSERT INTO `tb...', Array, false)
#4 C:\Users\Aceng\Documents\Belajar Website\CI4\E-Keuangan\app\Models\KategoriModel.php(30): CodeIgniter\Database\BaseBuilder->insert(Array)
#5 C:\Users\Aceng\Documents\Belajar Website\CI4\E-Keuangan\app\Controllers\Bismillah.php(440): App\Models\KategoriModel->createKategori(Array)
#6 C:\Users\Aceng\Documents\Belajar Website\CI4\E-Keuangan\system\CodeIgniter.php(932): App\Controllers\Bismillah->createJenis()
#7 C:\Users\Aceng\Documents\Belajar Website\CI4\E-Keuangan\system\CodeIgniter.php(497): CodeIgniter\CodeIgniter->runController(Object(App\Controllers\Bismillah))
#8 C:\Users\Aceng\Documents\Belajar Website\CI4\E-Keuangan\system\CodeIgniter.php(366): CodeIgniter\CodeIgniter->handleRequest(NULL, Object(Config\Cache), false)
#9 C:\Users\Aceng\Documents\Belajar Website\CI4\E-Keuangan\public\index.php(67): CodeIgniter\CodeIgniter->run()
#10 C:\Users\Aceng\Documents\Belajar Website\CI4\E-Keuangan\system\Commands\Server\rewrite.php(47): require_once('C:\\Users\\Aceng\\...')
#11 {main}
CRITICAL - 2023-11-28 08:08:00 --> Unknown column 'jenis' in 'field list'
in SYSTEMPATH\Database\MySQLi\Connection.php on line 295.
 1 SYSTEMPATH\Database\MySQLi\Connection.php(295): mysqli->query('INSERT INTO `tb_kategori` (`jenis`) VALUES (\'a\')', 0)
 2 SYSTEMPATH\Database\BaseConnection.php(692): CodeIgniter\Database\MySQLi\Connection->execute('INSERT INTO `tb_kategori` (`jenis`) VALUES (\'a\')')
 3 SYSTEMPATH\Database\BaseConnection.php(606): CodeIgniter\Database\BaseConnection->simpleQuery('INSERT INTO `tb_kategori` (`jenis`) VALUES (\'a\')')
 4 SYSTEMPATH\Database\BaseBuilder.php(2309): CodeIgniter\Database\BaseConnection->query('INSERT INTO `tb_kategori` (`jenis`) VALUES (:jenis:)', [...], false)
 5 APPPATH\Models\KategoriModel.php(30): CodeIgniter\Database\BaseBuilder->insert([...])
 6 APPPATH\Controllers\Bismillah.php(440): App\Models\KategoriModel->createKategori([...])
 7 SYSTEMPATH\CodeIgniter.php(932): App\Controllers\Bismillah->createJenis()
 8 SYSTEMPATH\CodeIgniter.php(497): CodeIgniter\CodeIgniter->runController(Object(App\Controllers\Bismillah))
 9 SYSTEMPATH\CodeIgniter.php(366): CodeIgniter\CodeIgniter->handleRequest(null, Object(Config\Cache), false)
10 FCPATH\index.php(67): CodeIgniter\CodeIgniter->run()
11 SYSTEMPATH\Commands\Server\rewrite.php(47): require_once('C:\\Users\\Aceng\\Documents\\Belajar Website\\CI4\\E-Keuangan\\public\\index.php')
ERROR - 2023-11-28 10:57:18 --> mysqli_sql_exception: Unknown column 'tb_transaksi.kategori_id' in 'on clause' in C:\Users\Aceng\Documents\Belajar Website\CI4\E-Keuangan\system\Database\MySQLi\Connection.php:295
Stack trace:
#0 C:\Users\Aceng\Documents\Belajar Website\CI4\E-Keuangan\system\Database\MySQLi\Connection.php(295): mysqli->query('SELECT tb_trans...', 0)
#1 C:\Users\Aceng\Documents\Belajar Website\CI4\E-Keuangan\system\Database\BaseConnection.php(692): CodeIgniter\Database\MySQLi\Connection->execute('SELECT tb_trans...')
#2 C:\Users\Aceng\Documents\Belajar Website\CI4\E-Keuangan\system\Database\BaseConnection.php(606): CodeIgniter\Database\BaseConnection->simpleQuery('SELECT tb_trans...')
#3 C:\Users\Aceng\Documents\Belajar Website\CI4\E-Keuangan\app\Models\TransaksiModel.php(74): CodeIgniter\Database\BaseConnection->query('SELECT tb_trans...')
#4 C:\Users\Aceng\Documents\Belajar Website\CI4\E-Keuangan\app\Controllers\Bismillah.php(176): App\Models\TransaksiModel->filterTransaksi(NULL, NULL, NULL)
#5 C:\Users\Aceng\Documents\Belajar Website\CI4\E-Keuangan\system\CodeIgniter.php(932): App\Controllers\Bismillah->filterLaporan()
#6 C:\Users\Aceng\Documents\Belajar Website\CI4\E-Keuangan\system\CodeIgniter.php(497): CodeIgniter\CodeIgniter->runController(Object(App\Controllers\Bismillah))
#7 C:\Users\Aceng\Documents\Belajar Website\CI4\E-Keuangan\system\CodeIgniter.php(366): CodeIgniter\CodeIgniter->handleRequest(NULL, Object(Config\Cache), false)
#8 C:\Users\Aceng\Documents\Belajar Website\CI4\E-Keuangan\public\index.php(67): CodeIgniter\CodeIgniter->run()
#9 C:\Users\Aceng\Documents\Belajar Website\CI4\E-Keuangan\system\Commands\Server\rewrite.php(47): require_once('C:\\Users\\Aceng\\...')
#10 {main}
CRITICAL - 2023-11-28 10:57:18 --> Unknown column 'tb_transaksi.kategori_id' in 'on clause'
in SYSTEMPATH\Database\MySQLi\Connection.php on line 295.
 1 SYSTEMPATH\Database\MySQLi\Connection.php(295): mysqli->query('SELECT tb_transaksi.*, tb_kategori.kategori AS kategori FROM tb_transaksi LEFT JOIN tb_kategori ON tb_transaksi.kategori_id = tb_kategori.id_kategori WHERE tgl_transaksi BETWEEN \'\' AND \'\'', 0)
 2 SYSTEMPATH\Database\BaseConnection.php(692): CodeIgniter\Database\MySQLi\Connection->execute('SELECT tb_transaksi.*, tb_kategori.kategori AS kategori FROM tb_transaksi LEFT JOIN tb_kategori ON tb_transaksi.kategori_id = tb_kategori.id_kategori WHERE tgl_transaksi BETWEEN \'\' AND \'\'')
 3 SYSTEMPATH\Database\BaseConnection.php(606): CodeIgniter\Database\BaseConnection->simpleQuery('SELECT tb_transaksi.*, tb_kategori.kategori AS kategori FROM tb_transaksi LEFT JOIN tb_kategori ON tb_transaksi.kategori_id = tb_kategori.id_kategori WHERE tgl_transaksi BETWEEN \'\' AND \'\'')
 4 APPPATH\Models\TransaksiModel.php(74): CodeIgniter\Database\BaseConnection->query('SELECT tb_transaksi.*, tb_kategori.kategori AS kategori FROM tb_transaksi LEFT JOIN tb_kategori ON tb_transaksi.kategori_id = tb_kategori.id_kategori WHERE tgl_transaksi BETWEEN \'\' AND \'\'')
 5 APPPATH\Controllers\Bismillah.php(176): App\Models\TransaksiModel->filterTransaksi(null, null, null)
 6 SYSTEMPATH\CodeIgniter.php(932): App\Controllers\Bismillah->filterLaporan()
 7 SYSTEMPATH\CodeIgniter.php(497): CodeIgniter\CodeIgniter->runController(Object(App\Controllers\Bismillah))
 8 SYSTEMPATH\CodeIgniter.php(366): CodeIgniter\CodeIgniter->handleRequest(null, Object(Config\Cache), false)
 9 FCPATH\index.php(67): CodeIgniter\CodeIgniter->run()
10 SYSTEMPATH\Commands\Server\rewrite.php(47): require_once('C:\\Users\\Aceng\\Documents\\Belajar Website\\CI4\\E-Keuangan\\public\\index.php')
ERROR - 2023-11-28 12:35:18 --> mysqli_sql_exception: You have an error in your SQL syntax; check the manual that corresponds to your MariaDB server version for the right syntax to use near 'WHERE kategori = 'Kas Bulanan' AND tgl_transaksi BETWEEN '2023-11-01' AND '20...' at line 1 in C:\Users\Aceng\Documents\Belajar Website\CI4\E-Keuangan\system\Database\MySQLi\Connection.php:295
Stack trace:
#0 C:\Users\Aceng\Documents\Belajar Website\CI4\E-Keuangan\system\Database\MySQLi\Connection.php(295): mysqli->query('SELECT * FROM W...', 0)
#1 C:\Users\Aceng\Documents\Belajar Website\CI4\E-Keuangan\system\Database\BaseConnection.php(692): CodeIgniter\Database\MySQLi\Connection->execute('SELECT * FROM W...')
#2 C:\Users\Aceng\Documents\Belajar Website\CI4\E-Keuangan\system\Database\BaseConnection.php(606): CodeIgniter\Database\BaseConnection->simpleQuery('SELECT * FROM W...')
#3 C:\Users\Aceng\Documents\Belajar Website\CI4\E-Keuangan\app\Models\TransaksiModel.php(77): CodeIgniter\Database\BaseConnection->query('SELECT * FROM W...')
#4 C:\Users\Aceng\Documents\Belajar Website\CI4\E-Keuangan\app\Controllers\Bismillah.php(181): App\Models\TransaksiModel->filterTransaksi('2023-11-01', '2023-11-30', 'Kas Bulanan')
#5 C:\Users\Aceng\Documents\Belajar Website\CI4\E-Keuangan\system\CodeIgniter.php(932): App\Controllers\Bismillah->filterLaporan()
#6 C:\Users\Aceng\Documents\Belajar Website\CI4\E-Keuangan\system\CodeIgniter.php(497): CodeIgniter\CodeIgniter->runController(Object(App\Controllers\Bismillah))
#7 C:\Users\Aceng\Documents\Belajar Website\CI4\E-Keuangan\system\CodeIgniter.php(366): CodeIgniter\CodeIgniter->handleRequest(NULL, Object(Config\Cache), false)
#8 C:\Users\Aceng\Documents\Belajar Website\CI4\E-Keuangan\public\index.php(67): CodeIgniter\CodeIgniter->run()
#9 C:\Users\Aceng\Documents\Belajar Website\CI4\E-Keuangan\system\Commands\Server\rewrite.php(47): require_once('C:\\Users\\Aceng\\...')
#10 {main}
CRITICAL - 2023-11-28 12:35:18 --> You have an error in your SQL syntax; check the manual that corresponds to your MariaDB server version for the right syntax to use near 'WHERE kategori = 'Kas Bulanan' AND tgl_transaksi BETWEEN '2023-11-01' AND '20...' at line 1
in SYSTEMPATH\Database\MySQLi\Connection.php on line 295.
 1 SYSTEMPATH\Database\MySQLi\Connection.php(295): mysqli->query('SELECT * FROM WHERE kategori = \'Kas Bulanan\' AND tgl_transaksi BETWEEN \'2023-11-01\' AND \'2023-11-30\'', 0)
 2 SYSTEMPATH\Database\BaseConnection.php(692): CodeIgniter\Database\MySQLi\Connection->execute('SELECT * FROM WHERE kategori = \'Kas Bulanan\' AND tgl_transaksi BETWEEN \'2023-11-01\' AND \'2023-11-30\'')
 3 SYSTEMPATH\Database\BaseConnection.php(606): CodeIgniter\Database\BaseConnection->simpleQuery('SELECT * FROM WHERE kategori = \'Kas Bulanan\' AND tgl_transaksi BETWEEN \'2023-11-01\' AND \'2023-11-30\'')
 4 APPPATH\Models\TransaksiModel.php(77): CodeIgniter\Database\BaseConnection->query('SELECT * FROM WHERE kategori = \'Kas Bulanan\' AND tgl_transaksi BETWEEN \'2023-11-01\' AND \'2023-11-30\'')
 5 APPPATH\Controllers\Bismillah.php(181): App\Models\TransaksiModel->filterTransaksi('2023-11-01', '2023-11-30', 'Kas Bulanan')
 6 SYSTEMPATH\CodeIgniter.php(932): App\Controllers\Bismillah->filterLaporan()
 7 SYSTEMPATH\CodeIgniter.php(497): CodeIgniter\CodeIgniter->runController(Object(App\Controllers\Bismillah))
 8 SYSTEMPATH\CodeIgniter.php(366): CodeIgniter\CodeIgniter->handleRequest(null, Object(Config\Cache), false)
 9 FCPATH\index.php(67): CodeIgniter\CodeIgniter->run()
10 SYSTEMPATH\Commands\Server\rewrite.php(47): require_once('C:\\Users\\Aceng\\Documents\\Belajar Website\\CI4\\E-Keuangan\\public\\index.php')
CRITICAL - 2023-11-28 12:37:51 --> Cannot access offset of type string on string
in APPPATH\Controllers\Bismillah.php on line 232.
 1 SYSTEMPATH\CodeIgniter.php(932): App\Controllers\Bismillah->filterLaporan()
 2 SYSTEMPATH\CodeIgniter.php(497): CodeIgniter\CodeIgniter->runController(Object(App\Controllers\Bismillah))
 3 SYSTEMPATH\CodeIgniter.php(366): CodeIgniter\CodeIgniter->handleRequest(null, Object(Config\Cache), false)
 4 FCPATH\index.php(67): CodeIgniter\CodeIgniter->run()
 5 SYSTEMPATH\Commands\Server\rewrite.php(47): require_once('C:\\Users\\Aceng\\Documents\\Belajar Website\\CI4\\E-Keuangan\\public\\index.php')
CRITICAL - 2023-11-28 12:38:10 --> Cannot access offset of type string on string
in APPPATH\Controllers\Bismillah.php on line 232.
 1 SYSTEMPATH\CodeIgniter.php(932): App\Controllers\Bismillah->filterLaporan()
 2 SYSTEMPATH\CodeIgniter.php(497): CodeIgniter\CodeIgniter->runController(Object(App\Controllers\Bismillah))
 3 SYSTEMPATH\CodeIgniter.php(366): CodeIgniter\CodeIgniter->handleRequest(null, Object(Config\Cache), false)
 4 FCPATH\index.php(67): CodeIgniter\CodeIgniter->run()
 5 SYSTEMPATH\Commands\Server\rewrite.php(47): require_once('C:\\Users\\Aceng\\Documents\\Belajar Website\\CI4\\E-Keuangan\\public\\index.php')
CRITICAL - 2023-11-28 12:39:14 --> Cannot access offset of type string on string
in APPPATH\Controllers\Bismillah.php on line 232.
 1 SYSTEMPATH\CodeIgniter.php(932): App\Controllers\Bismillah->filterLaporan()
 2 SYSTEMPATH\CodeIgniter.php(497): CodeIgniter\CodeIgniter->runController(Object(App\Controllers\Bismillah))
 3 SYSTEMPATH\CodeIgniter.php(366): CodeIgniter\CodeIgniter->handleRequest(null, Object(Config\Cache), false)
 4 FCPATH\index.php(67): CodeIgniter\CodeIgniter->run()
 5 SYSTEMPATH\Commands\Server\rewrite.php(47): require_once('C:\\Users\\Aceng\\Documents\\Belajar Website\\CI4\\E-Keuangan\\public\\index.php')
ERROR - 2023-11-28 12:39:27 --> mysqli_sql_exception: You have an error in your SQL syntax; check the manual that corresponds to your MariaDB server version for the right syntax to use near 'WHERE kategori = 'Kas Bulanan' AND tgl_transaksi BETWEEN '2023-11-01' AND '20...' at line 1 in C:\Users\Aceng\Documents\Belajar Website\CI4\E-Keuangan\system\Database\MySQLi\Connection.php:295
Stack trace:
#0 C:\Users\Aceng\Documents\Belajar Website\CI4\E-Keuangan\system\Database\MySQLi\Connection.php(295): mysqli->query('SELECT * FROM W...', 0)
#1 C:\Users\Aceng\Documents\Belajar Website\CI4\E-Keuangan\system\Database\BaseConnection.php(692): CodeIgniter\Database\MySQLi\Connection->execute('SELECT * FROM W...')
#2 C:\Users\Aceng\Documents\Belajar Website\CI4\E-Keuangan\system\Database\BaseConnection.php(606): CodeIgniter\Database\BaseConnection->simpleQuery('SELECT * FROM W...')
#3 C:\Users\Aceng\Documents\Belajar Website\CI4\E-Keuangan\app\Models\TransaksiModel.php(77): CodeIgniter\Database\BaseConnection->query('SELECT * FROM W...')
#4 C:\Users\Aceng\Documents\Belajar Website\CI4\E-Keuangan\app\Controllers\Bismillah.php(181): App\Models\TransaksiModel->filterTransaksi('2023-11-01', '2023-11-30', 'Kas Bulanan')
#5 C:\Users\Aceng\Documents\Belajar Website\CI4\E-Keuangan\system\CodeIgniter.php(932): App\Controllers\Bismillah->filterLaporan()
#6 C:\Users\Aceng\Documents\Belajar Website\CI4\E-Keuangan\system\CodeIgniter.php(497): CodeIgniter\CodeIgniter->runController(Object(App\Controllers\Bismillah))
#7 C:\Users\Aceng\Documents\Belajar Website\CI4\E-Keuangan\system\CodeIgniter.php(366): CodeIgniter\CodeIgniter->handleRequest(NULL, Object(Config\Cache), false)
#8 C:\Users\Aceng\Documents\Belajar Website\CI4\E-Keuangan\public\index.php(67): CodeIgniter\CodeIgniter->run()
#9 C:\Users\Aceng\Documents\Belajar Website\CI4\E-Keuangan\system\Commands\Server\rewrite.php(47): require_once('C:\\Users\\Aceng\\...')
#10 {main}
CRITICAL - 2023-11-28 12:39:27 --> You have an error in your SQL syntax; check the manual that corresponds to your MariaDB server version for the right syntax to use near 'WHERE kategori = 'Kas Bulanan' AND tgl_transaksi BETWEEN '2023-11-01' AND '20...' at line 1
in SYSTEMPATH\Database\MySQLi\Connection.php on line 295.
 1 SYSTEMPATH\Database\MySQLi\Connection.php(295): mysqli->query('SELECT * FROM WHERE kategori = \'Kas Bulanan\' AND tgl_transaksi BETWEEN \'2023-11-01\' AND \'2023-11-30\'', 0)
 2 SYSTEMPATH\Database\BaseConnection.php(692): CodeIgniter\Database\MySQLi\Connection->execute('SELECT * FROM WHERE kategori = \'Kas Bulanan\' AND tgl_transaksi BETWEEN \'2023-11-01\' AND \'2023-11-30\'')
 3 SYSTEMPATH\Database\BaseConnection.php(606): CodeIgniter\Database\BaseConnection->simpleQuery('SELECT * FROM WHERE kategori = \'Kas Bulanan\' AND tgl_transaksi BETWEEN \'2023-11-01\' AND \'2023-11-30\'')
 4 APPPATH\Models\TransaksiModel.php(77): CodeIgniter\Database\BaseConnection->query('SELECT * FROM WHERE kategori = \'Kas Bulanan\' AND tgl_transaksi BETWEEN \'2023-11-01\' AND \'2023-11-30\'')
 5 APPPATH\Controllers\Bismillah.php(181): App\Models\TransaksiModel->filterTransaksi('2023-11-01', '2023-11-30', 'Kas Bulanan')
 6 SYSTEMPATH\CodeIgniter.php(932): App\Controllers\Bismillah->filterLaporan()
 7 SYSTEMPATH\CodeIgniter.php(497): CodeIgniter\CodeIgniter->runController(Object(App\Controllers\Bismillah))
 8 SYSTEMPATH\CodeIgniter.php(366): CodeIgniter\CodeIgniter->handleRequest(null, Object(Config\Cache), false)
 9 FCPATH\index.php(67): CodeIgniter\CodeIgniter->run()
10 SYSTEMPATH\Commands\Server\rewrite.php(47): require_once('C:\\Users\\Aceng\\Documents\\Belajar Website\\CI4\\E-Keuangan\\public\\index.php')
ERROR - 2023-11-28 12:40:47 --> mysqli_sql_exception: You have an error in your SQL syntax; check the manual that corresponds to your MariaDB server version for the right syntax to use near 'WHERE kategori = Kas Bulanan AND tgl_transaksi BETWEEN 2023-11-01 AND 2023-11-30' at line 1 in C:\Users\Aceng\Documents\Belajar Website\CI4\E-Keuangan\system\Database\MySQLi\Connection.php:295
Stack trace:
#0 C:\Users\Aceng\Documents\Belajar Website\CI4\E-Keuangan\system\Database\MySQLi\Connection.php(295): mysqli->query('SELECT * FROM W...', 0)
#1 C:\Users\Aceng\Documents\Belajar Website\CI4\E-Keuangan\system\Database\BaseConnection.php(692): CodeIgniter\Database\MySQLi\Connection->execute('SELECT * FROM W...')
#2 C:\Users\Aceng\Documents\Belajar Website\CI4\E-Keuangan\system\Database\BaseConnection.php(606): CodeIgniter\Database\BaseConnection->simpleQuery('SELECT * FROM W...')
#3 C:\Users\Aceng\Documents\Belajar Website\CI4\E-Keuangan\app\Models\TransaksiModel.php(77): CodeIgniter\Database\BaseConnection->query('SELECT * FROM W...')
#4 C:\Users\Aceng\Documents\Belajar Website\CI4\E-Keuangan\app\Controllers\Bismillah.php(181): App\Models\TransaksiModel->filterTransaksi('2023-11-01', '2023-11-30', 'Kas Bulanan')
#5 C:\Users\Aceng\Documents\Belajar Website\CI4\E-Keuangan\system\CodeIgniter.php(932): App\Controllers\Bismillah->filterLaporan()
#6 C:\Users\Aceng\Documents\Belajar Website\CI4\E-Keuangan\system\CodeIgniter.php(497): CodeIgniter\CodeIgniter->runController(Object(App\Controllers\Bismillah))
#7 C:\Users\Aceng\Documents\Belajar Website\CI4\E-Keuangan\system\CodeIgniter.php(366): CodeIgniter\CodeIgniter->handleRequest(NULL, Object(Config\Cache), false)
#8 C:\Users\Aceng\Documents\Belajar Website\CI4\E-Keuangan\public\index.php(67): CodeIgniter\CodeIgniter->run()
#9 C:\Users\Aceng\Documents\Belajar Website\CI4\E-Keuangan\system\Commands\Server\rewrite.php(47): require_once('C:\\Users\\Aceng\\...')
#10 {main}
CRITICAL - 2023-11-28 12:40:47 --> You have an error in your SQL syntax; check the manual that corresponds to your MariaDB server version for the right syntax to use near 'WHERE kategori = Kas Bulanan AND tgl_transaksi BETWEEN 2023-11-01 AND 2023-11-30' at line 1
in SYSTEMPATH\Database\MySQLi\Connection.php on line 295.
 1 SYSTEMPATH\Database\MySQLi\Connection.php(295): mysqli->query('SELECT * FROM WHERE kategori = Kas Bulanan AND tgl_transaksi BETWEEN 2023-11-01 AND 2023-11-30', 0)
 2 SYSTEMPATH\Database\BaseConnection.php(692): CodeIgniter\Database\MySQLi\Connection->execute('SELECT * FROM WHERE kategori = Kas Bulanan AND tgl_transaksi BETWEEN 2023-11-01 AND 2023-11-30')
 3 SYSTEMPATH\Database\BaseConnection.php(606): CodeIgniter\Database\BaseConnection->simpleQuery('SELECT * FROM WHERE kategori = Kas Bulanan AND tgl_transaksi BETWEEN 2023-11-01 AND 2023-11-30')
 4 APPPATH\Models\TransaksiModel.php(77): CodeIgniter\Database\BaseConnection->query('SELECT * FROM WHERE kategori = Kas Bulanan AND tgl_transaksi BETWEEN 2023-11-01 AND 2023-11-30')
 5 APPPATH\Controllers\Bismillah.php(181): App\Models\TransaksiModel->filterTransaksi('2023-11-01', '2023-11-30', 'Kas Bulanan')
 6 SYSTEMPATH\CodeIgniter.php(932): App\Controllers\Bismillah->filterLaporan()
 7 SYSTEMPATH\CodeIgniter.php(497): CodeIgniter\CodeIgniter->runController(Object(App\Controllers\Bismillah))
 8 SYSTEMPATH\CodeIgniter.php(366): CodeIgniter\CodeIgniter->handleRequest(null, Object(Config\Cache), false)
 9 FCPATH\index.php(67): CodeIgniter\CodeIgniter->run()
10 SYSTEMPATH\Commands\Server\rewrite.php(47): require_once('C:\\Users\\Aceng\\Documents\\Belajar Website\\CI4\\E-Keuangan\\public\\index.php')
CRITICAL - 2023-11-28 12:46:59 --> Cannot access offset of type string on string
in APPPATH\Controllers\Bismillah.php on line 232.
 1 SYSTEMPATH\CodeIgniter.php(932): App\Controllers\Bismillah->filterLaporan()
 2 SYSTEMPATH\CodeIgniter.php(497): CodeIgniter\CodeIgniter->runController(Object(App\Controllers\Bismillah))
 3 SYSTEMPATH\CodeIgniter.php(366): CodeIgniter\CodeIgniter->handleRequest(null, Object(Config\Cache), false)
 4 FCPATH\index.php(67): CodeIgniter\CodeIgniter->run()
 5 SYSTEMPATH\Commands\Server\rewrite.php(47): require_once('C:\\Users\\Aceng\\Documents\\Belajar Website\\CI4\\E-Keuangan\\public\\index.php')
CRITICAL - 2023-11-28 13:46:30 --> Unparenthesized `a ? b : c ? d : e` is not supported. Use either `(a ? b : c) ? d : e` or `a ? b : (c ? d : e)`
in APPPATH\Controllers\Bismillah.php on line 221.
 1 [internal function]: CodeIgniter\Debug\Exceptions->shutdownHandler()
CRITICAL - 2023-11-28 13:51:51 --> Undefined variable $40000
in APPPATH\Controllers\Bismillah.php on line 244.
 1 APPPATH\Controllers\Bismillah.php(244): CodeIgniter\Debug\Exceptions->errorHandler(2, 'Undefined variable $40000', 'C:\\Users\\Aceng\\Documents\\Belajar Website\\CI4\\E-Keuangan\\app\\Controllers\\Bismillah.php', 244)
 2 SYSTEMPATH\CodeIgniter.php(932): App\Controllers\Bismillah->filterLaporan()
 3 SYSTEMPATH\CodeIgniter.php(497): CodeIgniter\CodeIgniter->runController(Object(App\Controllers\Bismillah))
 4 SYSTEMPATH\CodeIgniter.php(366): CodeIgniter\CodeIgniter->handleRequest(null, Object(Config\Cache), false)
 5 FCPATH\index.php(67): CodeIgniter\CodeIgniter->run()
 6 SYSTEMPATH\Commands\Server\rewrite.php(47): require_once('C:\\Users\\Aceng\\Documents\\Belajar Website\\CI4\\E-Keuangan\\public\\index.php')
CRITICAL - 2023-11-28 13:52:18 --> Undefined variable $520000
in APPPATH\Controllers\Bismillah.php on line 244.
 1 APPPATH\Controllers\Bismillah.php(244): CodeIgniter\Debug\Exceptions->errorHandler(2, 'Undefined variable $520000', 'C:\\Users\\Aceng\\Documents\\Belajar Website\\CI4\\E-Keuangan\\app\\Controllers\\Bismillah.php', 244)
 2 SYSTEMPATH\CodeIgniter.php(932): App\Controllers\Bismillah->filterLaporan()
 3 SYSTEMPATH\CodeIgniter.php(497): CodeIgniter\CodeIgniter->runController(Object(App\Controllers\Bismillah))
 4 SYSTEMPATH\CodeIgniter.php(366): CodeIgniter\CodeIgniter->handleRequest(null, Object(Config\Cache), false)
 5 FCPATH\index.php(67): CodeIgniter\CodeIgniter->run()
 6 SYSTEMPATH\Commands\Server\rewrite.php(47): require_once('C:\\Users\\Aceng\\Documents\\Belajar Website\\CI4\\E-Keuangan\\public\\index.php')
WARNING - 2023-11-28 14:08:36 --> [DEPRECATED] number_format(): Passing null to parameter #1 ($num) of type float is deprecated in APPPATH\Controllers\Bismillah.php on line 238.
 1 APPPATH\Controllers\Bismillah.php(238): number_format(null, 0, ',', '.')
 2 SYSTEMPATH\CodeIgniter.php(932): App\Controllers\Bismillah->filterLaporan()
 3 SYSTEMPATH\CodeIgniter.php(497): CodeIgniter\CodeIgniter->runController(Object(App\Controllers\Bismillah))
 4 SYSTEMPATH\CodeIgniter.php(366): CodeIgniter\CodeIgniter->handleRequest(null, Object(Config\Cache), false)
 5 FCPATH\index.php(67): CodeIgniter\CodeIgniter->run()
 6 SYSTEMPATH\Commands\Server\rewrite.php(47): require_once('C:\\Users\\Aceng\\Documents\\Belajar Website\\CI4\\E-Keuangan\\public\\index.php')
WARNING - 2023-11-28 14:08:36 --> [DEPRECATED] number_format(): Passing null to parameter #1 ($num) of type float is deprecated in APPPATH\Controllers\Bismillah.php on line 239.
 1 APPPATH\Controllers\Bismillah.php(239): number_format(null, 0, ',', '.')
 2 SYSTEMPATH\CodeIgniter.php(932): App\Controllers\Bismillah->filterLaporan()
 3 SYSTEMPATH\CodeIgniter.php(497): CodeIgniter\CodeIgniter->runController(Object(App\Controllers\Bismillah))
 4 SYSTEMPATH\CodeIgniter.php(366): CodeIgniter\CodeIgniter->handleRequest(null, Object(Config\Cache), false)
 5 FCPATH\index.php(67): CodeIgniter\CodeIgniter->run()
 6 SYSTEMPATH\Commands\Server\rewrite.php(47): require_once('C:\\Users\\Aceng\\Documents\\Belajar Website\\CI4\\E-Keuangan\\public\\index.php')
WARNING - 2023-11-28 14:08:36 --> [DEPRECATED] number_format(): Passing null to parameter #1 ($num) of type float is deprecated in APPPATH\Controllers\Bismillah.php on line 238.
 1 APPPATH\Controllers\Bismillah.php(238): number_format(null, 0, ',', '.')
 2 SYSTEMPATH\CodeIgniter.php(932): App\Controllers\Bismillah->filterLaporan()
 3 SYSTEMPATH\CodeIgniter.php(497): CodeIgniter\CodeIgniter->runController(Object(App\Controllers\Bismillah))
 4 SYSTEMPATH\CodeIgniter.php(366): CodeIgniter\CodeIgniter->handleRequest(null, Object(Config\Cache), false)
 5 FCPATH\index.php(67): CodeIgniter\CodeIgniter->run()
 6 SYSTEMPATH\Commands\Server\rewrite.php(47): require_once('C:\\Users\\Aceng\\Documents\\Belajar Website\\CI4\\E-Keuangan\\public\\index.php')
WARNING - 2023-11-28 14:08:36 --> [DEPRECATED] number_format(): Passing null to parameter #1 ($num) of type float is deprecated in APPPATH\Controllers\Bismillah.php on line 239.
 1 APPPATH\Controllers\Bismillah.php(239): number_format(null, 0, ',', '.')
 2 SYSTEMPATH\CodeIgniter.php(932): App\Controllers\Bismillah->filterLaporan()
 3 SYSTEMPATH\CodeIgniter.php(497): CodeIgniter\CodeIgniter->runController(Object(App\Controllers\Bismillah))
 4 SYSTEMPATH\CodeIgniter.php(366): CodeIgniter\CodeIgniter->handleRequest(null, Object(Config\Cache), false)
 5 FCPATH\index.php(67): CodeIgniter\CodeIgniter->run()
 6 SYSTEMPATH\Commands\Server\rewrite.php(47): require_once('C:\\Users\\Aceng\\Documents\\Belajar Website\\CI4\\E-Keuangan\\public\\index.php')
WARNING - 2023-11-28 15:22:57 --> [DEPRECATED] number_format(): Passing null to parameter #1 ($num) of type float is deprecated in APPPATH\Controllers\Bismillah.php on line 240.
 1 APPPATH\Controllers\Bismillah.php(240): number_format(null, 0, ',', '.')
 2 SYSTEMPATH\CodeIgniter.php(932): App\Controllers\Bismillah->filterLaporan()
 3 SYSTEMPATH\CodeIgniter.php(497): CodeIgniter\CodeIgniter->runController(Object(App\Controllers\Bismillah))
 4 SYSTEMPATH\CodeIgniter.php(366): CodeIgniter\CodeIgniter->handleRequest(null, Object(Config\Cache), false)
 5 FCPATH\index.php(67): CodeIgniter\CodeIgniter->run()
 6 SYSTEMPATH\Commands\Server\rewrite.php(47): require_once('C:\\Users\\Aceng\\Documents\\Belajar Website\\CI4\\E-Keuangan\\public\\index.php')
WARNING - 2023-11-28 15:22:57 --> [DEPRECATED] number_format(): Passing null to parameter #1 ($num) of type float is deprecated in APPPATH\Controllers\Bismillah.php on line 241.
 1 APPPATH\Controllers\Bismillah.php(241): number_format(null, 0, ',', '.')
 2 SYSTEMPATH\CodeIgniter.php(932): App\Controllers\Bismillah->filterLaporan()
 3 SYSTEMPATH\CodeIgniter.php(497): CodeIgniter\CodeIgniter->runController(Object(App\Controllers\Bismillah))
 4 SYSTEMPATH\CodeIgniter.php(366): CodeIgniter\CodeIgniter->handleRequest(null, Object(Config\Cache), false)
 5 FCPATH\index.php(67): CodeIgniter\CodeIgniter->run()
 6 SYSTEMPATH\Commands\Server\rewrite.php(47): require_once('C:\\Users\\Aceng\\Documents\\Belajar Website\\CI4\\E-Keuangan\\public\\index.php')
WARNING - 2023-11-28 15:23:27 --> [DEPRECATED] number_format(): Passing null to parameter #1 ($num) of type float is deprecated in APPPATH\Controllers\Bismillah.php on line 238.
 1 APPPATH\Controllers\Bismillah.php(238): number_format(null, 0, ',', '.')
 2 SYSTEMPATH\CodeIgniter.php(932): App\Controllers\Bismillah->filterLaporan()
 3 SYSTEMPATH\CodeIgniter.php(497): CodeIgniter\CodeIgniter->runController(Object(App\Controllers\Bismillah))
 4 SYSTEMPATH\CodeIgniter.php(366): CodeIgniter\CodeIgniter->handleRequest(null, Object(Config\Cache), false)
 5 FCPATH\index.php(67): CodeIgniter\CodeIgniter->run()
 6 SYSTEMPATH\Commands\Server\rewrite.php(47): require_once('C:\\Users\\Aceng\\Documents\\Belajar Website\\CI4\\E-Keuangan\\public\\index.php')
WARNING - 2023-11-28 15:23:27 --> [DEPRECATED] number_format(): Passing null to parameter #1 ($num) of type float is deprecated in APPPATH\Controllers\Bismillah.php on line 239.
 1 APPPATH\Controllers\Bismillah.php(239): number_format(null, 0, ',', '.')
 2 SYSTEMPATH\CodeIgniter.php(932): App\Controllers\Bismillah->filterLaporan()
 3 SYSTEMPATH\CodeIgniter.php(497): CodeIgniter\CodeIgniter->runController(Object(App\Controllers\Bismillah))
 4 SYSTEMPATH\CodeIgniter.php(366): CodeIgniter\CodeIgniter->handleRequest(null, Object(Config\Cache), false)
 5 FCPATH\index.php(67): CodeIgniter\CodeIgniter->run()
 6 SYSTEMPATH\Commands\Server\rewrite.php(47): require_once('C:\\Users\\Aceng\\Documents\\Belajar Website\\CI4\\E-Keuangan\\public\\index.php')
WARNING - 2023-11-28 15:25:46 --> [DEPRECATED] number_format(): Passing null to parameter #1 ($num) of type float is deprecated in APPPATH\Controllers\Bismillah.php on line 238.
 1 APPPATH\Controllers\Bismillah.php(238): number_format(null, 0, ',', '.')
 2 SYSTEMPATH\CodeIgniter.php(932): App\Controllers\Bismillah->filterLaporan()
 3 SYSTEMPATH\CodeIgniter.php(497): CodeIgniter\CodeIgniter->runController(Object(App\Controllers\Bismillah))
 4 SYSTEMPATH\CodeIgniter.php(366): CodeIgniter\CodeIgniter->handleRequest(null, Object(Config\Cache), false)
 5 FCPATH\index.php(67): CodeIgniter\CodeIgniter->run()
 6 SYSTEMPATH\Commands\Server\rewrite.php(47): require_once('C:\\Users\\Aceng\\Documents\\Belajar Website\\CI4\\E-Keuangan\\public\\index.php')
WARNING - 2023-11-28 15:25:46 --> [DEPRECATED] number_format(): Passing null to parameter #1 ($num) of type float is deprecated in APPPATH\Controllers\Bismillah.php on line 239.
 1 APPPATH\Controllers\Bismillah.php(239): number_format(null, 0, ',', '.')
 2 SYSTEMPATH\CodeIgniter.php(932): App\Controllers\Bismillah->filterLaporan()
 3 SYSTEMPATH\CodeIgniter.php(497): CodeIgniter\CodeIgniter->runController(Object(App\Controllers\Bismillah))
 4 SYSTEMPATH\CodeIgniter.php(366): CodeIgniter\CodeIgniter->handleRequest(null, Object(Config\Cache), false)
 5 FCPATH\index.php(67): CodeIgniter\CodeIgniter->run()
 6 SYSTEMPATH\Commands\Server\rewrite.php(47): require_once('C:\\Users\\Aceng\\Documents\\Belajar Website\\CI4\\E-Keuangan\\public\\index.php')
CRITICAL - 2023-11-28 15:34:57 --> Class "App\Models\ProdiModel" not found
in APPPATH\Controllers\Auth.php on line 18.
 1 SYSTEMPATH\CodeIgniter.php(904): App\Controllers\Auth->__construct()
 2 SYSTEMPATH\CodeIgniter.php(488): CodeIgniter\CodeIgniter->createController()
 3 SYSTEMPATH\CodeIgniter.php(366): CodeIgniter\CodeIgniter->handleRequest(null, Object(Config\Cache), false)
 4 FCPATH\index.php(67): CodeIgniter\CodeIgniter->run()
 5 SYSTEMPATH\Commands\Server\rewrite.php(47): require_once('C:\\Users\\Aceng\\Documents\\Belajar Website\\CI4\\E-Keuangan\\public\\index.php')
