CRITICAL - 2023-10-12 10:46:13 --> Invalid file: "user/index.php"
in SYSTEMPATH\Exceptions\FrameworkException.php on line 39.
 1 SYSTEMPATH\View\View.php(214): CodeIgniter\Exceptions\FrameworkException::forInvalidFile('user/index.php')
 2 SYSTEMPATH\Common.php(1174): CodeIgniter\View\View->render('user/index', [], true)
 3 APPPATH\Controllers\User.php(21): view('user/index')
 4 SYSTEMPATH\CodeIgniter.php(932): App\Controllers\User->index()
 5 SYSTEMPATH\CodeIgniter.php(497): CodeIgniter\CodeIgniter->runController(Object(App\Controllers\User))
 6 SYSTEMPATH\CodeIgniter.php(366): CodeIgniter\CodeIgniter->handleRequest(null, Object(Config\Cache), false)
 7 FCPATH\index.php(67): CodeIgniter\CodeIgniter->run()
 8 SYSTEMPATH\Commands\Server\rewrite.php(47): require_once('C:\\Users\\Aceng\\Documents\\Belajar Website\\CI4\\E-Library\\public\\index.php')
ERROR - 2023-10-12 14:47:02 --> mysqli_sql_exception: Cannot add or update a child row: a foreign key constraint fails (`e-library`.`tb_buku`, CONSTRAINT `tb_buku_ibfk_2` FOREIGN KEY (`penerbit_id`) REFERENCES `tb_penerbit` (`id`) ON DELETE CASCADE ON UPDATE CASCADE) in C:\Users\Aceng\Documents\Belajar Website\CI4\E-Library\system\Database\MySQLi\Connection.php:295
Stack trace:
#0 C:\Users\Aceng\Documents\Belajar Website\CI4\E-Library\system\Database\MySQLi\Connection.php(295): mysqli->query('INSERT INTO `tb...', 0)
#1 C:\Users\Aceng\Documents\Belajar Website\CI4\E-Library\system\Database\BaseConnection.php(692): CodeIgniter\Database\MySQLi\Connection->execute('INSERT INTO `tb...')
#2 C:\Users\Aceng\Documents\Belajar Website\CI4\E-Library\system\Database\BaseConnection.php(606): CodeIgniter\Database\BaseConnection->simpleQuery('INSERT INTO `tb...')
#3 C:\Users\Aceng\Documents\Belajar Website\CI4\E-Library\system\Database\BaseBuilder.php(2309): CodeIgniter\Database\BaseConnection->query('INSERT INTO `tb...', Array, false)
#4 C:\Users\Aceng\Documents\Belajar Website\CI4\E-Library\app\Models\BukuModel.php(22): CodeIgniter\Database\BaseBuilder->insert(Array)
#5 C:\Users\Aceng\Documents\Belajar Website\CI4\E-Library\app\Controllers\Buku.php(158): App\Models\BukuModel->TambahBuku(Array)
#6 C:\Users\Aceng\Documents\Belajar Website\CI4\E-Library\system\CodeIgniter.php(932): App\Controllers\Buku->create()
#7 C:\Users\Aceng\Documents\Belajar Website\CI4\E-Library\system\CodeIgniter.php(497): CodeIgniter\CodeIgniter->runController(Object(App\Controllers\Buku))
#8 C:\Users\Aceng\Documents\Belajar Website\CI4\E-Library\system\CodeIgniter.php(366): CodeIgniter\CodeIgniter->handleRequest(NULL, Object(Config\Cache), false)
#9 C:\Users\Aceng\Documents\Belajar Website\CI4\E-Library\public\index.php(67): CodeIgniter\CodeIgniter->run()
#10 C:\Users\Aceng\Documents\Belajar Website\CI4\E-Library\system\Commands\Server\rewrite.php(47): require_once('C:\\Users\\Aceng\\...')
#11 {main}
CRITICAL - 2023-10-12 14:47:02 --> Cannot add or update a child row: a foreign key constraint fails (`e-library`.`tb_buku`, CONSTRAINT `tb_buku_ibfk_2` FOREIGN KEY (`penerbit_id`) REFERENCES `tb_penerbit` (`id`) ON DELETE CASCADE ON UPDATE CASCADE)
in SYSTEMPATH\Database\MySQLi\Connection.php on line 295.
 1 SYSTEMPATH\Database\MySQLi\Connection.php(295): mysqli->query('INSERT INTO `tb_buku` (`judul`, `kategori_id`, `penulis_id`, `penerbit_id`, `tahun_terbit`, `deskripsi`, `cover_buku`, `file_buku`) VALUES (\'Naruto\', \'5\', \'Mashashi Kishimoto\', \'Shueisha\', \'2023-10-12\', \'Naruto adalah\', \'1697122022_6ef80a3367509f89afbf.jpg\', \'1697122022_8d5c24930745930230ca.pdf\')', 0)
 2 SYSTEMPATH\Database\BaseConnection.php(692): CodeIgniter\Database\MySQLi\Connection->execute('INSERT INTO `tb_buku` (`judul`, `kategori_id`, `penulis_id`, `penerbit_id`, `tahun_terbit`, `deskripsi`, `cover_buku`, `file_buku`) VALUES (\'Naruto\', \'5\', \'Mashashi Kishimoto\', \'Shueisha\', \'2023-10-12\', \'Naruto adalah\', \'1697122022_6ef80a3367509f89afbf.jpg\', \'1697122022_8d5c24930745930230ca.pdf\')')
 3 SYSTEMPATH\Database\BaseConnection.php(606): CodeIgniter\Database\BaseConnection->simpleQuery('INSERT INTO `tb_buku` (`judul`, `kategori_id`, `penulis_id`, `penerbit_id`, `tahun_terbit`, `deskripsi`, `cover_buku`, `file_buku`) VALUES (\'Naruto\', \'5\', \'Mashashi Kishimoto\', \'Shueisha\', \'2023-10-12\', \'Naruto adalah\', \'1697122022_6ef80a3367509f89afbf.jpg\', \'1697122022_8d5c24930745930230ca.pdf\')')
 4 SYSTEMPATH\Database\BaseBuilder.php(2309): CodeIgniter\Database\BaseConnection->query('INSERT INTO `tb_buku` (`judul`, `kategori_id`, `penulis_id`, `penerbit_id`, `tahun_terbit`, `deskripsi`, `cover_buku`, `file_buku`) VALUES (:judul:, :kategori_id:, :penulis_id:, :penerbit_id:, :tahun_terbit:, :deskripsi:, :cover_buku:, :file_buku:)', [...], false)
 5 APPPATH\Models\BukuModel.php(22): CodeIgniter\Database\BaseBuilder->insert([...])
 6 APPPATH\Controllers\Buku.php(158): App\Models\BukuModel->TambahBuku([...])
 7 SYSTEMPATH\CodeIgniter.php(932): App\Controllers\Buku->create()
 8 SYSTEMPATH\CodeIgniter.php(497): CodeIgniter\CodeIgniter->runController(Object(App\Controllers\Buku))
 9 SYSTEMPATH\CodeIgniter.php(366): CodeIgniter\CodeIgniter->handleRequest(null, Object(Config\Cache), false)
10 FCPATH\index.php(67): CodeIgniter\CodeIgniter->run()
11 SYSTEMPATH\Commands\Server\rewrite.php(47): require_once('C:\\Users\\Aceng\\Documents\\Belajar Website\\CI4\\E-Library\\public\\index.php')
ERROR - 2023-10-12 14:47:08 --> mysqli_sql_exception: Cannot add or update a child row: a foreign key constraint fails (`e-library`.`tb_buku`, CONSTRAINT `tb_buku_ibfk_2` FOREIGN KEY (`penerbit_id`) REFERENCES `tb_penerbit` (`id`) ON DELETE CASCADE ON UPDATE CASCADE) in C:\Users\Aceng\Documents\Belajar Website\CI4\E-Library\system\Database\MySQLi\Connection.php:295
Stack trace:
#0 C:\Users\Aceng\Documents\Belajar Website\CI4\E-Library\system\Database\MySQLi\Connection.php(295): mysqli->query('INSERT INTO `tb...', 0)
#1 C:\Users\Aceng\Documents\Belajar Website\CI4\E-Library\system\Database\BaseConnection.php(692): CodeIgniter\Database\MySQLi\Connection->execute('INSERT INTO `tb...')
#2 C:\Users\Aceng\Documents\Belajar Website\CI4\E-Library\system\Database\BaseConnection.php(606): CodeIgniter\Database\BaseConnection->simpleQuery('INSERT INTO `tb...')
#3 C:\Users\Aceng\Documents\Belajar Website\CI4\E-Library\system\Database\BaseBuilder.php(2309): CodeIgniter\Database\BaseConnection->query('INSERT INTO `tb...', Array, false)
#4 C:\Users\Aceng\Documents\Belajar Website\CI4\E-Library\app\Models\BukuModel.php(22): CodeIgniter\Database\BaseBuilder->insert(Array)
#5 C:\Users\Aceng\Documents\Belajar Website\CI4\E-Library\app\Controllers\Buku.php(158): App\Models\BukuModel->TambahBuku(Array)
#6 C:\Users\Aceng\Documents\Belajar Website\CI4\E-Library\system\CodeIgniter.php(932): App\Controllers\Buku->create()
#7 C:\Users\Aceng\Documents\Belajar Website\CI4\E-Library\system\CodeIgniter.php(497): CodeIgniter\CodeIgniter->runController(Object(App\Controllers\Buku))
#8 C:\Users\Aceng\Documents\Belajar Website\CI4\E-Library\system\CodeIgniter.php(366): CodeIgniter\CodeIgniter->handleRequest(NULL, Object(Config\Cache), false)
#9 C:\Users\Aceng\Documents\Belajar Website\CI4\E-Library\public\index.php(67): CodeIgniter\CodeIgniter->run()
#10 C:\Users\Aceng\Documents\Belajar Website\CI4\E-Library\system\Commands\Server\rewrite.php(47): require_once('C:\\Users\\Aceng\\...')
#11 {main}
CRITICAL - 2023-10-12 14:47:08 --> Cannot add or update a child row: a foreign key constraint fails (`e-library`.`tb_buku`, CONSTRAINT `tb_buku_ibfk_2` FOREIGN KEY (`penerbit_id`) REFERENCES `tb_penerbit` (`id`) ON DELETE CASCADE ON UPDATE CASCADE)
in SYSTEMPATH\Database\MySQLi\Connection.php on line 295.
 1 SYSTEMPATH\Database\MySQLi\Connection.php(295): mysqli->query('INSERT INTO `tb_buku` (`judul`, `kategori_id`, `penulis_id`, `penerbit_id`, `tahun_terbit`, `deskripsi`, `cover_buku`, `file_buku`) VALUES (\'Naruto\', \'5\', \'Mashashi Kishimoto\', \'Shueisha\', \'2023-10-12\', \'Naruto adalah\', \'1697122028_dae5aff51143dc904d7b.jpg\', \'1697122028_062017dd3396383e201d.pdf\')', 0)
 2 SYSTEMPATH\Database\BaseConnection.php(692): CodeIgniter\Database\MySQLi\Connection->execute('INSERT INTO `tb_buku` (`judul`, `kategori_id`, `penulis_id`, `penerbit_id`, `tahun_terbit`, `deskripsi`, `cover_buku`, `file_buku`) VALUES (\'Naruto\', \'5\', \'Mashashi Kishimoto\', \'Shueisha\', \'2023-10-12\', \'Naruto adalah\', \'1697122028_dae5aff51143dc904d7b.jpg\', \'1697122028_062017dd3396383e201d.pdf\')')
 3 SYSTEMPATH\Database\BaseConnection.php(606): CodeIgniter\Database\BaseConnection->simpleQuery('INSERT INTO `tb_buku` (`judul`, `kategori_id`, `penulis_id`, `penerbit_id`, `tahun_terbit`, `deskripsi`, `cover_buku`, `file_buku`) VALUES (\'Naruto\', \'5\', \'Mashashi Kishimoto\', \'Shueisha\', \'2023-10-12\', \'Naruto adalah\', \'1697122028_dae5aff51143dc904d7b.jpg\', \'1697122028_062017dd3396383e201d.pdf\')')
 4 SYSTEMPATH\Database\BaseBuilder.php(2309): CodeIgniter\Database\BaseConnection->query('INSERT INTO `tb_buku` (`judul`, `kategori_id`, `penulis_id`, `penerbit_id`, `tahun_terbit`, `deskripsi`, `cover_buku`, `file_buku`) VALUES (:judul:, :kategori_id:, :penulis_id:, :penerbit_id:, :tahun_terbit:, :deskripsi:, :cover_buku:, :file_buku:)', [...], false)
 5 APPPATH\Models\BukuModel.php(22): CodeIgniter\Database\BaseBuilder->insert([...])
 6 APPPATH\Controllers\Buku.php(158): App\Models\BukuModel->TambahBuku([...])
 7 SYSTEMPATH\CodeIgniter.php(932): App\Controllers\Buku->create()
 8 SYSTEMPATH\CodeIgniter.php(497): CodeIgniter\CodeIgniter->runController(Object(App\Controllers\Buku))
 9 SYSTEMPATH\CodeIgniter.php(366): CodeIgniter\CodeIgniter->handleRequest(null, Object(Config\Cache), false)
10 FCPATH\index.php(67): CodeIgniter\CodeIgniter->run()
11 SYSTEMPATH\Commands\Server\rewrite.php(47): require_once('C:\\Users\\Aceng\\Documents\\Belajar Website\\CI4\\E-Library\\public\\index.php')
ERROR - 2023-10-12 14:53:12 --> mysqli_sql_exception: Unknown column 'penulis_id' in 'field list' in C:\Users\Aceng\Documents\Belajar Website\CI4\E-Library\system\Database\MySQLi\Connection.php:295
Stack trace:
#0 C:\Users\Aceng\Documents\Belajar Website\CI4\E-Library\system\Database\MySQLi\Connection.php(295): mysqli->query('INSERT INTO `tb...', 0)
#1 C:\Users\Aceng\Documents\Belajar Website\CI4\E-Library\system\Database\BaseConnection.php(692): CodeIgniter\Database\MySQLi\Connection->execute('INSERT INTO `tb...')
#2 C:\Users\Aceng\Documents\Belajar Website\CI4\E-Library\system\Database\BaseConnection.php(606): CodeIgniter\Database\BaseConnection->simpleQuery('INSERT INTO `tb...')
#3 C:\Users\Aceng\Documents\Belajar Website\CI4\E-Library\system\Database\BaseBuilder.php(2309): CodeIgniter\Database\BaseConnection->query('INSERT INTO `tb...', Array, false)
#4 C:\Users\Aceng\Documents\Belajar Website\CI4\E-Library\app\Models\BukuModel.php(22): CodeIgniter\Database\BaseBuilder->insert(Array)
#5 C:\Users\Aceng\Documents\Belajar Website\CI4\E-Library\app\Controllers\Buku.php(158): App\Models\BukuModel->TambahBuku(Array)
#6 C:\Users\Aceng\Documents\Belajar Website\CI4\E-Library\system\CodeIgniter.php(932): App\Controllers\Buku->create()
#7 C:\Users\Aceng\Documents\Belajar Website\CI4\E-Library\system\CodeIgniter.php(497): CodeIgniter\CodeIgniter->runController(Object(App\Controllers\Buku))
#8 C:\Users\Aceng\Documents\Belajar Website\CI4\E-Library\system\CodeIgniter.php(366): CodeIgniter\CodeIgniter->handleRequest(NULL, Object(Config\Cache), false)
#9 C:\Users\Aceng\Documents\Belajar Website\CI4\E-Library\public\index.php(67): CodeIgniter\CodeIgniter->run()
#10 C:\Users\Aceng\Documents\Belajar Website\CI4\E-Library\system\Commands\Server\rewrite.php(47): require_once('C:\\Users\\Aceng\\...')
#11 {main}
CRITICAL - 2023-10-12 14:53:12 --> Unknown column 'penulis_id' in 'field list'
in SYSTEMPATH\Database\MySQLi\Connection.php on line 295.
 1 SYSTEMPATH\Database\MySQLi\Connection.php(295): mysqli->query('INSERT INTO `tb_buku` (`judul`, `kategori_id`, `penulis_id`, `penerbit_id`, `tahun_terbit`, `deskripsi`, `cover_buku`, `file_buku`) VALUES (\'Naruto\', \'5\', \'Mashashi Kishimoto\', \'Shueisha\', \'2023-10-12\', \'Naruto adalah\', \'1697122392_d4224a523aab7307ba96.jpg\', \'1697122392_3eeb97c06e9d1492ff48.pdf\')', 0)
 2 SYSTEMPATH\Database\BaseConnection.php(692): CodeIgniter\Database\MySQLi\Connection->execute('INSERT INTO `tb_buku` (`judul`, `kategori_id`, `penulis_id`, `penerbit_id`, `tahun_terbit`, `deskripsi`, `cover_buku`, `file_buku`) VALUES (\'Naruto\', \'5\', \'Mashashi Kishimoto\', \'Shueisha\', \'2023-10-12\', \'Naruto adalah\', \'1697122392_d4224a523aab7307ba96.jpg\', \'1697122392_3eeb97c06e9d1492ff48.pdf\')')
 3 SYSTEMPATH\Database\BaseConnection.php(606): CodeIgniter\Database\BaseConnection->simpleQuery('INSERT INTO `tb_buku` (`judul`, `kategori_id`, `penulis_id`, `penerbit_id`, `tahun_terbit`, `deskripsi`, `cover_buku`, `file_buku`) VALUES (\'Naruto\', \'5\', \'Mashashi Kishimoto\', \'Shueisha\', \'2023-10-12\', \'Naruto adalah\', \'1697122392_d4224a523aab7307ba96.jpg\', \'1697122392_3eeb97c06e9d1492ff48.pdf\')')
 4 SYSTEMPATH\Database\BaseBuilder.php(2309): CodeIgniter\Database\BaseConnection->query('INSERT INTO `tb_buku` (`judul`, `kategori_id`, `penulis_id`, `penerbit_id`, `tahun_terbit`, `deskripsi`, `cover_buku`, `file_buku`) VALUES (:judul:, :kategori_id:, :penulis_id:, :penerbit_id:, :tahun_terbit:, :deskripsi:, :cover_buku:, :file_buku:)', [...], false)
 5 APPPATH\Models\BukuModel.php(22): CodeIgniter\Database\BaseBuilder->insert([...])
 6 APPPATH\Controllers\Buku.php(158): App\Models\BukuModel->TambahBuku([...])
 7 SYSTEMPATH\CodeIgniter.php(932): App\Controllers\Buku->create()
 8 SYSTEMPATH\CodeIgniter.php(497): CodeIgniter\CodeIgniter->runController(Object(App\Controllers\Buku))
 9 SYSTEMPATH\CodeIgniter.php(366): CodeIgniter\CodeIgniter->handleRequest(null, Object(Config\Cache), false)
10 FCPATH\index.php(67): CodeIgniter\CodeIgniter->run()
11 SYSTEMPATH\Commands\Server\rewrite.php(47): require_once('C:\\Users\\Aceng\\Documents\\Belajar Website\\CI4\\E-Library\\public\\index.php')
CRITICAL - 2023-10-12 14:57:17 --> Undefined array key "penulis_id"
in APPPATH\Controllers\Buku.php on line 45.
 1 APPPATH\Controllers\Buku.php(45): CodeIgniter\Debug\Exceptions->errorHandler(2, 'Undefined array key "penulis_id"', 'C:\\Users\\Aceng\\Documents\\Belajar Website\\CI4\\E-Library\\app\\Controllers\\Buku.php', 45)
 2 SYSTEMPATH\CodeIgniter.php(932): App\Controllers\Buku->getAll()
 3 SYSTEMPATH\CodeIgniter.php(497): CodeIgniter\CodeIgniter->runController(Object(App\Controllers\Buku))
 4 SYSTEMPATH\CodeIgniter.php(366): CodeIgniter\CodeIgniter->handleRequest(null, Object(Config\Cache), false)
 5 FCPATH\index.php(67): CodeIgniter\CodeIgniter->run()
 6 SYSTEMPATH\Commands\Server\rewrite.php(47): require_once('C:\\Users\\Aceng\\Documents\\Belajar Website\\CI4\\E-Library\\public\\index.php')
CRITICAL - 2023-10-12 15:14:18 --> Undefined array key "kategori"
in APPPATH\Views\user\buku.php on line 23.
 1 APPPATH\Views\user\buku.php(23): CodeIgniter\Debug\Exceptions->errorHandler(2, 'Undefined array key "kategori"', 'C:\\Users\\Aceng\\Documents\\Belajar Website\\CI4\\E-Library\\app\\Views\\user\\buku.php', 23)
 2 SYSTEMPATH\View\View.php(226): include('C:\\Users\\Aceng\\Documents\\Belajar Website\\CI4\\E-Library\\app\\Views\\user\\buku.php')
 3 SYSTEMPATH\View\View.php(229): CodeIgniter\View\View->CodeIgniter\View\{closure}()
 4 SYSTEMPATH\Common.php(1174): CodeIgniter\View\View->render('user/buku', [], true)
 5 APPPATH\Controllers\User.php(80): view('user/buku', [...])
 6 SYSTEMPATH\CodeIgniter.php(932): App\Controllers\User->buku()
 7 SYSTEMPATH\CodeIgniter.php(497): CodeIgniter\CodeIgniter->runController(Object(App\Controllers\User))
 8 SYSTEMPATH\CodeIgniter.php(366): CodeIgniter\CodeIgniter->handleRequest(null, Object(Config\Cache), false)
 9 FCPATH\index.php(67): CodeIgniter\CodeIgniter->run()
10 SYSTEMPATH\Commands\Server\rewrite.php(47): require_once('C:\\Users\\Aceng\\Documents\\Belajar Website\\CI4\\E-Library\\public\\index.php')
CRITICAL - 2023-10-12 15:14:32 --> Undefined array key "kategori"
in APPPATH\Views\user\buku.php on line 23.
 1 APPPATH\Views\user\buku.php(23): CodeIgniter\Debug\Exceptions->errorHandler(2, 'Undefined array key "kategori"', 'C:\\Users\\Aceng\\Documents\\Belajar Website\\CI4\\E-Library\\app\\Views\\user\\buku.php', 23)
 2 SYSTEMPATH\View\View.php(226): include('C:\\Users\\Aceng\\Documents\\Belajar Website\\CI4\\E-Library\\app\\Views\\user\\buku.php')
 3 SYSTEMPATH\View\View.php(229): CodeIgniter\View\View->CodeIgniter\View\{closure}()
 4 SYSTEMPATH\Common.php(1174): CodeIgniter\View\View->render('user/buku', [], true)
 5 APPPATH\Controllers\User.php(80): view('user/buku', [...])
 6 SYSTEMPATH\CodeIgniter.php(932): App\Controllers\User->buku()
 7 SYSTEMPATH\CodeIgniter.php(497): CodeIgniter\CodeIgniter->runController(Object(App\Controllers\User))
 8 SYSTEMPATH\CodeIgniter.php(366): CodeIgniter\CodeIgniter->handleRequest(null, Object(Config\Cache), false)
 9 FCPATH\index.php(67): CodeIgniter\CodeIgniter->run()
10 SYSTEMPATH\Commands\Server\rewrite.php(47): require_once('C:\\Users\\Aceng\\Documents\\Belajar Website\\CI4\\E-Library\\public\\index.php')
CRITICAL - 2023-10-12 15:15:13 --> Attempt to read property "kategori" on array
in APPPATH\Views\user\buku.php on line 23.
 1 APPPATH\Views\user\buku.php(23): CodeIgniter\Debug\Exceptions->errorHandler(2, 'Attempt to read property "kategori" on array', 'C:\\Users\\Aceng\\Documents\\Belajar Website\\CI4\\E-Library\\app\\Views\\user\\buku.php', 23)
 2 SYSTEMPATH\View\View.php(226): include('C:\\Users\\Aceng\\Documents\\Belajar Website\\CI4\\E-Library\\app\\Views\\user\\buku.php')
 3 SYSTEMPATH\View\View.php(229): CodeIgniter\View\View->CodeIgniter\View\{closure}()
 4 SYSTEMPATH\Common.php(1174): CodeIgniter\View\View->render('user/buku', [], true)
 5 APPPATH\Controllers\User.php(80): view('user/buku', [...])
 6 SYSTEMPATH\CodeIgniter.php(932): App\Controllers\User->buku()
 7 SYSTEMPATH\CodeIgniter.php(497): CodeIgniter\CodeIgniter->runController(Object(App\Controllers\User))
 8 SYSTEMPATH\CodeIgniter.php(366): CodeIgniter\CodeIgniter->handleRequest(null, Object(Config\Cache), false)
 9 FCPATH\index.php(67): CodeIgniter\CodeIgniter->run()
10 SYSTEMPATH\Commands\Server\rewrite.php(47): require_once('C:\\Users\\Aceng\\Documents\\Belajar Website\\CI4\\E-Library\\public\\index.php')
CRITICAL - 2023-10-12 15:15:22 --> Attempt to read property "kategori_id" on array
in APPPATH\Views\user\buku.php on line 23.
 1 APPPATH\Views\user\buku.php(23): CodeIgniter\Debug\Exceptions->errorHandler(2, 'Attempt to read property "kategori_id" on array', 'C:\\Users\\Aceng\\Documents\\Belajar Website\\CI4\\E-Library\\app\\Views\\user\\buku.php', 23)
 2 SYSTEMPATH\View\View.php(226): include('C:\\Users\\Aceng\\Documents\\Belajar Website\\CI4\\E-Library\\app\\Views\\user\\buku.php')
 3 SYSTEMPATH\View\View.php(229): CodeIgniter\View\View->CodeIgniter\View\{closure}()
 4 SYSTEMPATH\Common.php(1174): CodeIgniter\View\View->render('user/buku', [], true)
 5 APPPATH\Controllers\User.php(80): view('user/buku', [...])
 6 SYSTEMPATH\CodeIgniter.php(932): App\Controllers\User->buku()
 7 SYSTEMPATH\CodeIgniter.php(497): CodeIgniter\CodeIgniter->runController(Object(App\Controllers\User))
 8 SYSTEMPATH\CodeIgniter.php(366): CodeIgniter\CodeIgniter->handleRequest(null, Object(Config\Cache), false)
 9 FCPATH\index.php(67): CodeIgniter\CodeIgniter->run()
10 SYSTEMPATH\Commands\Server\rewrite.php(47): require_once('C:\\Users\\Aceng\\Documents\\Belajar Website\\CI4\\E-Library\\public\\index.php')
CRITICAL - 2023-10-12 15:16:09 --> Attempt to read property "judul" on array
in APPPATH\Views\user\buku.php on line 25.
 1 APPPATH\Views\user\buku.php(25): CodeIgniter\Debug\Exceptions->errorHandler(2, 'Attempt to read property "judul" on array', 'C:\\Users\\Aceng\\Documents\\Belajar Website\\CI4\\E-Library\\app\\Views\\user\\buku.php', 25)
 2 SYSTEMPATH\View\View.php(226): include('C:\\Users\\Aceng\\Documents\\Belajar Website\\CI4\\E-Library\\app\\Views\\user\\buku.php')
 3 SYSTEMPATH\View\View.php(229): CodeIgniter\View\View->CodeIgniter\View\{closure}()
 4 SYSTEMPATH\Common.php(1174): CodeIgniter\View\View->render('user/buku', [], true)
 5 APPPATH\Controllers\User.php(80): view('user/buku', [...])
 6 SYSTEMPATH\CodeIgniter.php(932): App\Controllers\User->buku()
 7 SYSTEMPATH\CodeIgniter.php(497): CodeIgniter\CodeIgniter->runController(Object(App\Controllers\User))
 8 SYSTEMPATH\CodeIgniter.php(366): CodeIgniter\CodeIgniter->handleRequest(null, Object(Config\Cache), false)
 9 FCPATH\index.php(67): CodeIgniter\CodeIgniter->run()
10 SYSTEMPATH\Commands\Server\rewrite.php(47): require_once('C:\\Users\\Aceng\\Documents\\Belajar Website\\CI4\\E-Library\\public\\index.php')
