CRITICAL - 2023-11-25 14:21:59 --> Invalid file: "admin/index.php"
in SYSTEMPATH\Exceptions\FrameworkException.php on line 39.
 1 SYSTEMPATH\View\View.php(214): CodeIgniter\Exceptions\FrameworkException::forInvalidFile('admin/index.php')
 2 SYSTEMPATH\Common.php(1174): CodeIgniter\View\View->render('admin/index', [], true)
 3 APPPATH\Controllers\Bismillah.php(32): view('admin/index', [...])
 4 SYSTEMPATH\CodeIgniter.php(932): App\Controllers\Bismillah->index()
 5 SYSTEMPATH\CodeIgniter.php(497): CodeIgniter\CodeIgniter->runController(Object(App\Controllers\Bismillah))
 6 SYSTEMPATH\CodeIgniter.php(366): CodeIgniter\CodeIgniter->handleRequest(null, Object(Config\Cache), false)
 7 FCPATH\index.php(67): CodeIgniter\CodeIgniter->run()
 8 SYSTEMPATH\Commands\Server\rewrite.php(47): require_once('C:\\Users\\Aceng\\Documents\\Belajar Website\\CI4\\E-Keuangan\\public\\index.php')
CRITICAL - 2023-11-25 14:42:24 --> Empty statement is given for the field "Select"
in SYSTEMPATH\Database\BaseBuilder.php on line 511.
 1 SYSTEMPATH\Database\BaseBuilder.php(511): CodeIgniter\Database\Exceptions\DataException::forEmptyInputGiven('Select')
 2 SYSTEMPATH\Database\BaseBuilder.php(472): CodeIgniter\Database\BaseBuilder->maxMinAvgSum('', '', 'SUM')
 3 SYSTEMPATH\Model.php(871): CodeIgniter\Database\BaseBuilder->selectSum()
 4 APPPATH\Controllers\Bismillah.php(28): CodeIgniter\Model->__call('selectSum', [])
 5 SYSTEMPATH\CodeIgniter.php(932): App\Controllers\Bismillah->index()
 6 SYSTEMPATH\CodeIgniter.php(497): CodeIgniter\CodeIgniter->runController(Object(App\Controllers\Bismillah))
 7 SYSTEMPATH\CodeIgniter.php(366): CodeIgniter\CodeIgniter->handleRequest(null, Object(Config\Cache), false)
 8 FCPATH\index.php(67): CodeIgniter\CodeIgniter->run()
 9 SYSTEMPATH\Commands\Server\rewrite.php(47): require_once('C:\\Users\\Aceng\\Documents\\Belajar Website\\CI4\\E-Keuangan\\public\\index.php')
CRITICAL - 2023-11-25 14:45:43 --> number_format(): Argument #1 ($num) must be of type float, App\Models\PemasukanModel given
in APPPATH\Views\admin\v_index.php on line 19.
 1 APPPATH\Views\admin\v_index.php(19): number_format(Object(App\Models\PemasukanModel), 0, ',', '.')
 2 SYSTEMPATH\View\View.php(226): include('C:\\Users\\Aceng\\Documents\\Belajar Website\\CI4\\E-Keuangan\\app\\Views\\admin\\v_index.php')
 3 SYSTEMPATH\View\View.php(229): CodeIgniter\View\View->CodeIgniter\View\{closure}()
 4 SYSTEMPATH\Common.php(1174): CodeIgniter\View\View->render('admin/v_index', [], true)
 5 APPPATH\Controllers\Bismillah.php(31): view('admin/v_index', [...])
 6 SYSTEMPATH\CodeIgniter.php(932): App\Controllers\Bismillah->index()
 7 SYSTEMPATH\CodeIgniter.php(497): CodeIgniter\CodeIgniter->runController(Object(App\Controllers\Bismillah))
 8 SYSTEMPATH\CodeIgniter.php(366): CodeIgniter\CodeIgniter->handleRequest(null, Object(Config\Cache), false)
 9 FCPATH\index.php(67): CodeIgniter\CodeIgniter->run()
10 SYSTEMPATH\Commands\Server\rewrite.php(47): require_once('C:\\Users\\Aceng\\Documents\\Belajar Website\\CI4\\E-Keuangan\\public\\index.php')
CRITICAL - 2023-11-25 14:45:46 --> number_format(): Argument #1 ($num) must be of type float, App\Models\PemasukanModel given
in APPPATH\Views\admin\v_index.php on line 19.
 1 APPPATH\Views\admin\v_index.php(19): number_format(Object(App\Models\PemasukanModel), 0, ',', '.')
 2 SYSTEMPATH\View\View.php(226): include('C:\\Users\\Aceng\\Documents\\Belajar Website\\CI4\\E-Keuangan\\app\\Views\\admin\\v_index.php')
 3 SYSTEMPATH\View\View.php(229): CodeIgniter\View\View->CodeIgniter\View\{closure}()
 4 SYSTEMPATH\Common.php(1174): CodeIgniter\View\View->render('admin/v_index', [], true)
 5 APPPATH\Controllers\Bismillah.php(31): view('admin/v_index', [...])
 6 SYSTEMPATH\CodeIgniter.php(932): App\Controllers\Bismillah->index()
 7 SYSTEMPATH\CodeIgniter.php(497): CodeIgniter\CodeIgniter->runController(Object(App\Controllers\Bismillah))
 8 SYSTEMPATH\CodeIgniter.php(366): CodeIgniter\CodeIgniter->handleRequest(null, Object(Config\Cache), false)
 9 FCPATH\index.php(67): CodeIgniter\CodeIgniter->run()
10 SYSTEMPATH\Commands\Server\rewrite.php(47): require_once('C:\\Users\\Aceng\\Documents\\Belajar Website\\CI4\\E-Keuangan\\public\\index.php')
CRITICAL - 2023-11-25 14:46:22 --> number_format(): Argument #1 ($num) must be of type float, App\Models\PemasukanModel given
in APPPATH\Views\admin\v_index.php on line 19.
 1 APPPATH\Views\admin\v_index.php(19): number_format(Object(App\Models\PemasukanModel), 0, ',', '.')
 2 SYSTEMPATH\View\View.php(226): include('C:\\Users\\Aceng\\Documents\\Belajar Website\\CI4\\E-Keuangan\\app\\Views\\admin\\v_index.php')
 3 SYSTEMPATH\View\View.php(229): CodeIgniter\View\View->CodeIgniter\View\{closure}()
 4 SYSTEMPATH\Common.php(1174): CodeIgniter\View\View->render('admin/v_index', [], true)
 5 APPPATH\Controllers\Bismillah.php(31): view('admin/v_index', [...])
 6 SYSTEMPATH\CodeIgniter.php(932): App\Controllers\Bismillah->index()
 7 SYSTEMPATH\CodeIgniter.php(497): CodeIgniter\CodeIgniter->runController(Object(App\Controllers\Bismillah))
 8 SYSTEMPATH\CodeIgniter.php(366): CodeIgniter\CodeIgniter->handleRequest(null, Object(Config\Cache), false)
 9 FCPATH\index.php(67): CodeIgniter\CodeIgniter->run()
10 SYSTEMPATH\Commands\Server\rewrite.php(47): require_once('C:\\Users\\Aceng\\Documents\\Belajar Website\\CI4\\E-Keuangan\\public\\index.php')
CRITICAL - 2023-11-25 14:46:24 --> number_format(): Argument #1 ($num) must be of type float, App\Models\PemasukanModel given
in APPPATH\Views\admin\v_index.php on line 19.
 1 APPPATH\Views\admin\v_index.php(19): number_format(Object(App\Models\PemasukanModel), 0, ',', '.')
 2 SYSTEMPATH\View\View.php(226): include('C:\\Users\\Aceng\\Documents\\Belajar Website\\CI4\\E-Keuangan\\app\\Views\\admin\\v_index.php')
 3 SYSTEMPATH\View\View.php(229): CodeIgniter\View\View->CodeIgniter\View\{closure}()
 4 SYSTEMPATH\Common.php(1174): CodeIgniter\View\View->render('admin/v_index', [], true)
 5 APPPATH\Controllers\Bismillah.php(31): view('admin/v_index', [...])
 6 SYSTEMPATH\CodeIgniter.php(932): App\Controllers\Bismillah->index()
 7 SYSTEMPATH\CodeIgniter.php(497): CodeIgniter\CodeIgniter->runController(Object(App\Controllers\Bismillah))
 8 SYSTEMPATH\CodeIgniter.php(366): CodeIgniter\CodeIgniter->handleRequest(null, Object(Config\Cache), false)
 9 FCPATH\index.php(67): CodeIgniter\CodeIgniter->run()
10 SYSTEMPATH\Commands\Server\rewrite.php(47): require_once('C:\\Users\\Aceng\\Documents\\Belajar Website\\CI4\\E-Keuangan\\public\\index.php')
CRITICAL - 2023-11-25 14:46:25 --> number_format(): Argument #1 ($num) must be of type float, App\Models\PemasukanModel given
in APPPATH\Views\admin\v_index.php on line 19.
 1 APPPATH\Views\admin\v_index.php(19): number_format(Object(App\Models\PemasukanModel), 0, ',', '.')
 2 SYSTEMPATH\View\View.php(226): include('C:\\Users\\Aceng\\Documents\\Belajar Website\\CI4\\E-Keuangan\\app\\Views\\admin\\v_index.php')
 3 SYSTEMPATH\View\View.php(229): CodeIgniter\View\View->CodeIgniter\View\{closure}()
 4 SYSTEMPATH\Common.php(1174): CodeIgniter\View\View->render('admin/v_index', [], true)
 5 APPPATH\Controllers\Bismillah.php(31): view('admin/v_index', [...])
 6 SYSTEMPATH\CodeIgniter.php(932): App\Controllers\Bismillah->index()
 7 SYSTEMPATH\CodeIgniter.php(497): CodeIgniter\CodeIgniter->runController(Object(App\Controllers\Bismillah))
 8 SYSTEMPATH\CodeIgniter.php(366): CodeIgniter\CodeIgniter->handleRequest(null, Object(Config\Cache), false)
 9 FCPATH\index.php(67): CodeIgniter\CodeIgniter->run()
10 SYSTEMPATH\Commands\Server\rewrite.php(47): require_once('C:\\Users\\Aceng\\Documents\\Belajar Website\\CI4\\E-Keuangan\\public\\index.php')
CRITICAL - 2023-11-25 14:47:13 --> Object of class App\Models\PemasukanModel could not be converted to string
in APPPATH\Views\admin\v_index.php on line 19.
 1 SYSTEMPATH\View\View.php(226): include()
 2 SYSTEMPATH\View\View.php(229): CodeIgniter\View\View->CodeIgniter\View\{closure}()
 3 SYSTEMPATH\Common.php(1174): CodeIgniter\View\View->render('admin/v_index', [], true)
 4 APPPATH\Controllers\Bismillah.php(31): view('admin/v_index', [...])
 5 SYSTEMPATH\CodeIgniter.php(932): App\Controllers\Bismillah->index()
 6 SYSTEMPATH\CodeIgniter.php(497): CodeIgniter\CodeIgniter->runController(Object(App\Controllers\Bismillah))
 7 SYSTEMPATH\CodeIgniter.php(366): CodeIgniter\CodeIgniter->handleRequest(null, Object(Config\Cache), false)
 8 FCPATH\index.php(67): CodeIgniter\CodeIgniter->run()
 9 SYSTEMPATH\Commands\Server\rewrite.php(47): require_once('C:\\Users\\Aceng\\Documents\\Belajar Website\\CI4\\E-Keuangan\\public\\index.php')
CRITICAL - 2023-11-25 14:47:15 --> Object of class App\Models\PemasukanModel could not be converted to string
in APPPATH\Views\admin\v_index.php on line 19.
 1 SYSTEMPATH\View\View.php(226): include()
 2 SYSTEMPATH\View\View.php(229): CodeIgniter\View\View->CodeIgniter\View\{closure}()
 3 SYSTEMPATH\Common.php(1174): CodeIgniter\View\View->render('admin/v_index', [], true)
 4 APPPATH\Controllers\Bismillah.php(31): view('admin/v_index', [...])
 5 SYSTEMPATH\CodeIgniter.php(932): App\Controllers\Bismillah->index()
 6 SYSTEMPATH\CodeIgniter.php(497): CodeIgniter\CodeIgniter->runController(Object(App\Controllers\Bismillah))
 7 SYSTEMPATH\CodeIgniter.php(366): CodeIgniter\CodeIgniter->handleRequest(null, Object(Config\Cache), false)
 8 FCPATH\index.php(67): CodeIgniter\CodeIgniter->run()
 9 SYSTEMPATH\Commands\Server\rewrite.php(47): require_once('C:\\Users\\Aceng\\Documents\\Belajar Website\\CI4\\E-Keuangan\\public\\index.php')
CRITICAL - 2023-11-25 15:01:20 --> Object of class App\Models\PemasukanModel could not be converted to string
in APPPATH\Views\admin\v_index.php on line 19.
 1 SYSTEMPATH\View\View.php(226): include()
 2 SYSTEMPATH\View\View.php(229): CodeIgniter\View\View->CodeIgniter\View\{closure}()
 3 SYSTEMPATH\Common.php(1174): CodeIgniter\View\View->render('admin/v_index', [], true)
 4 APPPATH\Controllers\Bismillah.php(31): view('admin/v_index', [...])
 5 SYSTEMPATH\CodeIgniter.php(932): App\Controllers\Bismillah->index()
 6 SYSTEMPATH\CodeIgniter.php(497): CodeIgniter\CodeIgniter->runController(Object(App\Controllers\Bismillah))
 7 SYSTEMPATH\CodeIgniter.php(366): CodeIgniter\CodeIgniter->handleRequest(null, Object(Config\Cache), false)
 8 FCPATH\index.php(67): CodeIgniter\CodeIgniter->run()
 9 SYSTEMPATH\Commands\Server\rewrite.php(47): require_once('C:\\Users\\Aceng\\Documents\\Belajar Website\\CI4\\E-Keuangan\\public\\index.php')
CRITICAL - 2023-11-25 15:07:20 --> Object of class CodeIgniter\Database\MySQLi\Builder could not be converted to string
in APPPATH\Views\admin\v_index.php on line 19.
 1 SYSTEMPATH\View\View.php(226): include()
 2 SYSTEMPATH\View\View.php(229): CodeIgniter\View\View->CodeIgniter\View\{closure}()
 3 SYSTEMPATH\Common.php(1174): CodeIgniter\View\View->render('admin/v_index', [], true)
 4 APPPATH\Controllers\Bismillah.php(31): view('admin/v_index', [...])
 5 SYSTEMPATH\CodeIgniter.php(932): App\Controllers\Bismillah->index()
 6 SYSTEMPATH\CodeIgniter.php(497): CodeIgniter\CodeIgniter->runController(Object(App\Controllers\Bismillah))
 7 SYSTEMPATH\CodeIgniter.php(366): CodeIgniter\CodeIgniter->handleRequest(null, Object(Config\Cache), false)
 8 FCPATH\index.php(67): CodeIgniter\CodeIgniter->run()
 9 SYSTEMPATH\Commands\Server\rewrite.php(47): require_once('C:\\Users\\Aceng\\Documents\\Belajar Website\\CI4\\E-Keuangan\\public\\index.php')
CRITICAL - 2023-11-25 15:07:22 --> Object of class CodeIgniter\Database\MySQLi\Builder could not be converted to string
in APPPATH\Views\admin\v_index.php on line 19.
 1 SYSTEMPATH\View\View.php(226): include()
 2 SYSTEMPATH\View\View.php(229): CodeIgniter\View\View->CodeIgniter\View\{closure}()
 3 SYSTEMPATH\Common.php(1174): CodeIgniter\View\View->render('admin/v_index', [], true)
 4 APPPATH\Controllers\Bismillah.php(31): view('admin/v_index', [...])
 5 SYSTEMPATH\CodeIgniter.php(932): App\Controllers\Bismillah->index()
 6 SYSTEMPATH\CodeIgniter.php(497): CodeIgniter\CodeIgniter->runController(Object(App\Controllers\Bismillah))
 7 SYSTEMPATH\CodeIgniter.php(366): CodeIgniter\CodeIgniter->handleRequest(null, Object(Config\Cache), false)
 8 FCPATH\index.php(67): CodeIgniter\CodeIgniter->run()
 9 SYSTEMPATH\Commands\Server\rewrite.php(47): require_once('C:\\Users\\Aceng\\Documents\\Belajar Website\\CI4\\E-Keuangan\\public\\index.php')
CRITICAL - 2023-11-25 15:07:55 --> Object of class CodeIgniter\Database\MySQLi\Builder could not be converted to string
in APPPATH\Views\admin\v_index.php on line 19.
 1 SYSTEMPATH\View\View.php(226): include()
 2 SYSTEMPATH\View\View.php(229): CodeIgniter\View\View->CodeIgniter\View\{closure}()
 3 SYSTEMPATH\Common.php(1174): CodeIgniter\View\View->render('admin/v_index', [], true)
 4 APPPATH\Controllers\Bismillah.php(31): view('admin/v_index', [...])
 5 SYSTEMPATH\CodeIgniter.php(932): App\Controllers\Bismillah->index()
 6 SYSTEMPATH\CodeIgniter.php(497): CodeIgniter\CodeIgniter->runController(Object(App\Controllers\Bismillah))
 7 SYSTEMPATH\CodeIgniter.php(366): CodeIgniter\CodeIgniter->handleRequest(null, Object(Config\Cache), false)
 8 FCPATH\index.php(67): CodeIgniter\CodeIgniter->run()
 9 SYSTEMPATH\Commands\Server\rewrite.php(47): require_once('C:\\Users\\Aceng\\Documents\\Belajar Website\\CI4\\E-Keuangan\\public\\index.php')
CRITICAL - 2023-11-25 15:07:57 --> Object of class CodeIgniter\Database\MySQLi\Builder could not be converted to string
in APPPATH\Views\admin\v_index.php on line 19.
 1 SYSTEMPATH\View\View.php(226): include()
 2 SYSTEMPATH\View\View.php(229): CodeIgniter\View\View->CodeIgniter\View\{closure}()
 3 SYSTEMPATH\Common.php(1174): CodeIgniter\View\View->render('admin/v_index', [], true)
 4 APPPATH\Controllers\Bismillah.php(31): view('admin/v_index', [...])
 5 SYSTEMPATH\CodeIgniter.php(932): App\Controllers\Bismillah->index()
 6 SYSTEMPATH\CodeIgniter.php(497): CodeIgniter\CodeIgniter->runController(Object(App\Controllers\Bismillah))
 7 SYSTEMPATH\CodeIgniter.php(366): CodeIgniter\CodeIgniter->handleRequest(null, Object(Config\Cache), false)
 8 FCPATH\index.php(67): CodeIgniter\CodeIgniter->run()
 9 SYSTEMPATH\Commands\Server\rewrite.php(47): require_once('C:\\Users\\Aceng\\Documents\\Belajar Website\\CI4\\E-Keuangan\\public\\index.php')
CRITICAL - 2023-11-25 15:08:37 --> Object of class CodeIgniter\Database\MySQLi\Builder could not be converted to string
in APPPATH\Views\admin\v_index.php on line 19.
 1 SYSTEMPATH\View\View.php(226): include()
 2 SYSTEMPATH\View\View.php(229): CodeIgniter\View\View->CodeIgniter\View\{closure}()
 3 SYSTEMPATH\Common.php(1174): CodeIgniter\View\View->render('admin/v_index', [], true)
 4 APPPATH\Controllers\Bismillah.php(31): view('admin/v_index', [...])
 5 SYSTEMPATH\CodeIgniter.php(932): App\Controllers\Bismillah->index()
 6 SYSTEMPATH\CodeIgniter.php(497): CodeIgniter\CodeIgniter->runController(Object(App\Controllers\Bismillah))
 7 SYSTEMPATH\CodeIgniter.php(366): CodeIgniter\CodeIgniter->handleRequest(null, Object(Config\Cache), false)
 8 FCPATH\index.php(67): CodeIgniter\CodeIgniter->run()
 9 SYSTEMPATH\Commands\Server\rewrite.php(47): require_once('C:\\Users\\Aceng\\Documents\\Belajar Website\\CI4\\E-Keuangan\\public\\index.php')
CRITICAL - 2023-11-25 15:17:47 --> Array to string conversion
in APPPATH\Views\admin\v_index.php on line 19.
 1 APPPATH\Views\admin\v_index.php(19): CodeIgniter\Debug\Exceptions->errorHandler(2, 'Array to string conversion', 'C:\\Users\\Aceng\\Documents\\Belajar Website\\CI4\\E-Keuangan\\app\\Views\\admin\\v_index.php', 19)
 2 SYSTEMPATH\View\View.php(226): include('C:\\Users\\Aceng\\Documents\\Belajar Website\\CI4\\E-Keuangan\\app\\Views\\admin\\v_index.php')
 3 SYSTEMPATH\View\View.php(229): CodeIgniter\View\View->CodeIgniter\View\{closure}()
 4 SYSTEMPATH\Common.php(1174): CodeIgniter\View\View->render('admin/v_index', [], true)
 5 APPPATH\Controllers\Bismillah.php(31): view('admin/v_index', [...])
 6 SYSTEMPATH\CodeIgniter.php(932): App\Controllers\Bismillah->index()
 7 SYSTEMPATH\CodeIgniter.php(497): CodeIgniter\CodeIgniter->runController(Object(App\Controllers\Bismillah))
 8 SYSTEMPATH\CodeIgniter.php(366): CodeIgniter\CodeIgniter->handleRequest(null, Object(Config\Cache), false)
 9 FCPATH\index.php(67): CodeIgniter\CodeIgniter->run()
10 SYSTEMPATH\Commands\Server\rewrite.php(47): require_once('C:\\Users\\Aceng\\Documents\\Belajar Website\\CI4\\E-Keuangan\\public\\index.php')
CRITICAL - 2023-11-25 15:17:49 --> Array to string conversion
in APPPATH\Views\admin\v_index.php on line 19.
 1 APPPATH\Views\admin\v_index.php(19): CodeIgniter\Debug\Exceptions->errorHandler(2, 'Array to string conversion', 'C:\\Users\\Aceng\\Documents\\Belajar Website\\CI4\\E-Keuangan\\app\\Views\\admin\\v_index.php', 19)
 2 SYSTEMPATH\View\View.php(226): include('C:\\Users\\Aceng\\Documents\\Belajar Website\\CI4\\E-Keuangan\\app\\Views\\admin\\v_index.php')
 3 SYSTEMPATH\View\View.php(229): CodeIgniter\View\View->CodeIgniter\View\{closure}()
 4 SYSTEMPATH\Common.php(1174): CodeIgniter\View\View->render('admin/v_index', [], true)
 5 APPPATH\Controllers\Bismillah.php(31): view('admin/v_index', [...])
 6 SYSTEMPATH\CodeIgniter.php(932): App\Controllers\Bismillah->index()
 7 SYSTEMPATH\CodeIgniter.php(497): CodeIgniter\CodeIgniter->runController(Object(App\Controllers\Bismillah))
 8 SYSTEMPATH\CodeIgniter.php(366): CodeIgniter\CodeIgniter->handleRequest(null, Object(Config\Cache), false)
 9 FCPATH\index.php(67): CodeIgniter\CodeIgniter->run()
10 SYSTEMPATH\Commands\Server\rewrite.php(47): require_once('C:\\Users\\Aceng\\Documents\\Belajar Website\\CI4\\E-Keuangan\\public\\index.php')
CRITICAL - 2023-11-25 15:17:54 --> Array to string conversion
in APPPATH\Views\admin\v_index.php on line 19.
 1 APPPATH\Views\admin\v_index.php(19): CodeIgniter\Debug\Exceptions->errorHandler(2, 'Array to string conversion', 'C:\\Users\\Aceng\\Documents\\Belajar Website\\CI4\\E-Keuangan\\app\\Views\\admin\\v_index.php', 19)
 2 SYSTEMPATH\View\View.php(226): include('C:\\Users\\Aceng\\Documents\\Belajar Website\\CI4\\E-Keuangan\\app\\Views\\admin\\v_index.php')
 3 SYSTEMPATH\View\View.php(229): CodeIgniter\View\View->CodeIgniter\View\{closure}()
 4 SYSTEMPATH\Common.php(1174): CodeIgniter\View\View->render('admin/v_index', [], true)
 5 APPPATH\Controllers\Bismillah.php(31): view('admin/v_index', [...])
 6 SYSTEMPATH\CodeIgniter.php(932): App\Controllers\Bismillah->index()
 7 SYSTEMPATH\CodeIgniter.php(497): CodeIgniter\CodeIgniter->runController(Object(App\Controllers\Bismillah))
 8 SYSTEMPATH\CodeIgniter.php(366): CodeIgniter\CodeIgniter->handleRequest(null, Object(Config\Cache), false)
 9 FCPATH\index.php(67): CodeIgniter\CodeIgniter->run()
10 SYSTEMPATH\Commands\Server\rewrite.php(47): require_once('C:\\Users\\Aceng\\Documents\\Belajar Website\\CI4\\E-Keuangan\\public\\index.php')
CRITICAL - 2023-11-25 15:18:07 --> Object of class CodeIgniter\Database\MySQLi\Result could not be converted to string
in APPPATH\Views\admin\v_index.php on line 19.
 1 SYSTEMPATH\View\View.php(226): include()
 2 SYSTEMPATH\View\View.php(229): CodeIgniter\View\View->CodeIgniter\View\{closure}()
 3 SYSTEMPATH\Common.php(1174): CodeIgniter\View\View->render('admin/v_index', [], true)
 4 APPPATH\Controllers\Bismillah.php(31): view('admin/v_index', [...])
 5 SYSTEMPATH\CodeIgniter.php(932): App\Controllers\Bismillah->index()
 6 SYSTEMPATH\CodeIgniter.php(497): CodeIgniter\CodeIgniter->runController(Object(App\Controllers\Bismillah))
 7 SYSTEMPATH\CodeIgniter.php(366): CodeIgniter\CodeIgniter->handleRequest(null, Object(Config\Cache), false)
 8 FCPATH\index.php(67): CodeIgniter\CodeIgniter->run()
 9 SYSTEMPATH\Commands\Server\rewrite.php(47): require_once('C:\\Users\\Aceng\\Documents\\Belajar Website\\CI4\\E-Keuangan\\public\\index.php')
CRITICAL - 2023-11-25 15:18:32 --> Array to string conversion
in APPPATH\Views\admin\v_index.php on line 19.
 1 APPPATH\Views\admin\v_index.php(19): CodeIgniter\Debug\Exceptions->errorHandler(2, 'Array to string conversion', 'C:\\Users\\Aceng\\Documents\\Belajar Website\\CI4\\E-Keuangan\\app\\Views\\admin\\v_index.php', 19)
 2 SYSTEMPATH\View\View.php(226): include('C:\\Users\\Aceng\\Documents\\Belajar Website\\CI4\\E-Keuangan\\app\\Views\\admin\\v_index.php')
 3 SYSTEMPATH\View\View.php(229): CodeIgniter\View\View->CodeIgniter\View\{closure}()
 4 SYSTEMPATH\Common.php(1174): CodeIgniter\View\View->render('admin/v_index', [], true)
 5 APPPATH\Controllers\Bismillah.php(31): view('admin/v_index', [...])
 6 SYSTEMPATH\CodeIgniter.php(932): App\Controllers\Bismillah->index()
 7 SYSTEMPATH\CodeIgniter.php(497): CodeIgniter\CodeIgniter->runController(Object(App\Controllers\Bismillah))
 8 SYSTEMPATH\CodeIgniter.php(366): CodeIgniter\CodeIgniter->handleRequest(null, Object(Config\Cache), false)
 9 FCPATH\index.php(67): CodeIgniter\CodeIgniter->run()
10 SYSTEMPATH\Commands\Server\rewrite.php(47): require_once('C:\\Users\\Aceng\\Documents\\Belajar Website\\CI4\\E-Keuangan\\public\\index.php')
CRITICAL - 2023-11-25 15:20:43 --> Call to a member function selectSum() on null
in APPPATH\Models\PemasukanModel.php on line 32.
 1 APPPATH\Controllers\Bismillah.php(28): App\Models\PemasukanModel->totalPemasukan()
 2 SYSTEMPATH\CodeIgniter.php(932): App\Controllers\Bismillah->index()
 3 SYSTEMPATH\CodeIgniter.php(497): CodeIgniter\CodeIgniter->runController(Object(App\Controllers\Bismillah))
 4 SYSTEMPATH\CodeIgniter.php(366): CodeIgniter\CodeIgniter->handleRequest(null, Object(Config\Cache), false)
 5 FCPATH\index.php(67): CodeIgniter\CodeIgniter->run()
 6 SYSTEMPATH\Commands\Server\rewrite.php(47): require_once('C:\\Users\\Aceng\\Documents\\Belajar Website\\CI4\\E-Keuangan\\public\\index.php')
CRITICAL - 2023-11-25 15:21:47 --> Object of class CodeIgniter\Database\MySQLi\Builder could not be converted to string
in APPPATH\Views\admin\v_index.php on line 19.
 1 SYSTEMPATH\View\View.php(226): include()
 2 SYSTEMPATH\View\View.php(229): CodeIgniter\View\View->CodeIgniter\View\{closure}()
 3 SYSTEMPATH\Common.php(1174): CodeIgniter\View\View->render('admin/v_index', [], true)
 4 APPPATH\Controllers\Bismillah.php(31): view('admin/v_index', [...])
 5 SYSTEMPATH\CodeIgniter.php(932): App\Controllers\Bismillah->index()
 6 SYSTEMPATH\CodeIgniter.php(497): CodeIgniter\CodeIgniter->runController(Object(App\Controllers\Bismillah))
 7 SYSTEMPATH\CodeIgniter.php(366): CodeIgniter\CodeIgniter->handleRequest(null, Object(Config\Cache), false)
 8 FCPATH\index.php(67): CodeIgniter\CodeIgniter->run()
 9 SYSTEMPATH\Commands\Server\rewrite.php(47): require_once('C:\\Users\\Aceng\\Documents\\Belajar Website\\CI4\\E-Keuangan\\public\\index.php')
CRITICAL - 2023-11-25 15:23:25 --> Object of class CodeIgniter\Database\MySQLi\Builder could not be converted to string
in APPPATH\Views\admin\v_index.php on line 19.
 1 SYSTEMPATH\View\View.php(226): include()
 2 SYSTEMPATH\View\View.php(229): CodeIgniter\View\View->CodeIgniter\View\{closure}()
 3 SYSTEMPATH\Common.php(1174): CodeIgniter\View\View->render('admin/v_index', [], true)
 4 APPPATH\Controllers\Bismillah.php(31): view('admin/v_index', [...])
 5 SYSTEMPATH\CodeIgniter.php(932): App\Controllers\Bismillah->index()
 6 SYSTEMPATH\CodeIgniter.php(497): CodeIgniter\CodeIgniter->runController(Object(App\Controllers\Bismillah))
 7 SYSTEMPATH\CodeIgniter.php(366): CodeIgniter\CodeIgniter->handleRequest(null, Object(Config\Cache), false)
 8 FCPATH\index.php(67): CodeIgniter\CodeIgniter->run()
 9 SYSTEMPATH\Commands\Server\rewrite.php(47): require_once('C:\\Users\\Aceng\\Documents\\Belajar Website\\CI4\\E-Keuangan\\public\\index.php')
CRITICAL - 2023-11-25 15:33:46 --> Array to string conversion
in APPPATH\Views\admin\v_index.php on line 19.
 1 APPPATH\Views\admin\v_index.php(19): CodeIgniter\Debug\Exceptions->errorHandler(2, 'Array to string conversion', 'C:\\Users\\Aceng\\Documents\\Belajar Website\\CI4\\E-Keuangan\\app\\Views\\admin\\v_index.php', 19)
 2 SYSTEMPATH\View\View.php(226): include('C:\\Users\\Aceng\\Documents\\Belajar Website\\CI4\\E-Keuangan\\app\\Views\\admin\\v_index.php')
 3 SYSTEMPATH\View\View.php(229): CodeIgniter\View\View->CodeIgniter\View\{closure}()
 4 SYSTEMPATH\Common.php(1174): CodeIgniter\View\View->render('admin/v_index', [], true)
 5 APPPATH\Controllers\Bismillah.php(31): view('admin/v_index', [...])
 6 SYSTEMPATH\CodeIgniter.php(932): App\Controllers\Bismillah->index()
 7 SYSTEMPATH\CodeIgniter.php(497): CodeIgniter\CodeIgniter->runController(Object(App\Controllers\Bismillah))
 8 SYSTEMPATH\CodeIgniter.php(366): CodeIgniter\CodeIgniter->handleRequest(null, Object(Config\Cache), false)
 9 FCPATH\index.php(67): CodeIgniter\CodeIgniter->run()
10 SYSTEMPATH\Commands\Server\rewrite.php(47): require_once('C:\\Users\\Aceng\\Documents\\Belajar Website\\CI4\\E-Keuangan\\public\\index.php')
CRITICAL - 2023-11-25 15:34:12 --> Array to string conversion
in APPPATH\Views\admin\v_index.php on line 19.
 1 APPPATH\Views\admin\v_index.php(19): CodeIgniter\Debug\Exceptions->errorHandler(2, 'Array to string conversion', 'C:\\Users\\Aceng\\Documents\\Belajar Website\\CI4\\E-Keuangan\\app\\Views\\admin\\v_index.php', 19)
 2 SYSTEMPATH\View\View.php(226): include('C:\\Users\\Aceng\\Documents\\Belajar Website\\CI4\\E-Keuangan\\app\\Views\\admin\\v_index.php')
 3 SYSTEMPATH\View\View.php(229): CodeIgniter\View\View->CodeIgniter\View\{closure}()
 4 SYSTEMPATH\Common.php(1174): CodeIgniter\View\View->render('admin/v_index', [], true)
 5 APPPATH\Controllers\Bismillah.php(31): view('admin/v_index', [...])
 6 SYSTEMPATH\CodeIgniter.php(932): App\Controllers\Bismillah->index()
 7 SYSTEMPATH\CodeIgniter.php(497): CodeIgniter\CodeIgniter->runController(Object(App\Controllers\Bismillah))
 8 SYSTEMPATH\CodeIgniter.php(366): CodeIgniter\CodeIgniter->handleRequest(null, Object(Config\Cache), false)
 9 FCPATH\index.php(67): CodeIgniter\CodeIgniter->run()
10 SYSTEMPATH\Commands\Server\rewrite.php(47): require_once('C:\\Users\\Aceng\\Documents\\Belajar Website\\CI4\\E-Keuangan\\public\\index.php')
CRITICAL - 2023-11-25 15:34:18 --> Call to undefined method CodeIgniter\Database\MySQLi\Result::get()
in APPPATH\Models\PemasukanModel.php on line 31.
 1 APPPATH\Controllers\Bismillah.php(28): App\Models\PemasukanModel->totalPemasukan()
 2 SYSTEMPATH\CodeIgniter.php(932): App\Controllers\Bismillah->index()
 3 SYSTEMPATH\CodeIgniter.php(497): CodeIgniter\CodeIgniter->runController(Object(App\Controllers\Bismillah))
 4 SYSTEMPATH\CodeIgniter.php(366): CodeIgniter\CodeIgniter->handleRequest(null, Object(Config\Cache), false)
 5 FCPATH\index.php(67): CodeIgniter\CodeIgniter->run()
 6 SYSTEMPATH\Commands\Server\rewrite.php(47): require_once('C:\\Users\\Aceng\\Documents\\Belajar Website\\CI4\\E-Keuangan\\public\\index.php')
CRITICAL - 2023-11-25 15:35:53 --> Array to string conversion
in APPPATH\Views\admin\v_index.php on line 19.
 1 APPPATH\Views\admin\v_index.php(19): CodeIgniter\Debug\Exceptions->errorHandler(2, 'Array to string conversion', 'C:\\Users\\Aceng\\Documents\\Belajar Website\\CI4\\E-Keuangan\\app\\Views\\admin\\v_index.php', 19)
 2 SYSTEMPATH\View\View.php(226): include('C:\\Users\\Aceng\\Documents\\Belajar Website\\CI4\\E-Keuangan\\app\\Views\\admin\\v_index.php')
 3 SYSTEMPATH\View\View.php(229): CodeIgniter\View\View->CodeIgniter\View\{closure}()
 4 SYSTEMPATH\Common.php(1174): CodeIgniter\View\View->render('admin/v_index', [], true)
 5 APPPATH\Controllers\Bismillah.php(31): view('admin/v_index', [...])
 6 SYSTEMPATH\CodeIgniter.php(932): App\Controllers\Bismillah->index()
 7 SYSTEMPATH\CodeIgniter.php(497): CodeIgniter\CodeIgniter->runController(Object(App\Controllers\Bismillah))
 8 SYSTEMPATH\CodeIgniter.php(366): CodeIgniter\CodeIgniter->handleRequest(null, Object(Config\Cache), false)
 9 FCPATH\index.php(67): CodeIgniter\CodeIgniter->run()
10 SYSTEMPATH\Commands\Server\rewrite.php(47): require_once('C:\\Users\\Aceng\\Documents\\Belajar Website\\CI4\\E-Keuangan\\public\\index.php')
CRITICAL - 2023-11-25 15:37:32 --> Array to string conversion
in APPPATH\Views\admin\v_index.php on line 19.
 1 APPPATH\Views\admin\v_index.php(19): CodeIgniter\Debug\Exceptions->errorHandler(2, 'Array to string conversion', 'C:\\Users\\Aceng\\Documents\\Belajar Website\\CI4\\E-Keuangan\\app\\Views\\admin\\v_index.php', 19)
 2 SYSTEMPATH\View\View.php(226): include('C:\\Users\\Aceng\\Documents\\Belajar Website\\CI4\\E-Keuangan\\app\\Views\\admin\\v_index.php')
 3 SYSTEMPATH\View\View.php(229): CodeIgniter\View\View->CodeIgniter\View\{closure}()
 4 SYSTEMPATH\Common.php(1174): CodeIgniter\View\View->render('admin/v_index', [], true)
 5 APPPATH\Controllers\Bismillah.php(31): view('admin/v_index', [...])
 6 SYSTEMPATH\CodeIgniter.php(932): App\Controllers\Bismillah->index()
 7 SYSTEMPATH\CodeIgniter.php(497): CodeIgniter\CodeIgniter->runController(Object(App\Controllers\Bismillah))
 8 SYSTEMPATH\CodeIgniter.php(366): CodeIgniter\CodeIgniter->handleRequest(null, Object(Config\Cache), false)
 9 FCPATH\index.php(67): CodeIgniter\CodeIgniter->run()
10 SYSTEMPATH\Commands\Server\rewrite.php(47): require_once('C:\\Users\\Aceng\\Documents\\Belajar Website\\CI4\\E-Keuangan\\public\\index.php')
CRITICAL - 2023-11-25 15:37:54 --> Array to string conversion
in APPPATH\Views\admin\v_index.php on line 19.
 1 APPPATH\Views\admin\v_index.php(19): CodeIgniter\Debug\Exceptions->errorHandler(2, 'Array to string conversion', 'C:\\Users\\Aceng\\Documents\\Belajar Website\\CI4\\E-Keuangan\\app\\Views\\admin\\v_index.php', 19)
 2 SYSTEMPATH\View\View.php(226): include('C:\\Users\\Aceng\\Documents\\Belajar Website\\CI4\\E-Keuangan\\app\\Views\\admin\\v_index.php')
 3 SYSTEMPATH\View\View.php(229): CodeIgniter\View\View->CodeIgniter\View\{closure}()
 4 SYSTEMPATH\Common.php(1174): CodeIgniter\View\View->render('admin/v_index', [], true)
 5 APPPATH\Controllers\Bismillah.php(31): view('admin/v_index', [...])
 6 SYSTEMPATH\CodeIgniter.php(932): App\Controllers\Bismillah->index()
 7 SYSTEMPATH\CodeIgniter.php(497): CodeIgniter\CodeIgniter->runController(Object(App\Controllers\Bismillah))
 8 SYSTEMPATH\CodeIgniter.php(366): CodeIgniter\CodeIgniter->handleRequest(null, Object(Config\Cache), false)
 9 FCPATH\index.php(67): CodeIgniter\CodeIgniter->run()
10 SYSTEMPATH\Commands\Server\rewrite.php(47): require_once('C:\\Users\\Aceng\\Documents\\Belajar Website\\CI4\\E-Keuangan\\public\\index.php')
CRITICAL - 2023-11-25 15:37:56 --> Array to string conversion
in APPPATH\Views\admin\v_index.php on line 19.
 1 APPPATH\Views\admin\v_index.php(19): CodeIgniter\Debug\Exceptions->errorHandler(2, 'Array to string conversion', 'C:\\Users\\Aceng\\Documents\\Belajar Website\\CI4\\E-Keuangan\\app\\Views\\admin\\v_index.php', 19)
 2 SYSTEMPATH\View\View.php(226): include('C:\\Users\\Aceng\\Documents\\Belajar Website\\CI4\\E-Keuangan\\app\\Views\\admin\\v_index.php')
 3 SYSTEMPATH\View\View.php(229): CodeIgniter\View\View->CodeIgniter\View\{closure}()
 4 SYSTEMPATH\Common.php(1174): CodeIgniter\View\View->render('admin/v_index', [], true)
 5 APPPATH\Controllers\Bismillah.php(31): view('admin/v_index', [...])
 6 SYSTEMPATH\CodeIgniter.php(932): App\Controllers\Bismillah->index()
 7 SYSTEMPATH\CodeIgniter.php(497): CodeIgniter\CodeIgniter->runController(Object(App\Controllers\Bismillah))
 8 SYSTEMPATH\CodeIgniter.php(366): CodeIgniter\CodeIgniter->handleRequest(null, Object(Config\Cache), false)
 9 FCPATH\index.php(67): CodeIgniter\CodeIgniter->run()
10 SYSTEMPATH\Commands\Server\rewrite.php(47): require_once('C:\\Users\\Aceng\\Documents\\Belajar Website\\CI4\\E-Keuangan\\public\\index.php')
CRITICAL - 2023-11-25 15:39:52 --> Object of class App\Models\PemasukanModel could not be converted to string
in APPPATH\Views\admin\v_index.php on line 19.
 1 SYSTEMPATH\View\View.php(226): include()
 2 SYSTEMPATH\View\View.php(229): CodeIgniter\View\View->CodeIgniter\View\{closure}()
 3 SYSTEMPATH\Common.php(1174): CodeIgniter\View\View->render('admin/v_index', [], true)
 4 APPPATH\Controllers\Bismillah.php(31): view('admin/v_index', [...])
 5 SYSTEMPATH\CodeIgniter.php(932): App\Controllers\Bismillah->index()
 6 SYSTEMPATH\CodeIgniter.php(497): CodeIgniter\CodeIgniter->runController(Object(App\Controllers\Bismillah))
 7 SYSTEMPATH\CodeIgniter.php(366): CodeIgniter\CodeIgniter->handleRequest(null, Object(Config\Cache), false)
 8 FCPATH\index.php(67): CodeIgniter\CodeIgniter->run()
 9 SYSTEMPATH\Commands\Server\rewrite.php(47): require_once('C:\\Users\\Aceng\\Documents\\Belajar Website\\CI4\\E-Keuangan\\public\\index.php')
CRITICAL - 2023-11-25 15:40:07 --> Array to string conversion
in APPPATH\Views\admin\v_index.php on line 19.
 1 APPPATH\Views\admin\v_index.php(19): CodeIgniter\Debug\Exceptions->errorHandler(2, 'Array to string conversion', 'C:\\Users\\Aceng\\Documents\\Belajar Website\\CI4\\E-Keuangan\\app\\Views\\admin\\v_index.php', 19)
 2 SYSTEMPATH\View\View.php(226): include('C:\\Users\\Aceng\\Documents\\Belajar Website\\CI4\\E-Keuangan\\app\\Views\\admin\\v_index.php')
 3 SYSTEMPATH\View\View.php(229): CodeIgniter\View\View->CodeIgniter\View\{closure}()
 4 SYSTEMPATH\Common.php(1174): CodeIgniter\View\View->render('admin/v_index', [], true)
 5 APPPATH\Controllers\Bismillah.php(31): view('admin/v_index', [...])
 6 SYSTEMPATH\CodeIgniter.php(932): App\Controllers\Bismillah->index()
 7 SYSTEMPATH\CodeIgniter.php(497): CodeIgniter\CodeIgniter->runController(Object(App\Controllers\Bismillah))
 8 SYSTEMPATH\CodeIgniter.php(366): CodeIgniter\CodeIgniter->handleRequest(null, Object(Config\Cache), false)
 9 FCPATH\index.php(67): CodeIgniter\CodeIgniter->run()
10 SYSTEMPATH\Commands\Server\rewrite.php(47): require_once('C:\\Users\\Aceng\\Documents\\Belajar Website\\CI4\\E-Keuangan\\public\\index.php')
CRITICAL - 2023-11-25 15:40:34 --> Array to string conversion
in APPPATH\Views\admin\v_index.php on line 19.
 1 APPPATH\Views\admin\v_index.php(19): CodeIgniter\Debug\Exceptions->errorHandler(2, 'Array to string conversion', 'C:\\Users\\Aceng\\Documents\\Belajar Website\\CI4\\E-Keuangan\\app\\Views\\admin\\v_index.php', 19)
 2 SYSTEMPATH\View\View.php(226): include('C:\\Users\\Aceng\\Documents\\Belajar Website\\CI4\\E-Keuangan\\app\\Views\\admin\\v_index.php')
 3 SYSTEMPATH\View\View.php(229): CodeIgniter\View\View->CodeIgniter\View\{closure}()
 4 SYSTEMPATH\Common.php(1174): CodeIgniter\View\View->render('admin/v_index', [], true)
 5 APPPATH\Controllers\Bismillah.php(31): view('admin/v_index', [...])
 6 SYSTEMPATH\CodeIgniter.php(932): App\Controllers\Bismillah->index()
 7 SYSTEMPATH\CodeIgniter.php(497): CodeIgniter\CodeIgniter->runController(Object(App\Controllers\Bismillah))
 8 SYSTEMPATH\CodeIgniter.php(366): CodeIgniter\CodeIgniter->handleRequest(null, Object(Config\Cache), false)
 9 FCPATH\index.php(67): CodeIgniter\CodeIgniter->run()
10 SYSTEMPATH\Commands\Server\rewrite.php(47): require_once('C:\\Users\\Aceng\\Documents\\Belajar Website\\CI4\\E-Keuangan\\public\\index.php')
CRITICAL - 2023-11-25 15:43:05 --> Object of class CodeIgniter\Database\MySQLi\Result could not be converted to string
in APPPATH\Views\admin\v_index.php on line 19.
 1 SYSTEMPATH\View\View.php(226): include()
 2 SYSTEMPATH\View\View.php(229): CodeIgniter\View\View->CodeIgniter\View\{closure}()
 3 SYSTEMPATH\Common.php(1174): CodeIgniter\View\View->render('admin/v_index', [], true)
 4 APPPATH\Controllers\Bismillah.php(31): view('admin/v_index', [...])
 5 SYSTEMPATH\CodeIgniter.php(932): App\Controllers\Bismillah->index()
 6 SYSTEMPATH\CodeIgniter.php(497): CodeIgniter\CodeIgniter->runController(Object(App\Controllers\Bismillah))
 7 SYSTEMPATH\CodeIgniter.php(366): CodeIgniter\CodeIgniter->handleRequest(null, Object(Config\Cache), false)
 8 FCPATH\index.php(67): CodeIgniter\CodeIgniter->run()
 9 SYSTEMPATH\Commands\Server\rewrite.php(47): require_once('C:\\Users\\Aceng\\Documents\\Belajar Website\\CI4\\E-Keuangan\\public\\index.php')
CRITICAL - 2023-11-25 15:43:06 --> Object of class CodeIgniter\Database\MySQLi\Result could not be converted to string
in APPPATH\Views\admin\v_index.php on line 19.
 1 SYSTEMPATH\View\View.php(226): include()
 2 SYSTEMPATH\View\View.php(229): CodeIgniter\View\View->CodeIgniter\View\{closure}()
 3 SYSTEMPATH\Common.php(1174): CodeIgniter\View\View->render('admin/v_index', [], true)
 4 APPPATH\Controllers\Bismillah.php(31): view('admin/v_index', [...])
 5 SYSTEMPATH\CodeIgniter.php(932): App\Controllers\Bismillah->index()
 6 SYSTEMPATH\CodeIgniter.php(497): CodeIgniter\CodeIgniter->runController(Object(App\Controllers\Bismillah))
 7 SYSTEMPATH\CodeIgniter.php(366): CodeIgniter\CodeIgniter->handleRequest(null, Object(Config\Cache), false)
 8 FCPATH\index.php(67): CodeIgniter\CodeIgniter->run()
 9 SYSTEMPATH\Commands\Server\rewrite.php(47): require_once('C:\\Users\\Aceng\\Documents\\Belajar Website\\CI4\\E-Keuangan\\public\\index.php')
CRITICAL - 2023-11-25 15:44:52 --> Undefined property: stdClass::$jumlah
in APPPATH\Models\PemasukanModel.php on line 32.
 1 APPPATH\Models\PemasukanModel.php(32): CodeIgniter\Debug\Exceptions->errorHandler(2, 'Undefined property: stdClass::$jumlah', 'C:\\Users\\Aceng\\Documents\\Belajar Website\\CI4\\E-Keuangan\\app\\Models\\PemasukanModel.php', 32)
 2 APPPATH\Controllers\Bismillah.php(28): App\Models\PemasukanModel->totalPemasukan()
 3 SYSTEMPATH\CodeIgniter.php(932): App\Controllers\Bismillah->index()
 4 SYSTEMPATH\CodeIgniter.php(497): CodeIgniter\CodeIgniter->runController(Object(App\Controllers\Bismillah))
 5 SYSTEMPATH\CodeIgniter.php(366): CodeIgniter\CodeIgniter->handleRequest(null, Object(Config\Cache), false)
 6 FCPATH\index.php(67): CodeIgniter\CodeIgniter->run()
 7 SYSTEMPATH\Commands\Server\rewrite.php(47): require_once('C:\\Users\\Aceng\\Documents\\Belajar Website\\CI4\\E-Keuangan\\public\\index.php')
CRITICAL - 2023-11-25 15:44:59 --> Object of class stdClass could not be converted to string
in APPPATH\Views\admin\v_index.php on line 19.
 1 SYSTEMPATH\View\View.php(226): include()
 2 SYSTEMPATH\View\View.php(229): CodeIgniter\View\View->CodeIgniter\View\{closure}()
 3 SYSTEMPATH\Common.php(1174): CodeIgniter\View\View->render('admin/v_index', [], true)
 4 APPPATH\Controllers\Bismillah.php(31): view('admin/v_index', [...])
 5 SYSTEMPATH\CodeIgniter.php(932): App\Controllers\Bismillah->index()
 6 SYSTEMPATH\CodeIgniter.php(497): CodeIgniter\CodeIgniter->runController(Object(App\Controllers\Bismillah))
 7 SYSTEMPATH\CodeIgniter.php(366): CodeIgniter\CodeIgniter->handleRequest(null, Object(Config\Cache), false)
 8 FCPATH\index.php(67): CodeIgniter\CodeIgniter->run()
 9 SYSTEMPATH\Commands\Server\rewrite.php(47): require_once('C:\\Users\\Aceng\\Documents\\Belajar Website\\CI4\\E-Keuangan\\public\\index.php')
CRITICAL - 2023-11-25 15:45:00 --> Object of class stdClass could not be converted to string
in APPPATH\Views\admin\v_index.php on line 19.
 1 SYSTEMPATH\View\View.php(226): include()
 2 SYSTEMPATH\View\View.php(229): CodeIgniter\View\View->CodeIgniter\View\{closure}()
 3 SYSTEMPATH\Common.php(1174): CodeIgniter\View\View->render('admin/v_index', [], true)
 4 APPPATH\Controllers\Bismillah.php(31): view('admin/v_index', [...])
 5 SYSTEMPATH\CodeIgniter.php(932): App\Controllers\Bismillah->index()
 6 SYSTEMPATH\CodeIgniter.php(497): CodeIgniter\CodeIgniter->runController(Object(App\Controllers\Bismillah))
 7 SYSTEMPATH\CodeIgniter.php(366): CodeIgniter\CodeIgniter->handleRequest(null, Object(Config\Cache), false)
 8 FCPATH\index.php(67): CodeIgniter\CodeIgniter->run()
 9 SYSTEMPATH\Commands\Server\rewrite.php(47): require_once('C:\\Users\\Aceng\\Documents\\Belajar Website\\CI4\\E-Keuangan\\public\\index.php')
CRITICAL - 2023-11-25 15:47:28 --> Call to undefined method CodeIgniter\Database\MySQLi\Result::getQuery()
in APPPATH\Models\PemasukanModel.php on line 31.
 1 APPPATH\Controllers\Bismillah.php(28): App\Models\PemasukanModel->totalPemasukan()
 2 SYSTEMPATH\CodeIgniter.php(932): App\Controllers\Bismillah->index()
 3 SYSTEMPATH\CodeIgniter.php(497): CodeIgniter\CodeIgniter->runController(Object(App\Controllers\Bismillah))
 4 SYSTEMPATH\CodeIgniter.php(366): CodeIgniter\CodeIgniter->handleRequest(null, Object(Config\Cache), false)
 5 FCPATH\index.php(67): CodeIgniter\CodeIgniter->run()
 6 SYSTEMPATH\Commands\Server\rewrite.php(47): require_once('C:\\Users\\Aceng\\Documents\\Belajar Website\\CI4\\E-Keuangan\\public\\index.php')
CRITICAL - 2023-11-25 15:47:29 --> Call to undefined method CodeIgniter\Database\MySQLi\Result::getQuery()
in APPPATH\Models\PemasukanModel.php on line 31.
 1 APPPATH\Controllers\Bismillah.php(28): App\Models\PemasukanModel->totalPemasukan()
 2 SYSTEMPATH\CodeIgniter.php(932): App\Controllers\Bismillah->index()
 3 SYSTEMPATH\CodeIgniter.php(497): CodeIgniter\CodeIgniter->runController(Object(App\Controllers\Bismillah))
 4 SYSTEMPATH\CodeIgniter.php(366): CodeIgniter\CodeIgniter->handleRequest(null, Object(Config\Cache), false)
 5 FCPATH\index.php(67): CodeIgniter\CodeIgniter->run()
 6 SYSTEMPATH\Commands\Server\rewrite.php(47): require_once('C:\\Users\\Aceng\\Documents\\Belajar Website\\CI4\\E-Keuangan\\public\\index.php')
CRITICAL - 2023-11-25 15:49:27 --> syntax error, unexpected token ";"
in APPPATH\Views\admin\v_index.php on line 15.
 1 SYSTEMPATH\View\View.php(229): CodeIgniter\View\View->CodeIgniter\View\{closure}()
 2 SYSTEMPATH\Common.php(1174): CodeIgniter\View\View->render('admin/v_index', [], true)
 3 APPPATH\Controllers\Bismillah.php(31): view('admin/v_index', [...])
 4 SYSTEMPATH\CodeIgniter.php(932): App\Controllers\Bismillah->index()
 5 SYSTEMPATH\CodeIgniter.php(497): CodeIgniter\CodeIgniter->runController(Object(App\Controllers\Bismillah))
 6 SYSTEMPATH\CodeIgniter.php(366): CodeIgniter\CodeIgniter->handleRequest(null, Object(Config\Cache), false)
 7 FCPATH\index.php(67): CodeIgniter\CodeIgniter->run()
 8 SYSTEMPATH\Commands\Server\rewrite.php(47): require_once('C:\\Users\\Aceng\\Documents\\Belajar Website\\CI4\\E-Keuangan\\public\\index.php')
CRITICAL - 2023-11-25 15:49:37 --> Array to string conversion
in APPPATH\Views\admin\v_index.php on line 56.
 1 APPPATH\Views\admin\v_index.php(56): CodeIgniter\Debug\Exceptions->errorHandler(2, 'Array to string conversion', 'C:\\Users\\Aceng\\Documents\\Belajar Website\\CI4\\E-Keuangan\\app\\Views\\admin\\v_index.php', 56)
 2 SYSTEMPATH\View\View.php(226): include('C:\\Users\\Aceng\\Documents\\Belajar Website\\CI4\\E-Keuangan\\app\\Views\\admin\\v_index.php')
 3 SYSTEMPATH\View\View.php(229): CodeIgniter\View\View->CodeIgniter\View\{closure}()
 4 SYSTEMPATH\Common.php(1174): CodeIgniter\View\View->render('admin/v_index', [], true)
 5 APPPATH\Controllers\Bismillah.php(31): view('admin/v_index', [...])
 6 SYSTEMPATH\CodeIgniter.php(932): App\Controllers\Bismillah->index()
 7 SYSTEMPATH\CodeIgniter.php(497): CodeIgniter\CodeIgniter->runController(Object(App\Controllers\Bismillah))
 8 SYSTEMPATH\CodeIgniter.php(366): CodeIgniter\CodeIgniter->handleRequest(null, Object(Config\Cache), false)
 9 FCPATH\index.php(67): CodeIgniter\CodeIgniter->run()
10 SYSTEMPATH\Commands\Server\rewrite.php(47): require_once('C:\\Users\\Aceng\\Documents\\Belajar Website\\CI4\\E-Keuangan\\public\\index.php')
CRITICAL - 2023-11-25 15:49:38 --> Array to string conversion
in APPPATH\Views\admin\v_index.php on line 56.
 1 APPPATH\Views\admin\v_index.php(56): CodeIgniter\Debug\Exceptions->errorHandler(2, 'Array to string conversion', 'C:\\Users\\Aceng\\Documents\\Belajar Website\\CI4\\E-Keuangan\\app\\Views\\admin\\v_index.php', 56)
 2 SYSTEMPATH\View\View.php(226): include('C:\\Users\\Aceng\\Documents\\Belajar Website\\CI4\\E-Keuangan\\app\\Views\\admin\\v_index.php')
 3 SYSTEMPATH\View\View.php(229): CodeIgniter\View\View->CodeIgniter\View\{closure}()
 4 SYSTEMPATH\Common.php(1174): CodeIgniter\View\View->render('admin/v_index', [], true)
 5 APPPATH\Controllers\Bismillah.php(31): view('admin/v_index', [...])
 6 SYSTEMPATH\CodeIgniter.php(932): App\Controllers\Bismillah->index()
 7 SYSTEMPATH\CodeIgniter.php(497): CodeIgniter\CodeIgniter->runController(Object(App\Controllers\Bismillah))
 8 SYSTEMPATH\CodeIgniter.php(366): CodeIgniter\CodeIgniter->handleRequest(null, Object(Config\Cache), false)
 9 FCPATH\index.php(67): CodeIgniter\CodeIgniter->run()
10 SYSTEMPATH\Commands\Server\rewrite.php(47): require_once('C:\\Users\\Aceng\\Documents\\Belajar Website\\CI4\\E-Keuangan\\public\\index.php')
CRITICAL - 2023-11-25 15:52:51 --> Undefined array key "tpem"
in APPPATH\Views\admin\v_index.php on line 20.
 1 APPPATH\Views\admin\v_index.php(20): CodeIgniter\Debug\Exceptions->errorHandler(2, 'Undefined array key "tpem"', 'C:\\Users\\Aceng\\Documents\\Belajar Website\\CI4\\E-Keuangan\\app\\Views\\admin\\v_index.php', 20)
 2 SYSTEMPATH\View\View.php(226): include('C:\\Users\\Aceng\\Documents\\Belajar Website\\CI4\\E-Keuangan\\app\\Views\\admin\\v_index.php')
 3 SYSTEMPATH\View\View.php(229): CodeIgniter\View\View->CodeIgniter\View\{closure}()
 4 SYSTEMPATH\Common.php(1174): CodeIgniter\View\View->render('admin/v_index', [], true)
 5 APPPATH\Controllers\Bismillah.php(31): view('admin/v_index', [...])
 6 SYSTEMPATH\CodeIgniter.php(932): App\Controllers\Bismillah->index()
 7 SYSTEMPATH\CodeIgniter.php(497): CodeIgniter\CodeIgniter->runController(Object(App\Controllers\Bismillah))
 8 SYSTEMPATH\CodeIgniter.php(366): CodeIgniter\CodeIgniter->handleRequest(null, Object(Config\Cache), false)
 9 FCPATH\index.php(67): CodeIgniter\CodeIgniter->run()
10 SYSTEMPATH\Commands\Server\rewrite.php(47): require_once('C:\\Users\\Aceng\\Documents\\Belajar Website\\CI4\\E-Keuangan\\public\\index.php')
CRITICAL - 2023-11-25 15:52:54 --> Undefined array key "tpem"
in APPPATH\Views\admin\v_index.php on line 20.
 1 APPPATH\Views\admin\v_index.php(20): CodeIgniter\Debug\Exceptions->errorHandler(2, 'Undefined array key "tpem"', 'C:\\Users\\Aceng\\Documents\\Belajar Website\\CI4\\E-Keuangan\\app\\Views\\admin\\v_index.php', 20)
 2 SYSTEMPATH\View\View.php(226): include('C:\\Users\\Aceng\\Documents\\Belajar Website\\CI4\\E-Keuangan\\app\\Views\\admin\\v_index.php')
 3 SYSTEMPATH\View\View.php(229): CodeIgniter\View\View->CodeIgniter\View\{closure}()
 4 SYSTEMPATH\Common.php(1174): CodeIgniter\View\View->render('admin/v_index', [], true)
 5 APPPATH\Controllers\Bismillah.php(31): view('admin/v_index', [...])
 6 SYSTEMPATH\CodeIgniter.php(932): App\Controllers\Bismillah->index()
 7 SYSTEMPATH\CodeIgniter.php(497): CodeIgniter\CodeIgniter->runController(Object(App\Controllers\Bismillah))
 8 SYSTEMPATH\CodeIgniter.php(366): CodeIgniter\CodeIgniter->handleRequest(null, Object(Config\Cache), false)
 9 FCPATH\index.php(67): CodeIgniter\CodeIgniter->run()
10 SYSTEMPATH\Commands\Server\rewrite.php(47): require_once('C:\\Users\\Aceng\\Documents\\Belajar Website\\CI4\\E-Keuangan\\public\\index.php')
CRITICAL - 2023-11-25 15:57:20 --> Array to string conversion
in APPPATH\Views\admin\v_index.php on line 38.
 1 APPPATH\Views\admin\v_index.php(38): CodeIgniter\Debug\Exceptions->errorHandler(2, 'Array to string conversion', 'C:\\Users\\Aceng\\Documents\\Belajar Website\\CI4\\E-Keuangan\\app\\Views\\admin\\v_index.php', 38)
 2 SYSTEMPATH\View\View.php(226): include('C:\\Users\\Aceng\\Documents\\Belajar Website\\CI4\\E-Keuangan\\app\\Views\\admin\\v_index.php')
 3 SYSTEMPATH\View\View.php(229): CodeIgniter\View\View->CodeIgniter\View\{closure}()
 4 SYSTEMPATH\Common.php(1174): CodeIgniter\View\View->render('admin/v_index', [], true)
 5 APPPATH\Controllers\Bismillah.php(31): view('admin/v_index', [...])
 6 SYSTEMPATH\CodeIgniter.php(932): App\Controllers\Bismillah->index()
 7 SYSTEMPATH\CodeIgniter.php(497): CodeIgniter\CodeIgniter->runController(Object(App\Controllers\Bismillah))
 8 SYSTEMPATH\CodeIgniter.php(366): CodeIgniter\CodeIgniter->handleRequest(null, Object(Config\Cache), false)
 9 FCPATH\index.php(67): CodeIgniter\CodeIgniter->run()
10 SYSTEMPATH\Commands\Server\rewrite.php(47): require_once('C:\\Users\\Aceng\\Documents\\Belajar Website\\CI4\\E-Keuangan\\public\\index.php')
CRITICAL - 2023-11-25 15:57:21 --> Array to string conversion
in APPPATH\Views\admin\v_index.php on line 38.
 1 APPPATH\Views\admin\v_index.php(38): CodeIgniter\Debug\Exceptions->errorHandler(2, 'Array to string conversion', 'C:\\Users\\Aceng\\Documents\\Belajar Website\\CI4\\E-Keuangan\\app\\Views\\admin\\v_index.php', 38)
 2 SYSTEMPATH\View\View.php(226): include('C:\\Users\\Aceng\\Documents\\Belajar Website\\CI4\\E-Keuangan\\app\\Views\\admin\\v_index.php')
 3 SYSTEMPATH\View\View.php(229): CodeIgniter\View\View->CodeIgniter\View\{closure}()
 4 SYSTEMPATH\Common.php(1174): CodeIgniter\View\View->render('admin/v_index', [], true)
 5 APPPATH\Controllers\Bismillah.php(31): view('admin/v_index', [...])
 6 SYSTEMPATH\CodeIgniter.php(932): App\Controllers\Bismillah->index()
 7 SYSTEMPATH\CodeIgniter.php(497): CodeIgniter\CodeIgniter->runController(Object(App\Controllers\Bismillah))
 8 SYSTEMPATH\CodeIgniter.php(366): CodeIgniter\CodeIgniter->handleRequest(null, Object(Config\Cache), false)
 9 FCPATH\index.php(67): CodeIgniter\CodeIgniter->run()
10 SYSTEMPATH\Commands\Server\rewrite.php(47): require_once('C:\\Users\\Aceng\\Documents\\Belajar Website\\CI4\\E-Keuangan\\public\\index.php')
