WARNING - 2023-11-29 01:40:09 --> [DEPRECATED] number_format(): Passing null to parameter #1 ($num) of type float is deprecated in APPPATH\Views\admin\v_index.php on line 19.
 1 APPPATH\Views\admin\v_index.php(19): number_format(null, 0, ',', '.')
 2 SYSTEMPATH\View\View.php(226): include('C:\\Users\\Aceng\\Documents\\Belajar Website\\CI4\\E-Keuangan\\app\\Views\\admin\\v_index.php')
 3 SYSTEMPATH\View\View.php(229): CodeIgniter\View\View->CodeIgniter\View\{closure}()
 4 SYSTEMPATH\Common.php(1174): CodeIgniter\View\View->render('admin/v_index', [], true)
 5 APPPATH\Controllers\Bismillah.php(35): view('admin/v_index', [...])
 6 SYSTEMPATH\CodeIgniter.php(932): App\Controllers\Bismillah->index()
 7 SYSTEMPATH\CodeIgniter.php(497): CodeIgniter\CodeIgniter->runController(Object(App\Controllers\Bismillah))
 8 SYSTEMPATH\CodeIgniter.php(366): CodeIgniter\CodeIgniter->handleRequest(null, Object(Config\Cache), false)
 9 FCPATH\index.php(67): CodeIgniter\CodeIgniter->run()
10 SYSTEMPATH\Commands\Server\rewrite.php(47): require_once('C:\\Users\\Aceng\\Documents\\Belajar Website\\CI4\\E-Keuangan\\public\\index.php')
WARNING - 2023-11-29 01:40:09 --> [DEPRECATED] number_format(): Passing null to parameter #1 ($num) of type float is deprecated in APPPATH\Views\admin\v_index.php on line 94.
 1 APPPATH\Views\admin\v_index.php(94): number_format(null, 0, ',', '.')
 2 SYSTEMPATH\View\View.php(226): include('C:\\Users\\Aceng\\Documents\\Belajar Website\\CI4\\E-Keuangan\\app\\Views\\admin\\v_index.php')
 3 SYSTEMPATH\View\View.php(229): CodeIgniter\View\View->CodeIgniter\View\{closure}()
 4 SYSTEMPATH\Common.php(1174): CodeIgniter\View\View->render('admin/v_index', [], true)
 5 APPPATH\Controllers\Bismillah.php(35): view('admin/v_index', [...])
 6 SYSTEMPATH\CodeIgniter.php(932): App\Controllers\Bismillah->index()
 7 SYSTEMPATH\CodeIgniter.php(497): CodeIgniter\CodeIgniter->runController(Object(App\Controllers\Bismillah))
 8 SYSTEMPATH\CodeIgniter.php(366): CodeIgniter\CodeIgniter->handleRequest(null, Object(Config\Cache), false)
 9 FCPATH\index.php(67): CodeIgniter\CodeIgniter->run()
10 SYSTEMPATH\Commands\Server\rewrite.php(47): require_once('C:\\Users\\Aceng\\Documents\\Belajar Website\\CI4\\E-Keuangan\\public\\index.php')
INFO - 2023-11-29 01:41:49 --> Session: Class initialized using 'CodeIgniter\Session\Handlers\FileHandler' driver.
INFO - 2023-11-29 01:42:16 --> Session: Class initialized using 'CodeIgniter\Session\Handlers\FileHandler' driver.
CRITICAL - 2023-11-29 01:48:55 --> Undefined variable $msg
in APPPATH\Controllers\Auth.php on line 57.
 1 APPPATH\Controllers\Auth.php(57): CodeIgniter\Debug\Exceptions->errorHandler(2, 'Undefined variable $msg', 'C:\\Users\\Aceng\\Documents\\Belajar Website\\CI4\\E-Keuangan\\app\\Controllers\\Auth.php', 57)
 2 SYSTEMPATH\CodeIgniter.php(932): App\Controllers\Auth->login()
 3 SYSTEMPATH\CodeIgniter.php(497): CodeIgniter\CodeIgniter->runController(Object(App\Controllers\Auth))
 4 SYSTEMPATH\CodeIgniter.php(366): CodeIgniter\CodeIgniter->handleRequest(null, Object(Config\Cache), false)
 5 FCPATH\index.php(67): CodeIgniter\CodeIgniter->run()
 6 SYSTEMPATH\Commands\Server\rewrite.php(47): require_once('C:\\Users\\Aceng\\Documents\\Belajar Website\\CI4\\E-Keuangan\\public\\index.php')
CRITICAL - 2023-11-29 01:54:28 --> Undefined array key "password"
in APPPATH\Controllers\Auth.php on line 69.
 1 APPPATH\Controllers\Auth.php(69): CodeIgniter\Debug\Exceptions->errorHandler(2, 'Undefined array key "password"', 'C:\\Users\\Aceng\\Documents\\Belajar Website\\CI4\\E-Keuangan\\app\\Controllers\\Auth.php', 69)
 2 SYSTEMPATH\CodeIgniter.php(932): App\Controllers\Auth->login()
 3 SYSTEMPATH\CodeIgniter.php(497): CodeIgniter\CodeIgniter->runController(Object(App\Controllers\Auth))
 4 SYSTEMPATH\CodeIgniter.php(366): CodeIgniter\CodeIgniter->handleRequest(null, Object(Config\Cache), false)
 5 FCPATH\index.php(67): CodeIgniter\CodeIgniter->run()
 6 SYSTEMPATH\Commands\Server\rewrite.php(47): require_once('C:\\Users\\Aceng\\Documents\\Belajar Website\\CI4\\E-Keuangan\\public\\index.php')
CRITICAL - 2023-11-29 01:57:40 --> Undefined array key "password"
in APPPATH\Controllers\Auth.php on line 69.
 1 APPPATH\Controllers\Auth.php(69): CodeIgniter\Debug\Exceptions->errorHandler(2, 'Undefined array key "password"', 'C:\\Users\\Aceng\\Documents\\Belajar Website\\CI4\\E-Keuangan\\app\\Controllers\\Auth.php', 69)
 2 SYSTEMPATH\CodeIgniter.php(932): App\Controllers\Auth->login()
 3 SYSTEMPATH\CodeIgniter.php(497): CodeIgniter\CodeIgniter->runController(Object(App\Controllers\Auth))
 4 SYSTEMPATH\CodeIgniter.php(366): CodeIgniter\CodeIgniter->handleRequest(null, Object(Config\Cache), false)
 5 FCPATH\index.php(67): CodeIgniter\CodeIgniter->run()
 6 SYSTEMPATH\Commands\Server\rewrite.php(47): require_once('C:\\Users\\Aceng\\Documents\\Belajar Website\\CI4\\E-Keuangan\\public\\index.php')
INFO - 2023-11-29 01:58:27 --> Session: Class initialized using 'CodeIgniter\Session\Handlers\FileHandler' driver.
INFO - 2023-11-29 01:58:28 --> Session: Class initialized using 'CodeIgniter\Session\Handlers\FileHandler' driver.
WARNING - 2023-11-29 01:58:28 --> [DEPRECATED] number_format(): Passing null to parameter #1 ($num) of type float is deprecated in APPPATH\Views\admin\v_index.php on line 19.
 1 APPPATH\Views\admin\v_index.php(19): number_format(null, 0, ',', '.')
 2 SYSTEMPATH\View\View.php(226): include('C:\\Users\\Aceng\\Documents\\Belajar Website\\CI4\\E-Keuangan\\app\\Views\\admin\\v_index.php')
 3 SYSTEMPATH\View\View.php(229): CodeIgniter\View\View->CodeIgniter\View\{closure}()
 4 SYSTEMPATH\Common.php(1174): CodeIgniter\View\View->render('admin/v_index', [], true)
 5 APPPATH\Controllers\Bismillah.php(35): view('admin/v_index', [...])
 6 SYSTEMPATH\CodeIgniter.php(932): App\Controllers\Bismillah->index()
 7 SYSTEMPATH\CodeIgniter.php(497): CodeIgniter\CodeIgniter->runController(Object(App\Controllers\Bismillah))
 8 SYSTEMPATH\CodeIgniter.php(366): CodeIgniter\CodeIgniter->handleRequest(null, Object(Config\Cache), false)
 9 FCPATH\index.php(67): CodeIgniter\CodeIgniter->run()
10 SYSTEMPATH\Commands\Server\rewrite.php(47): require_once('C:\\Users\\Aceng\\Documents\\Belajar Website\\CI4\\E-Keuangan\\public\\index.php')
WARNING - 2023-11-29 01:58:28 --> [DEPRECATED] number_format(): Passing null to parameter #1 ($num) of type float is deprecated in APPPATH\Views\admin\v_index.php on line 94.
 1 APPPATH\Views\admin\v_index.php(94): number_format(null, 0, ',', '.')
 2 SYSTEMPATH\View\View.php(226): include('C:\\Users\\Aceng\\Documents\\Belajar Website\\CI4\\E-Keuangan\\app\\Views\\admin\\v_index.php')
 3 SYSTEMPATH\View\View.php(229): CodeIgniter\View\View->CodeIgniter\View\{closure}()
 4 SYSTEMPATH\Common.php(1174): CodeIgniter\View\View->render('admin/v_index', [], true)
 5 APPPATH\Controllers\Bismillah.php(35): view('admin/v_index', [...])
 6 SYSTEMPATH\CodeIgniter.php(932): App\Controllers\Bismillah->index()
 7 SYSTEMPATH\CodeIgniter.php(497): CodeIgniter\CodeIgniter->runController(Object(App\Controllers\Bismillah))
 8 SYSTEMPATH\CodeIgniter.php(366): CodeIgniter\CodeIgniter->handleRequest(null, Object(Config\Cache), false)
 9 FCPATH\index.php(67): CodeIgniter\CodeIgniter->run()
10 SYSTEMPATH\Commands\Server\rewrite.php(47): require_once('C:\\Users\\Aceng\\Documents\\Belajar Website\\CI4\\E-Keuangan\\public\\index.php')
INFO - 2023-11-29 01:58:34 --> Session: Class initialized using 'CodeIgniter\Session\Handlers\FileHandler' driver.
INFO - 2023-11-29 01:59:26 --> Session: Class initialized using 'CodeIgniter\Session\Handlers\FileHandler' driver.
INFO - 2023-11-29 01:59:27 --> Session: Class initialized using 'CodeIgniter\Session\Handlers\FileHandler' driver.
WARNING - 2023-11-29 01:59:27 --> [DEPRECATED] number_format(): Passing null to parameter #1 ($num) of type float is deprecated in APPPATH\Views\admin\v_index.php on line 19.
 1 APPPATH\Views\admin\v_index.php(19): number_format(null, 0, ',', '.')
 2 SYSTEMPATH\View\View.php(226): include('C:\\Users\\Aceng\\Documents\\Belajar Website\\CI4\\E-Keuangan\\app\\Views\\admin\\v_index.php')
 3 SYSTEMPATH\View\View.php(229): CodeIgniter\View\View->CodeIgniter\View\{closure}()
 4 SYSTEMPATH\Common.php(1174): CodeIgniter\View\View->render('admin/v_index', [], true)
 5 APPPATH\Controllers\Bismillah.php(35): view('admin/v_index', [...])
 6 SYSTEMPATH\CodeIgniter.php(932): App\Controllers\Bismillah->index()
 7 SYSTEMPATH\CodeIgniter.php(497): CodeIgniter\CodeIgniter->runController(Object(App\Controllers\Bismillah))
 8 SYSTEMPATH\CodeIgniter.php(366): CodeIgniter\CodeIgniter->handleRequest(null, Object(Config\Cache), false)
 9 FCPATH\index.php(67): CodeIgniter\CodeIgniter->run()
10 SYSTEMPATH\Commands\Server\rewrite.php(47): require_once('C:\\Users\\Aceng\\Documents\\Belajar Website\\CI4\\E-Keuangan\\public\\index.php')
WARNING - 2023-11-29 01:59:27 --> [DEPRECATED] number_format(): Passing null to parameter #1 ($num) of type float is deprecated in APPPATH\Views\admin\v_index.php on line 94.
 1 APPPATH\Views\admin\v_index.php(94): number_format(null, 0, ',', '.')
 2 SYSTEMPATH\View\View.php(226): include('C:\\Users\\Aceng\\Documents\\Belajar Website\\CI4\\E-Keuangan\\app\\Views\\admin\\v_index.php')
 3 SYSTEMPATH\View\View.php(229): CodeIgniter\View\View->CodeIgniter\View\{closure}()
 4 SYSTEMPATH\Common.php(1174): CodeIgniter\View\View->render('admin/v_index', [], true)
 5 APPPATH\Controllers\Bismillah.php(35): view('admin/v_index', [...])
 6 SYSTEMPATH\CodeIgniter.php(932): App\Controllers\Bismillah->index()
 7 SYSTEMPATH\CodeIgniter.php(497): CodeIgniter\CodeIgniter->runController(Object(App\Controllers\Bismillah))
 8 SYSTEMPATH\CodeIgniter.php(366): CodeIgniter\CodeIgniter->handleRequest(null, Object(Config\Cache), false)
 9 FCPATH\index.php(67): CodeIgniter\CodeIgniter->run()
10 SYSTEMPATH\Commands\Server\rewrite.php(47): require_once('C:\\Users\\Aceng\\Documents\\Belajar Website\\CI4\\E-Keuangan\\public\\index.php')
INFO - 2023-11-29 01:59:35 --> Session: Class initialized using 'CodeIgniter\Session\Handlers\FileHandler' driver.
INFO - 2023-11-29 02:01:05 --> Session: Class initialized using 'CodeIgniter\Session\Handlers\FileHandler' driver.
INFO - 2023-11-29 02:01:07 --> Session: Class initialized using 'CodeIgniter\Session\Handlers\FileHandler' driver.
WARNING - 2023-11-29 02:01:07 --> [DEPRECATED] number_format(): Passing null to parameter #1 ($num) of type float is deprecated in APPPATH\Views\admin\v_index.php on line 19.
 1 APPPATH\Views\admin\v_index.php(19): number_format(null, 0, ',', '.')
 2 SYSTEMPATH\View\View.php(226): include('C:\\Users\\Aceng\\Documents\\Belajar Website\\CI4\\E-Keuangan\\app\\Views\\admin\\v_index.php')
 3 SYSTEMPATH\View\View.php(229): CodeIgniter\View\View->CodeIgniter\View\{closure}()
 4 SYSTEMPATH\Common.php(1174): CodeIgniter\View\View->render('admin/v_index', [], true)
 5 APPPATH\Controllers\Bismillah.php(35): view('admin/v_index', [...])
 6 SYSTEMPATH\CodeIgniter.php(932): App\Controllers\Bismillah->index()
 7 SYSTEMPATH\CodeIgniter.php(497): CodeIgniter\CodeIgniter->runController(Object(App\Controllers\Bismillah))
 8 SYSTEMPATH\CodeIgniter.php(366): CodeIgniter\CodeIgniter->handleRequest(null, Object(Config\Cache), false)
 9 FCPATH\index.php(67): CodeIgniter\CodeIgniter->run()
10 SYSTEMPATH\Commands\Server\rewrite.php(47): require_once('C:\\Users\\Aceng\\Documents\\Belajar Website\\CI4\\E-Keuangan\\public\\index.php')
WARNING - 2023-11-29 02:01:07 --> [DEPRECATED] number_format(): Passing null to parameter #1 ($num) of type float is deprecated in APPPATH\Views\admin\v_index.php on line 94.
 1 APPPATH\Views\admin\v_index.php(94): number_format(null, 0, ',', '.')
 2 SYSTEMPATH\View\View.php(226): include('C:\\Users\\Aceng\\Documents\\Belajar Website\\CI4\\E-Keuangan\\app\\Views\\admin\\v_index.php')
 3 SYSTEMPATH\View\View.php(229): CodeIgniter\View\View->CodeIgniter\View\{closure}()
 4 SYSTEMPATH\Common.php(1174): CodeIgniter\View\View->render('admin/v_index', [], true)
 5 APPPATH\Controllers\Bismillah.php(35): view('admin/v_index', [...])
 6 SYSTEMPATH\CodeIgniter.php(932): App\Controllers\Bismillah->index()
 7 SYSTEMPATH\CodeIgniter.php(497): CodeIgniter\CodeIgniter->runController(Object(App\Controllers\Bismillah))
 8 SYSTEMPATH\CodeIgniter.php(366): CodeIgniter\CodeIgniter->handleRequest(null, Object(Config\Cache), false)
 9 FCPATH\index.php(67): CodeIgniter\CodeIgniter->run()
10 SYSTEMPATH\Commands\Server\rewrite.php(47): require_once('C:\\Users\\Aceng\\Documents\\Belajar Website\\CI4\\E-Keuangan\\public\\index.php')
INFO - 2023-11-29 02:04:13 --> Session: Class initialized using 'CodeIgniter\Session\Handlers\FileHandler' driver.
CRITICAL - 2023-11-29 02:04:13 --> Call to undefined method App\Models\AdminModel::updateUser
in SYSTEMPATH\Model.php on line 873.
 1 APPPATH\Controllers\Auth.php(129): CodeIgniter\Model->__call('updateUser', [...])
 2 SYSTEMPATH\CodeIgniter.php(932): App\Controllers\Auth->viewProfil()
 3 SYSTEMPATH\CodeIgniter.php(497): CodeIgniter\CodeIgniter->runController(Object(App\Controllers\Auth))
 4 SYSTEMPATH\CodeIgniter.php(366): CodeIgniter\CodeIgniter->handleRequest(null, Object(Config\Cache), false)
 5 FCPATH\index.php(67): CodeIgniter\CodeIgniter->run()
 6 SYSTEMPATH\Commands\Server\rewrite.php(47): require_once('C:\\Users\\Aceng\\Documents\\Belajar Website\\CI4\\E-Keuangan\\public\\index.php')
INFO - 2023-11-29 02:05:29 --> Session: Class initialized using 'CodeIgniter\Session\Handlers\FileHandler' driver.
CRITICAL - 2023-11-29 02:05:29 --> Call to undefined method App\Models\AdminModel::updateUser
in SYSTEMPATH\Model.php on line 873.
 1 APPPATH\Controllers\Auth.php(129): CodeIgniter\Model->__call('updateUser', [...])
 2 SYSTEMPATH\CodeIgniter.php(932): App\Controllers\Auth->viewProfil()
 3 SYSTEMPATH\CodeIgniter.php(497): CodeIgniter\CodeIgniter->runController(Object(App\Controllers\Auth))
 4 SYSTEMPATH\CodeIgniter.php(366): CodeIgniter\CodeIgniter->handleRequest(null, Object(Config\Cache), false)
 5 FCPATH\index.php(67): CodeIgniter\CodeIgniter->run()
 6 SYSTEMPATH\Commands\Server\rewrite.php(47): require_once('C:\\Users\\Aceng\\Documents\\Belajar Website\\CI4\\E-Keuangan\\public\\index.php')
INFO - 2023-11-29 02:05:31 --> Session: Class initialized using 'CodeIgniter\Session\Handlers\FileHandler' driver.
CRITICAL - 2023-11-29 02:05:31 --> Call to undefined method App\Models\AdminModel::updateUser
in SYSTEMPATH\Model.php on line 873.
 1 APPPATH\Controllers\Auth.php(129): CodeIgniter\Model->__call('updateUser', [...])
 2 SYSTEMPATH\CodeIgniter.php(932): App\Controllers\Auth->viewProfil()
 3 SYSTEMPATH\CodeIgniter.php(497): CodeIgniter\CodeIgniter->runController(Object(App\Controllers\Auth))
 4 SYSTEMPATH\CodeIgniter.php(366): CodeIgniter\CodeIgniter->handleRequest(null, Object(Config\Cache), false)
 5 FCPATH\index.php(67): CodeIgniter\CodeIgniter->run()
 6 SYSTEMPATH\Commands\Server\rewrite.php(47): require_once('C:\\Users\\Aceng\\Documents\\Belajar Website\\CI4\\E-Keuangan\\public\\index.php')
INFO - 2023-11-29 02:06:23 --> Session: Class initialized using 'CodeIgniter\Session\Handlers\FileHandler' driver.
CRITICAL - 2023-11-29 02:06:23 --> Invalid file: "auth/v_profil.php"
in SYSTEMPATH\Exceptions\FrameworkException.php on line 39.
 1 SYSTEMPATH\View\View.php(214): CodeIgniter\Exceptions\FrameworkException::forInvalidFile('auth/v_profil.php')
 2 SYSTEMPATH\Common.php(1174): CodeIgniter\View\View->render('auth/v_profil', [], true)
 3 APPPATH\Controllers\Auth.php(118): view('auth/v_profil')
 4 SYSTEMPATH\CodeIgniter.php(932): App\Controllers\Auth->viewProfil()
 5 SYSTEMPATH\CodeIgniter.php(497): CodeIgniter\CodeIgniter->runController(Object(App\Controllers\Auth))
 6 SYSTEMPATH\CodeIgniter.php(366): CodeIgniter\CodeIgniter->handleRequest(null, Object(Config\Cache), false)
 7 FCPATH\index.php(67): CodeIgniter\CodeIgniter->run()
 8 SYSTEMPATH\Commands\Server\rewrite.php(47): require_once('C:\\Users\\Aceng\\Documents\\Belajar Website\\CI4\\E-Keuangan\\public\\index.php')
INFO - 2023-11-29 02:06:25 --> Session: Class initialized using 'CodeIgniter\Session\Handlers\FileHandler' driver.
CRITICAL - 2023-11-29 02:06:25 --> Invalid file: "auth/v_profil.php"
in SYSTEMPATH\Exceptions\FrameworkException.php on line 39.
 1 SYSTEMPATH\View\View.php(214): CodeIgniter\Exceptions\FrameworkException::forInvalidFile('auth/v_profil.php')
 2 SYSTEMPATH\Common.php(1174): CodeIgniter\View\View->render('auth/v_profil', [], true)
 3 APPPATH\Controllers\Auth.php(118): view('auth/v_profil')
 4 SYSTEMPATH\CodeIgniter.php(932): App\Controllers\Auth->viewProfil()
 5 SYSTEMPATH\CodeIgniter.php(497): CodeIgniter\CodeIgniter->runController(Object(App\Controllers\Auth))
 6 SYSTEMPATH\CodeIgniter.php(366): CodeIgniter\CodeIgniter->handleRequest(null, Object(Config\Cache), false)
 7 FCPATH\index.php(67): CodeIgniter\CodeIgniter->run()
 8 SYSTEMPATH\Commands\Server\rewrite.php(47): require_once('C:\\Users\\Aceng\\Documents\\Belajar Website\\CI4\\E-Keuangan\\public\\index.php')
INFO - 2023-11-29 02:06:36 --> Session: Class initialized using 'CodeIgniter\Session\Handlers\FileHandler' driver.
INFO - 2023-11-29 02:07:33 --> Session: Class initialized using 'CodeIgniter\Session\Handlers\FileHandler' driver.
INFO - 2023-11-29 02:08:25 --> Session: Class initialized using 'CodeIgniter\Session\Handlers\FileHandler' driver.
INFO - 2023-11-29 02:09:31 --> Session: Class initialized using 'CodeIgniter\Session\Handlers\FileHandler' driver.
INFO - 2023-11-29 02:10:58 --> Session: Class initialized using 'CodeIgniter\Session\Handlers\FileHandler' driver.
INFO - 2023-11-29 02:11:23 --> Session: Class initialized using 'CodeIgniter\Session\Handlers\FileHandler' driver.
INFO - 2023-11-29 02:16:04 --> Session: Class initialized using 'CodeIgniter\Session\Handlers\FileHandler' driver.
INFO - 2023-11-29 02:17:02 --> Session: Class initialized using 'CodeIgniter\Session\Handlers\FileHandler' driver.
INFO - 2023-11-29 02:29:03 --> Session: Class initialized using 'CodeIgniter\Session\Handlers\FileHandler' driver.
INFO - 2023-11-29 02:29:06 --> Session: Class initialized using 'CodeIgniter\Session\Handlers\FileHandler' driver.
INFO - 2023-11-29 02:29:08 --> Session: Class initialized using 'CodeIgniter\Session\Handlers\FileHandler' driver.
INFO - 2023-11-29 02:29:09 --> Session: Class initialized using 'CodeIgniter\Session\Handlers\FileHandler' driver.
INFO - 2023-11-29 02:32:43 --> Session: Class initialized using 'CodeIgniter\Session\Handlers\FileHandler' driver.
INFO - 2023-11-29 02:32:44 --> Session: Class initialized using 'CodeIgniter\Session\Handlers\FileHandler' driver.
INFO - 2023-11-29 02:33:00 --> Session: Class initialized using 'CodeIgniter\Session\Handlers\FileHandler' driver.
INFO - 2023-11-29 02:33:04 --> Session: Class initialized using 'CodeIgniter\Session\Handlers\FileHandler' driver.
INFO - 2023-11-29 02:33:05 --> Session: Class initialized using 'CodeIgniter\Session\Handlers\FileHandler' driver.
INFO - 2023-11-29 02:34:51 --> Session: Class initialized using 'CodeIgniter\Session\Handlers\FileHandler' driver.
INFO - 2023-11-29 02:34:52 --> Session: Class initialized using 'CodeIgniter\Session\Handlers\FileHandler' driver.
INFO - 2023-11-29 02:35:05 --> Session: Class initialized using 'CodeIgniter\Session\Handlers\FileHandler' driver.
INFO - 2023-11-29 02:35:06 --> Session: Class initialized using 'CodeIgniter\Session\Handlers\FileHandler' driver.
INFO - 2023-11-29 02:45:34 --> Session: Class initialized using 'CodeIgniter\Session\Handlers\FileHandler' driver.
INFO - 2023-11-29 02:45:35 --> Session: Class initialized using 'CodeIgniter\Session\Handlers\FileHandler' driver.
INFO - 2023-11-29 02:45:38 --> Session: Class initialized using 'CodeIgniter\Session\Handlers\FileHandler' driver.
INFO - 2023-11-29 02:45:39 --> Session: Class initialized using 'CodeIgniter\Session\Handlers\FileHandler' driver.
INFO - 2023-11-29 02:45:57 --> Session: Class initialized using 'CodeIgniter\Session\Handlers\FileHandler' driver.
INFO - 2023-11-29 02:45:58 --> Session: Class initialized using 'CodeIgniter\Session\Handlers\FileHandler' driver.
INFO - 2023-11-29 02:46:04 --> Session: Class initialized using 'CodeIgniter\Session\Handlers\FileHandler' driver.
INFO - 2023-11-29 02:46:05 --> Session: Class initialized using 'CodeIgniter\Session\Handlers\FileHandler' driver.
INFO - 2023-11-29 02:46:08 --> Session: Class initialized using 'CodeIgniter\Session\Handlers\FileHandler' driver.
INFO - 2023-11-29 02:46:09 --> Session: Class initialized using 'CodeIgniter\Session\Handlers\FileHandler' driver.
INFO - 2023-11-29 02:46:22 --> Session: Class initialized using 'CodeIgniter\Session\Handlers\FileHandler' driver.
INFO - 2023-11-29 02:46:23 --> Session: Class initialized using 'CodeIgniter\Session\Handlers\FileHandler' driver.
INFO - 2023-11-29 02:47:02 --> Session: Class initialized using 'CodeIgniter\Session\Handlers\FileHandler' driver.
INFO - 2023-11-29 02:47:03 --> Session: Class initialized using 'CodeIgniter\Session\Handlers\FileHandler' driver.
INFO - 2023-11-29 02:47:27 --> Session: Class initialized using 'CodeIgniter\Session\Handlers\FileHandler' driver.
INFO - 2023-11-29 02:47:28 --> Session: Class initialized using 'CodeIgniter\Session\Handlers\FileHandler' driver.
INFO - 2023-11-29 02:48:01 --> Session: Class initialized using 'CodeIgniter\Session\Handlers\FileHandler' driver.
INFO - 2023-11-29 02:48:02 --> Session: Class initialized using 'CodeIgniter\Session\Handlers\FileHandler' driver.
INFO - 2023-11-29 02:48:32 --> Session: Class initialized using 'CodeIgniter\Session\Handlers\FileHandler' driver.
INFO - 2023-11-29 02:48:33 --> Session: Class initialized using 'CodeIgniter\Session\Handlers\FileHandler' driver.
INFO - 2023-11-29 02:48:36 --> Session: Class initialized using 'CodeIgniter\Session\Handlers\FileHandler' driver.
INFO - 2023-11-29 02:48:37 --> Session: Class initialized using 'CodeIgniter\Session\Handlers\FileHandler' driver.
INFO - 2023-11-29 02:48:39 --> Session: Class initialized using 'CodeIgniter\Session\Handlers\FileHandler' driver.
INFO - 2023-11-29 02:49:06 --> Session: Class initialized using 'CodeIgniter\Session\Handlers\FileHandler' driver.
INFO - 2023-11-29 02:49:07 --> Session: Class initialized using 'CodeIgniter\Session\Handlers\FileHandler' driver.
WARNING - 2023-11-29 02:49:07 --> [DEPRECATED] number_format(): Passing null to parameter #1 ($num) of type float is deprecated in APPPATH\Views\admin\v_index.php on line 19.
 1 APPPATH\Views\admin\v_index.php(19): number_format(null, 0, ',', '.')
 2 SYSTEMPATH\View\View.php(226): include('C:\\Users\\Aceng\\Documents\\Belajar Website\\CI4\\E-Keuangan\\app\\Views\\admin\\v_index.php')
 3 SYSTEMPATH\View\View.php(229): CodeIgniter\View\View->CodeIgniter\View\{closure}()
 4 SYSTEMPATH\Common.php(1174): CodeIgniter\View\View->render('admin/v_index', [], true)
 5 APPPATH\Controllers\Bismillah.php(35): view('admin/v_index', [...])
 6 SYSTEMPATH\CodeIgniter.php(932): App\Controllers\Bismillah->index()
 7 SYSTEMPATH\CodeIgniter.php(497): CodeIgniter\CodeIgniter->runController(Object(App\Controllers\Bismillah))
 8 SYSTEMPATH\CodeIgniter.php(366): CodeIgniter\CodeIgniter->handleRequest(null, Object(Config\Cache), false)
 9 FCPATH\index.php(67): CodeIgniter\CodeIgniter->run()
10 SYSTEMPATH\Commands\Server\rewrite.php(47): require_once('C:\\Users\\Aceng\\Documents\\Belajar Website\\CI4\\E-Keuangan\\public\\index.php')
WARNING - 2023-11-29 02:49:07 --> [DEPRECATED] number_format(): Passing null to parameter #1 ($num) of type float is deprecated in APPPATH\Views\admin\v_index.php on line 94.
 1 APPPATH\Views\admin\v_index.php(94): number_format(null, 0, ',', '.')
 2 SYSTEMPATH\View\View.php(226): include('C:\\Users\\Aceng\\Documents\\Belajar Website\\CI4\\E-Keuangan\\app\\Views\\admin\\v_index.php')
 3 SYSTEMPATH\View\View.php(229): CodeIgniter\View\View->CodeIgniter\View\{closure}()
 4 SYSTEMPATH\Common.php(1174): CodeIgniter\View\View->render('admin/v_index', [], true)
 5 APPPATH\Controllers\Bismillah.php(35): view('admin/v_index', [...])
 6 SYSTEMPATH\CodeIgniter.php(932): App\Controllers\Bismillah->index()
 7 SYSTEMPATH\CodeIgniter.php(497): CodeIgniter\CodeIgniter->runController(Object(App\Controllers\Bismillah))
 8 SYSTEMPATH\CodeIgniter.php(366): CodeIgniter\CodeIgniter->handleRequest(null, Object(Config\Cache), false)
 9 FCPATH\index.php(67): CodeIgniter\CodeIgniter->run()
10 SYSTEMPATH\Commands\Server\rewrite.php(47): require_once('C:\\Users\\Aceng\\Documents\\Belajar Website\\CI4\\E-Keuangan\\public\\index.php')
INFO - 2023-11-29 02:49:11 --> Session: Class initialized using 'CodeIgniter\Session\Handlers\FileHandler' driver.
INFO - 2023-11-29 02:49:12 --> Session: Class initialized using 'CodeIgniter\Session\Handlers\FileHandler' driver.
INFO - 2023-11-29 02:49:51 --> Session: Class initialized using 'CodeIgniter\Session\Handlers\FileHandler' driver.
INFO - 2023-11-29 02:49:52 --> Session: Class initialized using 'CodeIgniter\Session\Handlers\FileHandler' driver.
INFO - 2023-11-29 02:50:23 --> Session: Class initialized using 'CodeIgniter\Session\Handlers\FileHandler' driver.
INFO - 2023-11-29 02:50:25 --> Session: Class initialized using 'CodeIgniter\Session\Handlers\FileHandler' driver.
INFO - 2023-11-29 02:50:27 --> Session: Class initialized using 'CodeIgniter\Session\Handlers\FileHandler' driver.
INFO - 2023-11-29 02:50:28 --> Session: Class initialized using 'CodeIgniter\Session\Handlers\FileHandler' driver.
INFO - 2023-11-29 02:50:36 --> Session: Class initialized using 'CodeIgniter\Session\Handlers\FileHandler' driver.
INFO - 2023-11-29 02:50:37 --> Session: Class initialized using 'CodeIgniter\Session\Handlers\FileHandler' driver.
INFO - 2023-11-29 02:50:46 --> Session: Class initialized using 'CodeIgniter\Session\Handlers\FileHandler' driver.
INFO - 2023-11-29 02:50:47 --> Session: Class initialized using 'CodeIgniter\Session\Handlers\FileHandler' driver.
INFO - 2023-11-29 02:51:02 --> Session: Class initialized using 'CodeIgniter\Session\Handlers\FileHandler' driver.
INFO - 2023-11-29 02:51:03 --> Session: Class initialized using 'CodeIgniter\Session\Handlers\FileHandler' driver.
INFO - 2023-11-29 02:51:24 --> Session: Class initialized using 'CodeIgniter\Session\Handlers\FileHandler' driver.
INFO - 2023-11-29 02:51:25 --> Session: Class initialized using 'CodeIgniter\Session\Handlers\FileHandler' driver.
INFO - 2023-11-29 02:51:35 --> Session: Class initialized using 'CodeIgniter\Session\Handlers\FileHandler' driver.
INFO - 2023-11-29 02:51:36 --> Session: Class initialized using 'CodeIgniter\Session\Handlers\FileHandler' driver.
INFO - 2023-11-29 02:51:58 --> Session: Class initialized using 'CodeIgniter\Session\Handlers\FileHandler' driver.
INFO - 2023-11-29 02:51:59 --> Session: Class initialized using 'CodeIgniter\Session\Handlers\FileHandler' driver.
INFO - 2023-11-29 02:52:17 --> Session: Class initialized using 'CodeIgniter\Session\Handlers\FileHandler' driver.
INFO - 2023-11-29 02:52:18 --> Session: Class initialized using 'CodeIgniter\Session\Handlers\FileHandler' driver.
INFO - 2023-11-29 02:52:38 --> Session: Class initialized using 'CodeIgniter\Session\Handlers\FileHandler' driver.
INFO - 2023-11-29 02:52:39 --> Session: Class initialized using 'CodeIgniter\Session\Handlers\FileHandler' driver.
INFO - 2023-11-29 02:54:25 --> Session: Class initialized using 'CodeIgniter\Session\Handlers\FileHandler' driver.
INFO - 2023-11-29 02:54:25 --> Session: Class initialized using 'CodeIgniter\Session\Handlers\FileHandler' driver.
INFO - 2023-11-29 02:54:28 --> Session: Class initialized using 'CodeIgniter\Session\Handlers\FileHandler' driver.
INFO - 2023-11-29 02:56:00 --> Session: Class initialized using 'CodeIgniter\Session\Handlers\FileHandler' driver.
INFO - 2023-11-29 02:57:29 --> Session: Class initialized using 'CodeIgniter\Session\Handlers\FileHandler' driver.
INFO - 2023-11-29 02:57:30 --> Session: Class initialized using 'CodeIgniter\Session\Handlers\FileHandler' driver.
WARNING - 2023-11-29 02:57:30 --> [DEPRECATED] number_format(): Passing null to parameter #1 ($num) of type float is deprecated in APPPATH\Views\admin\v_index.php on line 19.
 1 APPPATH\Views\admin\v_index.php(19): number_format(null, 0, ',', '.')
 2 SYSTEMPATH\View\View.php(226): include('C:\\Users\\Aceng\\Documents\\Belajar Website\\CI4\\E-Keuangan\\app\\Views\\admin\\v_index.php')
 3 SYSTEMPATH\View\View.php(229): CodeIgniter\View\View->CodeIgniter\View\{closure}()
 4 SYSTEMPATH\Common.php(1174): CodeIgniter\View\View->render('admin/v_index', [], true)
 5 APPPATH\Controllers\Bismillah.php(35): view('admin/v_index', [...])
 6 SYSTEMPATH\CodeIgniter.php(932): App\Controllers\Bismillah->index()
 7 SYSTEMPATH\CodeIgniter.php(497): CodeIgniter\CodeIgniter->runController(Object(App\Controllers\Bismillah))
 8 SYSTEMPATH\CodeIgniter.php(366): CodeIgniter\CodeIgniter->handleRequest(null, Object(Config\Cache), false)
 9 FCPATH\index.php(67): CodeIgniter\CodeIgniter->run()
10 SYSTEMPATH\Commands\Server\rewrite.php(47): require_once('C:\\Users\\Aceng\\Documents\\Belajar Website\\CI4\\E-Keuangan\\public\\index.php')
WARNING - 2023-11-29 02:57:30 --> [DEPRECATED] number_format(): Passing null to parameter #1 ($num) of type float is deprecated in APPPATH\Views\admin\v_index.php on line 94.
 1 APPPATH\Views\admin\v_index.php(94): number_format(null, 0, ',', '.')
 2 SYSTEMPATH\View\View.php(226): include('C:\\Users\\Aceng\\Documents\\Belajar Website\\CI4\\E-Keuangan\\app\\Views\\admin\\v_index.php')
 3 SYSTEMPATH\View\View.php(229): CodeIgniter\View\View->CodeIgniter\View\{closure}()
 4 SYSTEMPATH\Common.php(1174): CodeIgniter\View\View->render('admin/v_index', [], true)
 5 APPPATH\Controllers\Bismillah.php(35): view('admin/v_index', [...])
 6 SYSTEMPATH\CodeIgniter.php(932): App\Controllers\Bismillah->index()
 7 SYSTEMPATH\CodeIgniter.php(497): CodeIgniter\CodeIgniter->runController(Object(App\Controllers\Bismillah))
 8 SYSTEMPATH\CodeIgniter.php(366): CodeIgniter\CodeIgniter->handleRequest(null, Object(Config\Cache), false)
 9 FCPATH\index.php(67): CodeIgniter\CodeIgniter->run()
10 SYSTEMPATH\Commands\Server\rewrite.php(47): require_once('C:\\Users\\Aceng\\Documents\\Belajar Website\\CI4\\E-Keuangan\\public\\index.php')
INFO - 2023-11-29 02:57:34 --> Session: Class initialized using 'CodeIgniter\Session\Handlers\FileHandler' driver.
INFO - 2023-11-29 02:57:35 --> Session: Class initialized using 'CodeIgniter\Session\Handlers\FileHandler' driver.
INFO - 2023-11-29 02:57:58 --> Session: Class initialized using 'CodeIgniter\Session\Handlers\FileHandler' driver.
INFO - 2023-11-29 02:57:59 --> Session: Class initialized using 'CodeIgniter\Session\Handlers\FileHandler' driver.
INFO - 2023-11-29 03:07:04 --> Session: Class initialized using 'CodeIgniter\Session\Handlers\FileHandler' driver.
INFO - 2023-11-29 03:07:05 --> Session: Class initialized using 'CodeIgniter\Session\Handlers\FileHandler' driver.
CRITICAL - 2023-11-29 03:07:55 --> Call to undefined method App\Models\AdminModel::updatePassword
in SYSTEMPATH\Model.php on line 873.
 1 APPPATH\Controllers\Auth.php(255): CodeIgniter\Model->__call('updatePassword', [...])
 2 SYSTEMPATH\CodeIgniter.php(932): App\Controllers\Auth->updatePassword()
 3 SYSTEMPATH\CodeIgniter.php(497): CodeIgniter\CodeIgniter->runController(Object(App\Controllers\Auth))
 4 SYSTEMPATH\CodeIgniter.php(366): CodeIgniter\CodeIgniter->handleRequest(null, Object(Config\Cache), false)
 5 FCPATH\index.php(67): CodeIgniter\CodeIgniter->run()
 6 SYSTEMPATH\Commands\Server\rewrite.php(47): require_once('C:\\Users\\Aceng\\Documents\\Belajar Website\\CI4\\E-Keuangan\\public\\index.php')
CRITICAL - 2023-11-29 03:08:01 --> Call to undefined method App\Models\AdminModel::updatePassword
in SYSTEMPATH\Model.php on line 873.
 1 APPPATH\Controllers\Auth.php(255): CodeIgniter\Model->__call('updatePassword', [...])
 2 SYSTEMPATH\CodeIgniter.php(932): App\Controllers\Auth->updatePassword()
 3 SYSTEMPATH\CodeIgniter.php(497): CodeIgniter\CodeIgniter->runController(Object(App\Controllers\Auth))
 4 SYSTEMPATH\CodeIgniter.php(366): CodeIgniter\CodeIgniter->handleRequest(null, Object(Config\Cache), false)
 5 FCPATH\index.php(67): CodeIgniter\CodeIgniter->run()
 6 SYSTEMPATH\Commands\Server\rewrite.php(47): require_once('C:\\Users\\Aceng\\Documents\\Belajar Website\\CI4\\E-Keuangan\\public\\index.php')
CRITICAL - 2023-11-29 03:08:33 --> There is no data to update.
in SYSTEMPATH\BaseModel.php on line 930.
 1 SYSTEMPATH\BaseModel.php(930): CodeIgniter\Database\Exceptions\DataException::forEmptyDataset('update')
 2 SYSTEMPATH\Model.php(776): CodeIgniter\BaseModel->update([...], [])
 3 APPPATH\Models\AdminModel.php(27): CodeIgniter\Model->update([...], [...])
 4 APPPATH\Controllers\Auth.php(255): App\Models\AdminModel->updatePassword('3', [...])
 5 SYSTEMPATH\CodeIgniter.php(932): App\Controllers\Auth->updatePassword()
 6 SYSTEMPATH\CodeIgniter.php(497): CodeIgniter\CodeIgniter->runController(Object(App\Controllers\Auth))
 7 SYSTEMPATH\CodeIgniter.php(366): CodeIgniter\CodeIgniter->handleRequest(null, Object(Config\Cache), false)
 8 FCPATH\index.php(67): CodeIgniter\CodeIgniter->run()
 9 SYSTEMPATH\Commands\Server\rewrite.php(47): require_once('C:\\Users\\Aceng\\Documents\\Belajar Website\\CI4\\E-Keuangan\\public\\index.php')
CRITICAL - 2023-11-29 03:08:54 --> There is no data to update.
in SYSTEMPATH\BaseModel.php on line 930.
 1 SYSTEMPATH\BaseModel.php(930): CodeIgniter\Database\Exceptions\DataException::forEmptyDataset('update')
 2 SYSTEMPATH\Model.php(776): CodeIgniter\BaseModel->update([...], [])
 3 APPPATH\Models\AdminModel.php(27): CodeIgniter\Model->update([...], [...])
 4 APPPATH\Controllers\Auth.php(255): App\Models\AdminModel->updatePassword('3', [...])
 5 SYSTEMPATH\CodeIgniter.php(932): App\Controllers\Auth->updatePassword()
 6 SYSTEMPATH\CodeIgniter.php(497): CodeIgniter\CodeIgniter->runController(Object(App\Controllers\Auth))
 7 SYSTEMPATH\CodeIgniter.php(366): CodeIgniter\CodeIgniter->handleRequest(null, Object(Config\Cache), false)
 8 FCPATH\index.php(67): CodeIgniter\CodeIgniter->run()
 9 SYSTEMPATH\Commands\Server\rewrite.php(47): require_once('C:\\Users\\Aceng\\Documents\\Belajar Website\\CI4\\E-Keuangan\\public\\index.php')
INFO - 2023-11-29 03:09:14 --> Session: Class initialized using 'CodeIgniter\Session\Handlers\FileHandler' driver.
INFO - 2023-11-29 03:09:16 --> Session: Class initialized using 'CodeIgniter\Session\Handlers\FileHandler' driver.
CRITICAL - 2023-11-29 03:09:20 --> There is no data to update.
in SYSTEMPATH\BaseModel.php on line 930.
 1 SYSTEMPATH\BaseModel.php(930): CodeIgniter\Database\Exceptions\DataException::forEmptyDataset('update')
 2 SYSTEMPATH\Model.php(776): CodeIgniter\BaseModel->update([...], [])
 3 APPPATH\Models\AdminModel.php(27): CodeIgniter\Model->update([...], [...])
 4 APPPATH\Controllers\Auth.php(255): App\Models\AdminModel->updatePassword('3', [...])
 5 SYSTEMPATH\CodeIgniter.php(932): App\Controllers\Auth->updatePassword()
 6 SYSTEMPATH\CodeIgniter.php(497): CodeIgniter\CodeIgniter->runController(Object(App\Controllers\Auth))
 7 SYSTEMPATH\CodeIgniter.php(366): CodeIgniter\CodeIgniter->handleRequest(null, Object(Config\Cache), false)
 8 FCPATH\index.php(67): CodeIgniter\CodeIgniter->run()
 9 SYSTEMPATH\Commands\Server\rewrite.php(47): require_once('C:\\Users\\Aceng\\Documents\\Belajar Website\\CI4\\E-Keuangan\\public\\index.php')
INFO - 2023-11-29 03:10:03 --> Session: Class initialized using 'CodeIgniter\Session\Handlers\FileHandler' driver.
INFO - 2023-11-29 03:10:09 --> Session: Class initialized using 'CodeIgniter\Session\Handlers\FileHandler' driver.
INFO - 2023-11-29 03:10:10 --> Session: Class initialized using 'CodeIgniter\Session\Handlers\FileHandler' driver.
INFO - 2023-11-29 03:11:23 --> Session: Class initialized using 'CodeIgniter\Session\Handlers\FileHandler' driver.
INFO - 2023-11-29 03:11:24 --> Session: Class initialized using 'CodeIgniter\Session\Handlers\FileHandler' driver.
INFO - 2023-11-29 03:11:28 --> Session: Class initialized using 'CodeIgniter\Session\Handlers\FileHandler' driver.
INFO - 2023-11-29 03:11:38 --> Session: Class initialized using 'CodeIgniter\Session\Handlers\FileHandler' driver.
INFO - 2023-11-29 03:11:48 --> Session: Class initialized using 'CodeIgniter\Session\Handlers\FileHandler' driver.
INFO - 2023-11-29 03:11:49 --> Session: Class initialized using 'CodeIgniter\Session\Handlers\FileHandler' driver.
WARNING - 2023-11-29 03:11:49 --> [DEPRECATED] number_format(): Passing null to parameter #1 ($num) of type float is deprecated in APPPATH\Views\admin\v_index.php on line 19.
 1 APPPATH\Views\admin\v_index.php(19): number_format(null, 0, ',', '.')
 2 SYSTEMPATH\View\View.php(226): include('C:\\Users\\Aceng\\Documents\\Belajar Website\\CI4\\E-Keuangan\\app\\Views\\admin\\v_index.php')
 3 SYSTEMPATH\View\View.php(229): CodeIgniter\View\View->CodeIgniter\View\{closure}()
 4 SYSTEMPATH\Common.php(1174): CodeIgniter\View\View->render('admin/v_index', [], true)
 5 APPPATH\Controllers\Bismillah.php(35): view('admin/v_index', [...])
 6 SYSTEMPATH\CodeIgniter.php(932): App\Controllers\Bismillah->index()
 7 SYSTEMPATH\CodeIgniter.php(497): CodeIgniter\CodeIgniter->runController(Object(App\Controllers\Bismillah))
 8 SYSTEMPATH\CodeIgniter.php(366): CodeIgniter\CodeIgniter->handleRequest(null, Object(Config\Cache), false)
 9 FCPATH\index.php(67): CodeIgniter\CodeIgniter->run()
10 SYSTEMPATH\Commands\Server\rewrite.php(47): require_once('C:\\Users\\Aceng\\Documents\\Belajar Website\\CI4\\E-Keuangan\\public\\index.php')
WARNING - 2023-11-29 03:11:49 --> [DEPRECATED] number_format(): Passing null to parameter #1 ($num) of type float is deprecated in APPPATH\Views\admin\v_index.php on line 94.
 1 APPPATH\Views\admin\v_index.php(94): number_format(null, 0, ',', '.')
 2 SYSTEMPATH\View\View.php(226): include('C:\\Users\\Aceng\\Documents\\Belajar Website\\CI4\\E-Keuangan\\app\\Views\\admin\\v_index.php')
 3 SYSTEMPATH\View\View.php(229): CodeIgniter\View\View->CodeIgniter\View\{closure}()
 4 SYSTEMPATH\Common.php(1174): CodeIgniter\View\View->render('admin/v_index', [], true)
 5 APPPATH\Controllers\Bismillah.php(35): view('admin/v_index', [...])
 6 SYSTEMPATH\CodeIgniter.php(932): App\Controllers\Bismillah->index()
 7 SYSTEMPATH\CodeIgniter.php(497): CodeIgniter\CodeIgniter->runController(Object(App\Controllers\Bismillah))
 8 SYSTEMPATH\CodeIgniter.php(366): CodeIgniter\CodeIgniter->handleRequest(null, Object(Config\Cache), false)
 9 FCPATH\index.php(67): CodeIgniter\CodeIgniter->run()
10 SYSTEMPATH\Commands\Server\rewrite.php(47): require_once('C:\\Users\\Aceng\\Documents\\Belajar Website\\CI4\\E-Keuangan\\public\\index.php')
INFO - 2023-11-29 03:11:54 --> Session: Class initialized using 'CodeIgniter\Session\Handlers\FileHandler' driver.
INFO - 2023-11-29 03:11:55 --> Session: Class initialized using 'CodeIgniter\Session\Handlers\FileHandler' driver.
INFO - 2023-11-29 03:11:58 --> Session: Class initialized using 'CodeIgniter\Session\Handlers\FileHandler' driver.
INFO - 2023-11-29 03:11:59 --> Session: Class initialized using 'CodeIgniter\Session\Handlers\FileHandler' driver.
INFO - 2023-11-29 03:12:02 --> Session: Class initialized using 'CodeIgniter\Session\Handlers\FileHandler' driver.
INFO - 2023-11-29 03:12:03 --> Session: Class initialized using 'CodeIgniter\Session\Handlers\FileHandler' driver.
INFO - 2023-11-29 03:12:04 --> Session: Class initialized using 'CodeIgniter\Session\Handlers\FileHandler' driver.
INFO - 2023-11-29 03:12:09 --> Session: Class initialized using 'CodeIgniter\Session\Handlers\FileHandler' driver.
INFO - 2023-11-29 08:40:08 --> Session: Class initialized using 'CodeIgniter\Session\Handlers\FileHandler' driver.
INFO - 2023-11-29 08:40:09 --> Session: Class initialized using 'CodeIgniter\Session\Handlers\FileHandler' driver.
WARNING - 2023-11-29 08:40:09 --> [DEPRECATED] number_format(): Passing null to parameter #1 ($num) of type float is deprecated in APPPATH\Views\admin\v_index.php on line 19.
 1 APPPATH\Views\admin\v_index.php(19): number_format(null, 0, ',', '.')
 2 SYSTEMPATH\View\View.php(226): include('C:\\Users\\Aceng\\Documents\\Belajar Website\\CI4\\E-Keuangan\\app\\Views\\admin\\v_index.php')
 3 SYSTEMPATH\View\View.php(229): CodeIgniter\View\View->CodeIgniter\View\{closure}()
 4 SYSTEMPATH\Common.php(1174): CodeIgniter\View\View->render('admin/v_index', [], true)
 5 APPPATH\Controllers\Bismillah.php(35): view('admin/v_index', [...])
 6 SYSTEMPATH\CodeIgniter.php(932): App\Controllers\Bismillah->index()
 7 SYSTEMPATH\CodeIgniter.php(497): CodeIgniter\CodeIgniter->runController(Object(App\Controllers\Bismillah))
 8 SYSTEMPATH\CodeIgniter.php(366): CodeIgniter\CodeIgniter->handleRequest(null, Object(Config\Cache), false)
 9 FCPATH\index.php(67): CodeIgniter\CodeIgniter->run()
10 SYSTEMPATH\Commands\Server\rewrite.php(47): require_once('C:\\Users\\Aceng\\Documents\\Belajar Website\\CI4\\E-Keuangan\\public\\index.php')
WARNING - 2023-11-29 08:40:09 --> [DEPRECATED] number_format(): Passing null to parameter #1 ($num) of type float is deprecated in APPPATH\Views\admin\v_index.php on line 94.
 1 APPPATH\Views\admin\v_index.php(94): number_format(null, 0, ',', '.')
 2 SYSTEMPATH\View\View.php(226): include('C:\\Users\\Aceng\\Documents\\Belajar Website\\CI4\\E-Keuangan\\app\\Views\\admin\\v_index.php')
 3 SYSTEMPATH\View\View.php(229): CodeIgniter\View\View->CodeIgniter\View\{closure}()
 4 SYSTEMPATH\Common.php(1174): CodeIgniter\View\View->render('admin/v_index', [], true)
 5 APPPATH\Controllers\Bismillah.php(35): view('admin/v_index', [...])
 6 SYSTEMPATH\CodeIgniter.php(932): App\Controllers\Bismillah->index()
 7 SYSTEMPATH\CodeIgniter.php(497): CodeIgniter\CodeIgniter->runController(Object(App\Controllers\Bismillah))
 8 SYSTEMPATH\CodeIgniter.php(366): CodeIgniter\CodeIgniter->handleRequest(null, Object(Config\Cache), false)
 9 FCPATH\index.php(67): CodeIgniter\CodeIgniter->run()
10 SYSTEMPATH\Commands\Server\rewrite.php(47): require_once('C:\\Users\\Aceng\\Documents\\Belajar Website\\CI4\\E-Keuangan\\public\\index.php')
INFO - 2023-11-29 08:40:19 --> Session: Class initialized using 'CodeIgniter\Session\Handlers\FileHandler' driver.
INFO - 2023-11-29 08:41:21 --> Session: Class initialized using 'CodeIgniter\Session\Handlers\FileHandler' driver.
INFO - 2023-11-29 08:41:27 --> Session: Class initialized using 'CodeIgniter\Session\Handlers\FileHandler' driver.
INFO - 2023-11-29 08:41:28 --> Session: Class initialized using 'CodeIgniter\Session\Handlers\FileHandler' driver.
INFO - 2023-11-29 08:41:33 --> Session: Class initialized using 'CodeIgniter\Session\Handlers\FileHandler' driver.
INFO - 2023-11-29 08:41:37 --> Session: Class initialized using 'CodeIgniter\Session\Handlers\FileHandler' driver.
INFO - 2023-11-29 08:41:38 --> Session: Class initialized using 'CodeIgniter\Session\Handlers\FileHandler' driver.
INFO - 2023-11-29 08:41:46 --> Session: Class initialized using 'CodeIgniter\Session\Handlers\FileHandler' driver.
INFO - 2023-11-29 08:41:47 --> Session: Class initialized using 'CodeIgniter\Session\Handlers\FileHandler' driver.
INFO - 2023-11-29 08:42:15 --> Session: Class initialized using 'CodeIgniter\Session\Handlers\FileHandler' driver.
INFO - 2023-11-29 08:42:16 --> Session: Class initialized using 'CodeIgniter\Session\Handlers\FileHandler' driver.
CRITICAL - 2023-11-29 08:44:21 --> Maximum execution time of 60 seconds exceeded
in SYSTEMPATH\Database\MySQLi\Connection.php on line 296.
 1 [internal function]: CodeIgniter\Debug\Exceptions->shutdownHandler()
