CRITICAL - 2023-10-07 15:17:05 --> Undefined variable $title
in APPPATH\Views\layout\index.php on line 23.
 1 APPPATH\Views\layout\index.php(23): CodeIgniter\Debug\Exceptions->errorHandler(2, 'Undefined variable $title', 'C:\\Users\\Aceng\\Documents\\Belajar Website\\CI4\\E-Library\\app\\Views\\layout\\index.php', 23)
 2 SYSTEMPATH\View\View.php(226): include('C:\\Users\\Aceng\\Documents\\Belajar Website\\CI4\\E-Library\\app\\Views\\layout\\index.php')
 3 SYSTEMPATH\View\View.php(229): CodeIgniter\View\View->CodeIgniter\View\{closure}()
 4 SYSTEMPATH\Common.php(1174): CodeIgniter\View\View->render('layout/index', [], true)
 5 APPPATH\Controllers\Home.php(9): view('layout/index')
 6 SYSTEMPATH\CodeIgniter.php(932): App\Controllers\Home->index()
 7 SYSTEMPATH\CodeIgniter.php(497): CodeIgniter\CodeIgniter->runController(Object(App\Controllers\Home))
 8 SYSTEMPATH\CodeIgniter.php(366): CodeIgniter\CodeIgniter->handleRequest(null, Object(Config\Cache), false)
 9 FCPATH\index.php(67): CodeIgniter\CodeIgniter->run()
10 SYSTEMPATH\Commands\Server\rewrite.php(47): require_once('C:\\Users\\Aceng\\Documents\\Belajar Website\\CI4\\E-Library\\public\\index.php')
CRITICAL - 2023-10-07 15:17:35 --> Undefined variable $title
in APPPATH\Views\layout\index.php on line 23.
 1 APPPATH\Views\layout\index.php(23): CodeIgniter\Debug\Exceptions->errorHandler(2, 'Undefined variable $title', 'C:\\Users\\Aceng\\Documents\\Belajar Website\\CI4\\E-Library\\app\\Views\\layout\\index.php', 23)
 2 SYSTEMPATH\View\View.php(226): include('C:\\Users\\Aceng\\Documents\\Belajar Website\\CI4\\E-Library\\app\\Views\\layout\\index.php')
 3 SYSTEMPATH\View\View.php(229): CodeIgniter\View\View->CodeIgniter\View\{closure}()
 4 SYSTEMPATH\Common.php(1174): CodeIgniter\View\View->render('layout/index', [], true)
 5 APPPATH\Controllers\Home.php(9): view('layout/index')
 6 SYSTEMPATH\CodeIgniter.php(932): App\Controllers\Home->index()
 7 SYSTEMPATH\CodeIgniter.php(497): CodeIgniter\CodeIgniter->runController(Object(App\Controllers\Home))
 8 SYSTEMPATH\CodeIgniter.php(366): CodeIgniter\CodeIgniter->handleRequest(null, Object(Config\Cache), false)
 9 FCPATH\index.php(67): CodeIgniter\CodeIgniter->run()
10 SYSTEMPATH\Commands\Server\rewrite.php(47): require_once('C:\\Users\\Aceng\\Documents\\Belajar Website\\CI4\\E-Library\\public\\index.php')
CRITICAL - 2023-10-07 21:58:04 --> Invalid file: "layout/index.php"
in SYSTEMPATH\Exceptions\FrameworkException.php on line 39.
 1 SYSTEMPATH\View\View.php(214): CodeIgniter\Exceptions\FrameworkException::forInvalidFile('layout/index.php')
 2 SYSTEMPATH\Common.php(1174): CodeIgniter\View\View->render('layout/index', [], true)
 3 APPPATH\Controllers\Home.php(9): view('layout/index')
 4 SYSTEMPATH\CodeIgniter.php(932): App\Controllers\Home->index()
 5 SYSTEMPATH\CodeIgniter.php(497): CodeIgniter\CodeIgniter->runController(Object(App\Controllers\Home))
 6 SYSTEMPATH\CodeIgniter.php(366): CodeIgniter\CodeIgniter->handleRequest(null, Object(Config\Cache), false)
 7 FCPATH\index.php(67): CodeIgniter\CodeIgniter->run()
 8 SYSTEMPATH\Commands\Server\rewrite.php(47): require_once('C:\\Users\\Aceng\\Documents\\Belajar Website\\CI4\\E-Library\\public\\index.php')
CRITICAL - 2023-10-07 21:58:07 --> Invalid file: "layout/index.php"
in SYSTEMPATH\Exceptions\FrameworkException.php on line 39.
 1 SYSTEMPATH\View\View.php(214): CodeIgniter\Exceptions\FrameworkException::forInvalidFile('layout/index.php')
 2 SYSTEMPATH\Common.php(1174): CodeIgniter\View\View->render('layout/index', [], true)
 3 APPPATH\Controllers\Home.php(9): view('layout/index')
 4 SYSTEMPATH\CodeIgniter.php(932): App\Controllers\Home->index()
 5 SYSTEMPATH\CodeIgniter.php(497): CodeIgniter\CodeIgniter->runController(Object(App\Controllers\Home))
 6 SYSTEMPATH\CodeIgniter.php(366): CodeIgniter\CodeIgniter->handleRequest(null, Object(Config\Cache), false)
 7 FCPATH\index.php(67): CodeIgniter\CodeIgniter->run()
 8 SYSTEMPATH\Commands\Server\rewrite.php(47): require_once('C:\\Users\\Aceng\\Documents\\Belajar Website\\CI4\\E-Library\\public\\index.php')
CRITICAL - 2023-10-07 21:58:54 --> Invalid file: "layout/index.php"
in SYSTEMPATH\Exceptions\FrameworkException.php on line 39.
 1 SYSTEMPATH\View\View.php(214): CodeIgniter\Exceptions\FrameworkException::forInvalidFile('layout/index.php')
 2 SYSTEMPATH\Common.php(1174): CodeIgniter\View\View->render('layout/index', [], true)
 3 APPPATH\Controllers\Home.php(9): view('layout/index')
 4 SYSTEMPATH\CodeIgniter.php(932): App\Controllers\Home->index()
 5 SYSTEMPATH\CodeIgniter.php(497): CodeIgniter\CodeIgniter->runController(Object(App\Controllers\Home))
 6 SYSTEMPATH\CodeIgniter.php(366): CodeIgniter\CodeIgniter->handleRequest(null, Object(Config\Cache), false)
 7 FCPATH\index.php(67): CodeIgniter\CodeIgniter->run()
 8 SYSTEMPATH\Commands\Server\rewrite.php(47): require_once('C:\\Users\\Aceng\\Documents\\Belajar Website\\CI4\\E-Library\\public\\index.php')
CRITICAL - 2023-10-07 21:58:57 --> Invalid file: "layout/index.php"
in SYSTEMPATH\Exceptions\FrameworkException.php on line 39.
 1 SYSTEMPATH\View\View.php(214): CodeIgniter\Exceptions\FrameworkException::forInvalidFile('layout/index.php')
 2 SYSTEMPATH\Common.php(1174): CodeIgniter\View\View->render('layout/index', [], true)
 3 APPPATH\Controllers\Home.php(9): view('layout/index')
 4 SYSTEMPATH\CodeIgniter.php(932): App\Controllers\Home->index()
 5 SYSTEMPATH\CodeIgniter.php(497): CodeIgniter\CodeIgniter->runController(Object(App\Controllers\Home))
 6 SYSTEMPATH\CodeIgniter.php(366): CodeIgniter\CodeIgniter->handleRequest(null, Object(Config\Cache), false)
 7 FCPATH\index.php(67): CodeIgniter\CodeIgniter->run()
 8 SYSTEMPATH\Commands\Server\rewrite.php(47): require_once('C:\\Users\\Aceng\\Documents\\Belajar Website\\CI4\\E-Library\\public\\index.php')
CRITICAL - 2023-10-07 21:59:28 --> Invalid file: "layout/index.php"
in SYSTEMPATH\Exceptions\FrameworkException.php on line 39.
 1 SYSTEMPATH\View\View.php(214): CodeIgniter\Exceptions\FrameworkException::forInvalidFile('layout/index.php')
 2 SYSTEMPATH\Common.php(1174): CodeIgniter\View\View->render('layout/index', [], true)
 3 APPPATH\Controllers\Home.php(9): view('layout/index')
 4 SYSTEMPATH\CodeIgniter.php(932): App\Controllers\Home->index()
 5 SYSTEMPATH\CodeIgniter.php(497): CodeIgniter\CodeIgniter->runController(Object(App\Controllers\Home))
 6 SYSTEMPATH\CodeIgniter.php(366): CodeIgniter\CodeIgniter->handleRequest(null, Object(Config\Cache), false)
 7 FCPATH\index.php(67): CodeIgniter\CodeIgniter->run()
 8 SYSTEMPATH\Commands\Server\rewrite.php(47): require_once('C:\\Users\\Aceng\\Documents\\Belajar Website\\CI4\\E-Library\\public\\index.php')
CRITICAL - 2023-10-07 21:59:30 --> Invalid file: "layout/index.php"
in SYSTEMPATH\Exceptions\FrameworkException.php on line 39.
 1 SYSTEMPATH\View\View.php(214): CodeIgniter\Exceptions\FrameworkException::forInvalidFile('layout/index.php')
 2 SYSTEMPATH\Common.php(1174): CodeIgniter\View\View->render('layout/index', [], true)
 3 APPPATH\Controllers\Home.php(9): view('layout/index')
 4 SYSTEMPATH\CodeIgniter.php(932): App\Controllers\Home->index()
 5 SYSTEMPATH\CodeIgniter.php(497): CodeIgniter\CodeIgniter->runController(Object(App\Controllers\Home))
 6 SYSTEMPATH\CodeIgniter.php(366): CodeIgniter\CodeIgniter->handleRequest(null, Object(Config\Cache), false)
 7 FCPATH\index.php(67): CodeIgniter\CodeIgniter->run()
 8 SYSTEMPATH\Commands\Server\rewrite.php(47): require_once('C:\\Users\\Aceng\\Documents\\Belajar Website\\CI4\\E-Library\\public\\index.php')
CRITICAL - 2023-10-07 21:59:31 --> Invalid file: "layout/index.php"
in SYSTEMPATH\Exceptions\FrameworkException.php on line 39.
 1 SYSTEMPATH\View\View.php(214): CodeIgniter\Exceptions\FrameworkException::forInvalidFile('layout/index.php')
 2 SYSTEMPATH\Common.php(1174): CodeIgniter\View\View->render('layout/index', [], true)
 3 APPPATH\Controllers\Home.php(9): view('layout/index')
 4 SYSTEMPATH\CodeIgniter.php(932): App\Controllers\Home->index()
 5 SYSTEMPATH\CodeIgniter.php(497): CodeIgniter\CodeIgniter->runController(Object(App\Controllers\Home))
 6 SYSTEMPATH\CodeIgniter.php(366): CodeIgniter\CodeIgniter->handleRequest(null, Object(Config\Cache), false)
 7 FCPATH\index.php(67): CodeIgniter\CodeIgniter->run()
 8 SYSTEMPATH\Commands\Server\rewrite.php(47): require_once('C:\\Users\\Aceng\\Documents\\Belajar Website\\CI4\\E-Library\\public\\index.php')
CRITICAL - 2023-10-07 22:00:13 --> Invalid file: "layout/index.php"
in SYSTEMPATH\Exceptions\FrameworkException.php on line 39.
 1 SYSTEMPATH\View\View.php(214): CodeIgniter\Exceptions\FrameworkException::forInvalidFile('layout/index.php')
 2 SYSTEMPATH\Common.php(1174): CodeIgniter\View\View->render('layout/index', [], true)
 3 APPPATH\Controllers\Home.php(9): view('layout/index')
 4 SYSTEMPATH\CodeIgniter.php(932): App\Controllers\Home->index()
 5 SYSTEMPATH\CodeIgniter.php(497): CodeIgniter\CodeIgniter->runController(Object(App\Controllers\Home))
 6 SYSTEMPATH\CodeIgniter.php(366): CodeIgniter\CodeIgniter->handleRequest(null, Object(Config\Cache), false)
 7 FCPATH\index.php(67): CodeIgniter\CodeIgniter->run()
 8 SYSTEMPATH\Commands\Server\rewrite.php(47): require_once('C:\\Users\\Aceng\\Documents\\Belajar Website\\CI4\\E-Library\\public\\index.php')
CRITICAL - 2023-10-07 22:00:27 --> Invalid file: "layout/index.php"
in SYSTEMPATH\Exceptions\FrameworkException.php on line 39.
 1 SYSTEMPATH\View\View.php(214): CodeIgniter\Exceptions\FrameworkException::forInvalidFile('layout/index.php')
 2 SYSTEMPATH\Common.php(1174): CodeIgniter\View\View->render('layout/index', [], true)
 3 APPPATH\Controllers\Home.php(9): view('layout/index')
 4 SYSTEMPATH\CodeIgniter.php(932): App\Controllers\Home->index()
 5 SYSTEMPATH\CodeIgniter.php(497): CodeIgniter\CodeIgniter->runController(Object(App\Controllers\Home))
 6 SYSTEMPATH\CodeIgniter.php(366): CodeIgniter\CodeIgniter->handleRequest(null, Object(Config\Cache), false)
 7 FCPATH\index.php(67): CodeIgniter\CodeIgniter->run()
 8 SYSTEMPATH\Commands\Server\rewrite.php(47): require_once('C:\\Users\\Aceng\\Documents\\Belajar Website\\CI4\\E-Library\\public\\index.php')
CRITICAL - 2023-10-07 22:01:25 --> Invalid file: "layout/index.php"
in SYSTEMPATH\Exceptions\FrameworkException.php on line 39.
 1 SYSTEMPATH\View\View.php(214): CodeIgniter\Exceptions\FrameworkException::forInvalidFile('layout/index.php')
 2 SYSTEMPATH\Common.php(1174): CodeIgniter\View\View->render('layout/index', [], true)
 3 APPPATH\Controllers\Home.php(9): view('layout/index')
 4 SYSTEMPATH\CodeIgniter.php(932): App\Controllers\Home->index()
 5 SYSTEMPATH\CodeIgniter.php(497): CodeIgniter\CodeIgniter->runController(Object(App\Controllers\Home))
 6 SYSTEMPATH\CodeIgniter.php(366): CodeIgniter\CodeIgniter->handleRequest(null, Object(Config\Cache), false)
 7 FCPATH\index.php(67): CodeIgniter\CodeIgniter->run()
 8 SYSTEMPATH\Commands\Server\rewrite.php(47): require_once('C:\\Users\\Aceng\\Documents\\Belajar Website\\CI4\\E-Library\\public\\index.php')
CRITICAL - 2023-10-07 22:02:27 --> Invalid file: "layout/index.php"
in SYSTEMPATH\Exceptions\FrameworkException.php on line 39.
 1 SYSTEMPATH\View\View.php(214): CodeIgniter\Exceptions\FrameworkException::forInvalidFile('layout/index.php')
 2 SYSTEMPATH\Common.php(1174): CodeIgniter\View\View->render('layout/index', [], true)
 3 APPPATH\Controllers\Home.php(9): view('layout/index')
 4 SYSTEMPATH\CodeIgniter.php(932): App\Controllers\Home->index()
 5 SYSTEMPATH\CodeIgniter.php(497): CodeIgniter\CodeIgniter->runController(Object(App\Controllers\Home))
 6 SYSTEMPATH\CodeIgniter.php(366): CodeIgniter\CodeIgniter->handleRequest(null, Object(Config\Cache), false)
 7 FCPATH\index.php(67): CodeIgniter\CodeIgniter->run()
 8 SYSTEMPATH\Commands\Server\rewrite.php(47): require_once('C:\\Users\\Aceng\\Documents\\Belajar Website\\CI4\\E-Library\\public\\index.php')
CRITICAL - 2023-10-07 22:03:07 --> Invalid file: "layout/index.php"
in SYSTEMPATH\Exceptions\FrameworkException.php on line 39.
 1 SYSTEMPATH\View\View.php(214): CodeIgniter\Exceptions\FrameworkException::forInvalidFile('layout/index.php')
 2 SYSTEMPATH\Common.php(1174): CodeIgniter\View\View->render('layout/index', [], true)
 3 APPPATH\Controllers\Home.php(9): view('layout/index')
 4 SYSTEMPATH\CodeIgniter.php(932): App\Controllers\Home->index()
 5 SYSTEMPATH\CodeIgniter.php(497): CodeIgniter\CodeIgniter->runController(Object(App\Controllers\Home))
 6 SYSTEMPATH\CodeIgniter.php(366): CodeIgniter\CodeIgniter->handleRequest(null, Object(Config\Cache), false)
 7 FCPATH\index.php(67): CodeIgniter\CodeIgniter->run()
 8 SYSTEMPATH\Commands\Server\rewrite.php(47): require_once('C:\\Users\\Aceng\\Documents\\Belajar Website\\CI4\\E-Library\\public\\index.php')
CRITICAL - 2023-10-07 22:05:22 --> Invalid file: "layout/index.php"
in SYSTEMPATH\Exceptions\FrameworkException.php on line 39.
 1 SYSTEMPATH\View\View.php(214): CodeIgniter\Exceptions\FrameworkException::forInvalidFile('layout/index.php')
 2 SYSTEMPATH\Common.php(1174): CodeIgniter\View\View->render('layout/index', [], true)
 3 APPPATH\Controllers\Home.php(9): view('layout/index')
 4 SYSTEMPATH\CodeIgniter.php(932): App\Controllers\Home->index()
 5 SYSTEMPATH\CodeIgniter.php(497): CodeIgniter\CodeIgniter->runController(Object(App\Controllers\Home))
 6 SYSTEMPATH\CodeIgniter.php(366): CodeIgniter\CodeIgniter->handleRequest(null, Object(Config\Cache), false)
 7 FCPATH\index.php(67): CodeIgniter\CodeIgniter->run()
 8 SYSTEMPATH\Commands\Server\rewrite.php(47): require_once('C:\\Users\\Aceng\\Documents\\Belajar Website\\CI4\\E-Library\\public\\index.php')
