CRITICAL - 2023-10-09 04:18:59 --> Attempt to read property "id" on array
in APPPATH\Controllers\Penulis.php on line 35.
 1 APPPATH\Controllers\Penulis.php(35): CodeIgniter\Debug\Exceptions->errorHandler(2, 'Attempt to read property "id" on array', 'C:\\Users\\Aceng\\Documents\\Belajar Website\\CI4\\E-Library\\app\\Controllers\\Penulis.php', 35)
 2 SYSTEMPATH\CodeIgniter.php(932): App\Controllers\Penulis->getAll()
 3 SYSTEMPATH\CodeIgniter.php(497): CodeIgniter\CodeIgniter->runController(Object(App\Controllers\Penulis))
 4 SYSTEMPATH\CodeIgniter.php(366): CodeIgniter\CodeIgniter->handleRequest(null, Object(Config\Cache), false)
 5 FCPATH\index.php(67): CodeIgniter\CodeIgniter->run()
 6 SYSTEMPATH\Commands\Server\rewrite.php(47): require_once('C:\\Users\\Aceng\\Documents\\Belajar Website\\CI4\\E-Library\\public\\index.php')
CRITICAL - 2023-10-09 04:32:19 --> Attempt to read property "id" on array
in APPPATH\Controllers\Penulis.php on line 35.
 1 APPPATH\Controllers\Penulis.php(35): CodeIgniter\Debug\Exceptions->errorHandler(2, 'Attempt to read property "id" on array', 'C:\\Users\\Aceng\\Documents\\Belajar Website\\CI4\\E-Library\\app\\Controllers\\Penulis.php', 35)
 2 SYSTEMPATH\CodeIgniter.php(932): App\Controllers\Penulis->getAll()
 3 SYSTEMPATH\CodeIgniter.php(497): CodeIgniter\CodeIgniter->runController(Object(App\Controllers\Penulis))
 4 SYSTEMPATH\CodeIgniter.php(366): CodeIgniter\CodeIgniter->handleRequest(null, Object(Config\Cache), false)
 5 FCPATH\index.php(67): CodeIgniter\CodeIgniter->run()
 6 SYSTEMPATH\Commands\Server\rewrite.php(47): require_once('C:\\Users\\Aceng\\Documents\\Belajar Website\\CI4\\E-Library\\public\\index.php')
CRITICAL - 2023-10-09 04:34:01 --> Attempt to read property "id" on array
in APPPATH\Controllers\Penulis.php on line 35.
 1 APPPATH\Controllers\Penulis.php(35): CodeIgniter\Debug\Exceptions->errorHandler(2, 'Attempt to read property "id" on array', 'C:\\Users\\Aceng\\Documents\\Belajar Website\\CI4\\E-Library\\app\\Controllers\\Penulis.php', 35)
 2 SYSTEMPATH\CodeIgniter.php(932): App\Controllers\Penulis->getAll()
 3 SYSTEMPATH\CodeIgniter.php(497): CodeIgniter\CodeIgniter->runController(Object(App\Controllers\Penulis))
 4 SYSTEMPATH\CodeIgniter.php(366): CodeIgniter\CodeIgniter->handleRequest(null, Object(Config\Cache), false)
 5 FCPATH\index.php(67): CodeIgniter\CodeIgniter->run()
 6 SYSTEMPATH\Commands\Server\rewrite.php(47): require_once('C:\\Users\\Aceng\\Documents\\Belajar Website\\CI4\\E-Library\\public\\index.php')
CRITICAL - 2023-10-09 04:34:55 --> Attempt to read property "id" on array
in APPPATH\Controllers\Penulis.php on line 35.
 1 APPPATH\Controllers\Penulis.php(35): CodeIgniter\Debug\Exceptions->errorHandler(2, 'Attempt to read property "id" on array', 'C:\\Users\\Aceng\\Documents\\Belajar Website\\CI4\\E-Library\\app\\Controllers\\Penulis.php', 35)
 2 SYSTEMPATH\CodeIgniter.php(932): App\Controllers\Penulis->getAll()
 3 SYSTEMPATH\CodeIgniter.php(497): CodeIgniter\CodeIgniter->runController(Object(App\Controllers\Penulis))
 4 SYSTEMPATH\CodeIgniter.php(366): CodeIgniter\CodeIgniter->handleRequest(null, Object(Config\Cache), false)
 5 FCPATH\index.php(67): CodeIgniter\CodeIgniter->run()
 6 SYSTEMPATH\Commands\Server\rewrite.php(47): require_once('C:\\Users\\Aceng\\Documents\\Belajar Website\\CI4\\E-Library\\public\\index.php')
CRITICAL - 2023-10-09 04:35:22 --> Attempt to read property "id" on array
in APPPATH\Controllers\Penulis.php on line 36.
 1 APPPATH\Controllers\Penulis.php(36): CodeIgniter\Debug\Exceptions->errorHandler(2, 'Attempt to read property "id" on array', 'C:\\Users\\Aceng\\Documents\\Belajar Website\\CI4\\E-Library\\app\\Controllers\\Penulis.php', 36)
 2 SYSTEMPATH\CodeIgniter.php(932): App\Controllers\Penulis->getAll()
 3 SYSTEMPATH\CodeIgniter.php(497): CodeIgniter\CodeIgniter->runController(Object(App\Controllers\Penulis))
 4 SYSTEMPATH\CodeIgniter.php(366): CodeIgniter\CodeIgniter->handleRequest(null, Object(Config\Cache), false)
 5 FCPATH\index.php(67): CodeIgniter\CodeIgniter->run()
 6 SYSTEMPATH\Commands\Server\rewrite.php(47): require_once('C:\\Users\\Aceng\\Documents\\Belajar Website\\CI4\\E-Library\\public\\index.php')
CRITICAL - 2023-10-09 04:56:43 --> Attempt to read property "id" on array
in APPPATH\Controllers\Penulis.php on line 35.
 1 APPPATH\Controllers\Penulis.php(35): CodeIgniter\Debug\Exceptions->errorHandler(2, 'Attempt to read property "id" on array', 'C:\\Users\\Aceng\\Documents\\Belajar Website\\CI4\\E-Library\\app\\Controllers\\Penulis.php', 35)
 2 SYSTEMPATH\CodeIgniter.php(932): App\Controllers\Penulis->getAll()
 3 SYSTEMPATH\CodeIgniter.php(497): CodeIgniter\CodeIgniter->runController(Object(App\Controllers\Penulis))
 4 SYSTEMPATH\CodeIgniter.php(366): CodeIgniter\CodeIgniter->handleRequest(null, Object(Config\Cache), false)
 5 FCPATH\index.php(67): CodeIgniter\CodeIgniter->run()
 6 SYSTEMPATH\Commands\Server\rewrite.php(47): require_once('C:\\Users\\Aceng\\Documents\\Belajar Website\\CI4\\E-Library\\public\\index.php')
CRITICAL - 2023-10-09 04:56:48 --> Attempt to read property "id" on array
in APPPATH\Controllers\Penulis.php on line 35.
 1 APPPATH\Controllers\Penulis.php(35): CodeIgniter\Debug\Exceptions->errorHandler(2, 'Attempt to read property "id" on array', 'C:\\Users\\Aceng\\Documents\\Belajar Website\\CI4\\E-Library\\app\\Controllers\\Penulis.php', 35)
 2 SYSTEMPATH\CodeIgniter.php(932): App\Controllers\Penulis->getAll()
 3 SYSTEMPATH\CodeIgniter.php(497): CodeIgniter\CodeIgniter->runController(Object(App\Controllers\Penulis))
 4 SYSTEMPATH\CodeIgniter.php(366): CodeIgniter\CodeIgniter->handleRequest(null, Object(Config\Cache), false)
 5 FCPATH\index.php(67): CodeIgniter\CodeIgniter->run()
 6 SYSTEMPATH\Commands\Server\rewrite.php(47): require_once('C:\\Users\\Aceng\\Documents\\Belajar Website\\CI4\\E-Library\\public\\index.php')
CRITICAL - 2023-10-09 04:57:53 --> Cannot use object of type stdClass as array
in APPPATH\Controllers\Penulis.php on line 40.
 1 SYSTEMPATH\CodeIgniter.php(932): App\Controllers\Penulis->getAll()
 2 SYSTEMPATH\CodeIgniter.php(497): CodeIgniter\CodeIgniter->runController(Object(App\Controllers\Penulis))
 3 SYSTEMPATH\CodeIgniter.php(366): CodeIgniter\CodeIgniter->handleRequest(null, Object(Config\Cache), false)
 4 FCPATH\index.php(67): CodeIgniter\CodeIgniter->run()
 5 SYSTEMPATH\Commands\Server\rewrite.php(47): require_once('C:\\Users\\Aceng\\Documents\\Belajar Website\\CI4\\E-Library\\public\\index.php')
CRITICAL - 2023-10-09 04:58:50 --> Undefined property: mysqli::$id
in APPPATH\Controllers\Penulis.php on line 35.
 1 APPPATH\Controllers\Penulis.php(35): CodeIgniter\Debug\Exceptions->errorHandler(2, 'Undefined property: mysqli::$id', 'C:\\Users\\Aceng\\Documents\\Belajar Website\\CI4\\E-Library\\app\\Controllers\\Penulis.php', 35)
 2 SYSTEMPATH\CodeIgniter.php(932): App\Controllers\Penulis->getAll()
 3 SYSTEMPATH\CodeIgniter.php(497): CodeIgniter\CodeIgniter->runController(Object(App\Controllers\Penulis))
 4 SYSTEMPATH\CodeIgniter.php(366): CodeIgniter\CodeIgniter->handleRequest(null, Object(Config\Cache), false)
 5 FCPATH\index.php(67): CodeIgniter\CodeIgniter->run()
 6 SYSTEMPATH\Commands\Server\rewrite.php(47): require_once('C:\\Users\\Aceng\\Documents\\Belajar Website\\CI4\\E-Library\\public\\index.php')
CRITICAL - 2023-10-09 05:00:06 --> Attempt to read property "id" on array
in APPPATH\Controllers\Penulis.php on line 32.
 1 APPPATH\Controllers\Penulis.php(32): CodeIgniter\Debug\Exceptions->errorHandler(2, 'Attempt to read property "id" on array', 'C:\\Users\\Aceng\\Documents\\Belajar Website\\CI4\\E-Library\\app\\Controllers\\Penulis.php', 32)
 2 SYSTEMPATH\CodeIgniter.php(932): App\Controllers\Penulis->getAll()
 3 SYSTEMPATH\CodeIgniter.php(497): CodeIgniter\CodeIgniter->runController(Object(App\Controllers\Penulis))
 4 SYSTEMPATH\CodeIgniter.php(366): CodeIgniter\CodeIgniter->handleRequest(null, Object(Config\Cache), false)
 5 FCPATH\index.php(67): CodeIgniter\CodeIgniter->run()
 6 SYSTEMPATH\Commands\Server\rewrite.php(47): require_once('C:\\Users\\Aceng\\Documents\\Belajar Website\\CI4\\E-Library\\public\\index.php')
CRITICAL - 2023-10-09 05:00:22 --> Attempt to read property "id" on array
in APPPATH\Controllers\Penulis.php on line 35.
 1 APPPATH\Controllers\Penulis.php(35): CodeIgniter\Debug\Exceptions->errorHandler(2, 'Attempt to read property "id" on array', 'C:\\Users\\Aceng\\Documents\\Belajar Website\\CI4\\E-Library\\app\\Controllers\\Penulis.php', 35)
 2 SYSTEMPATH\CodeIgniter.php(932): App\Controllers\Penulis->getAll()
 3 SYSTEMPATH\CodeIgniter.php(497): CodeIgniter\CodeIgniter->runController(Object(App\Controllers\Penulis))
 4 SYSTEMPATH\CodeIgniter.php(366): CodeIgniter\CodeIgniter->handleRequest(null, Object(Config\Cache), false)
 5 FCPATH\index.php(67): CodeIgniter\CodeIgniter->run()
 6 SYSTEMPATH\Commands\Server\rewrite.php(47): require_once('C:\\Users\\Aceng\\Documents\\Belajar Website\\CI4\\E-Library\\public\\index.php')
CRITICAL - 2023-10-09 05:29:05 --> syntax error, unexpected token "}", expecting ";"
in APPPATH\Controllers\Penulis.php on line 69.
 1 SYSTEMPATH\Autoloader\Autoloader.php(291): CodeIgniter\Autoloader\Autoloader->includeFile('C:\\Users\\Aceng\\Documents\\Belajar Website\\CI4\\E-Library\\app\\Controllers\\Penulis.php')
 2 SYSTEMPATH\Autoloader\Autoloader.php(269): CodeIgniter\Autoloader\Autoloader->loadInNamespace('App\\Controllers\\Penulis')
 3 [internal function]: CodeIgniter\Autoloader\Autoloader->loadClass('App\\Controllers\\Penulis')
 4 SYSTEMPATH\CodeIgniter.php(890): class_exists('\\App\\Controllers\\Penulis', true)
 5 SYSTEMPATH\CodeIgniter.php(484): CodeIgniter\CodeIgniter->startController()
 6 SYSTEMPATH\CodeIgniter.php(366): CodeIgniter\CodeIgniter->handleRequest(null, Object(Config\Cache), false)
 7 FCPATH\index.php(67): CodeIgniter\CodeIgniter->run()
 8 SYSTEMPATH\Commands\Server\rewrite.php(47): require_once('C:\\Users\\Aceng\\Documents\\Belajar Website\\CI4\\E-Library\\public\\index.php')
CRITICAL - 2023-10-09 09:27:41 --> Too few arguments to function App\Controllers\Penulis::getOne(), 0 passed in C:\Users\Aceng\Documents\Belajar Website\CI4\E-Library\system\CodeIgniter.php on line 932 and exactly 1 expected
in APPPATH\Controllers\Penulis.php on line 112.
 1 SYSTEMPATH\CodeIgniter.php(932): App\Controllers\Penulis->getOne()
 2 SYSTEMPATH\CodeIgniter.php(497): CodeIgniter\CodeIgniter->runController(Object(App\Controllers\Penulis))
 3 SYSTEMPATH\CodeIgniter.php(366): CodeIgniter\CodeIgniter->handleRequest(null, Object(Config\Cache), false)
 4 FCPATH\index.php(67): CodeIgniter\CodeIgniter->run()
 5 SYSTEMPATH\Commands\Server\rewrite.php(47): require_once('C:\\Users\\Aceng\\Documents\\Belajar Website\\CI4\\E-Library\\public\\index.php')
CRITICAL - 2023-10-09 09:27:43 --> Too few arguments to function App\Controllers\Penulis::getOne(), 0 passed in C:\Users\Aceng\Documents\Belajar Website\CI4\E-Library\system\CodeIgniter.php on line 932 and exactly 1 expected
in APPPATH\Controllers\Penulis.php on line 112.
 1 SYSTEMPATH\CodeIgniter.php(932): App\Controllers\Penulis->getOne()
 2 SYSTEMPATH\CodeIgniter.php(497): CodeIgniter\CodeIgniter->runController(Object(App\Controllers\Penulis))
 3 SYSTEMPATH\CodeIgniter.php(366): CodeIgniter\CodeIgniter->handleRequest(null, Object(Config\Cache), false)
 4 FCPATH\index.php(67): CodeIgniter\CodeIgniter->run()
 5 SYSTEMPATH\Commands\Server\rewrite.php(47): require_once('C:\\Users\\Aceng\\Documents\\Belajar Website\\CI4\\E-Library\\public\\index.php')
CRITICAL - 2023-10-09 09:28:46 --> Too few arguments to function App\Controllers\Penulis::getOne(), 0 passed in C:\Users\Aceng\Documents\Belajar Website\CI4\E-Library\system\CodeIgniter.php on line 932 and exactly 1 expected
in APPPATH\Controllers\Penulis.php on line 112.
 1 SYSTEMPATH\CodeIgniter.php(932): App\Controllers\Penulis->getOne()
 2 SYSTEMPATH\CodeIgniter.php(497): CodeIgniter\CodeIgniter->runController(Object(App\Controllers\Penulis))
 3 SYSTEMPATH\CodeIgniter.php(366): CodeIgniter\CodeIgniter->handleRequest(null, Object(Config\Cache), false)
 4 FCPATH\index.php(67): CodeIgniter\CodeIgniter->run()
 5 SYSTEMPATH\Commands\Server\rewrite.php(47): require_once('C:\\Users\\Aceng\\Documents\\Belajar Website\\CI4\\E-Library\\public\\index.php')
CRITICAL - 2023-10-09 09:28:51 --> Too few arguments to function App\Controllers\Penulis::getOne(), 0 passed in C:\Users\Aceng\Documents\Belajar Website\CI4\E-Library\system\CodeIgniter.php on line 932 and exactly 1 expected
in APPPATH\Controllers\Penulis.php on line 112.
 1 SYSTEMPATH\CodeIgniter.php(932): App\Controllers\Penulis->getOne()
 2 SYSTEMPATH\CodeIgniter.php(497): CodeIgniter\CodeIgniter->runController(Object(App\Controllers\Penulis))
 3 SYSTEMPATH\CodeIgniter.php(366): CodeIgniter\CodeIgniter->handleRequest(null, Object(Config\Cache), false)
 4 FCPATH\index.php(67): CodeIgniter\CodeIgniter->run()
 5 SYSTEMPATH\Commands\Server\rewrite.php(47): require_once('C:\\Users\\Aceng\\Documents\\Belajar Website\\CI4\\E-Library\\public\\index.php')
CRITICAL - 2023-10-09 09:32:56 --> Too few arguments to function App\Controllers\Penulis::getOne(), 0 passed in C:\Users\Aceng\Documents\Belajar Website\CI4\E-Library\system\CodeIgniter.php on line 932 and exactly 1 expected
in APPPATH\Controllers\Penulis.php on line 112.
 1 SYSTEMPATH\CodeIgniter.php(932): App\Controllers\Penulis->getOne()
 2 SYSTEMPATH\CodeIgniter.php(497): CodeIgniter\CodeIgniter->runController(Object(App\Controllers\Penulis))
 3 SYSTEMPATH\CodeIgniter.php(366): CodeIgniter\CodeIgniter->handleRequest(null, Object(Config\Cache), false)
 4 FCPATH\index.php(67): CodeIgniter\CodeIgniter->run()
 5 SYSTEMPATH\Commands\Server\rewrite.php(47): require_once('C:\\Users\\Aceng\\Documents\\Belajar Website\\CI4\\E-Library\\public\\index.php')
CRITICAL - 2023-10-09 09:39:52 --> There is no data to update.
in SYSTEMPATH\BaseModel.php on line 1724.
 1 SYSTEMPATH\BaseModel.php(1724): CodeIgniter\Database\Exceptions\DataException::forEmptyDataset('update')
 2 SYSTEMPATH\BaseModel.php(916): CodeIgniter\BaseModel->transformDataToArray(null, 'update')
 3 SYSTEMPATH\Model.php(776): CodeIgniter\BaseModel->update([...], null)
 4 APPPATH\Models\PenulisModel.php(27): CodeIgniter\Model->update([...])
 5 APPPATH\Controllers\Penulis.php(136): App\Models\PenulisModel->UpdatePenulis(null, [...])
 6 SYSTEMPATH\CodeIgniter.php(932): App\Controllers\Penulis->update()
 7 SYSTEMPATH\CodeIgniter.php(497): CodeIgniter\CodeIgniter->runController(Object(App\Controllers\Penulis))
 8 SYSTEMPATH\CodeIgniter.php(366): CodeIgniter\CodeIgniter->handleRequest(null, Object(Config\Cache), false)
 9 FCPATH\index.php(67): CodeIgniter\CodeIgniter->run()
10 SYSTEMPATH\Commands\Server\rewrite.php(47): require_once('C:\\Users\\Aceng\\Documents\\Belajar Website\\CI4\\E-Library\\public\\index.php')
CRITICAL - 2023-10-09 09:42:14 --> There is no data to update.
in SYSTEMPATH\BaseModel.php on line 1724.
 1 SYSTEMPATH\BaseModel.php(1724): CodeIgniter\Database\Exceptions\DataException::forEmptyDataset('update')
 2 SYSTEMPATH\BaseModel.php(916): CodeIgniter\BaseModel->transformDataToArray(null, 'update')
 3 SYSTEMPATH\Model.php(776): CodeIgniter\BaseModel->update([...], null)
 4 APPPATH\Models\PenulisModel.php(27): CodeIgniter\Model->update([...])
 5 APPPATH\Controllers\Penulis.php(136): App\Models\PenulisModel->UpdatePenulis('1', [...])
 6 SYSTEMPATH\CodeIgniter.php(932): App\Controllers\Penulis->update()
 7 SYSTEMPATH\CodeIgniter.php(497): CodeIgniter\CodeIgniter->runController(Object(App\Controllers\Penulis))
 8 SYSTEMPATH\CodeIgniter.php(366): CodeIgniter\CodeIgniter->handleRequest(null, Object(Config\Cache), false)
 9 FCPATH\index.php(67): CodeIgniter\CodeIgniter->run()
10 SYSTEMPATH\Commands\Server\rewrite.php(47): require_once('C:\\Users\\Aceng\\Documents\\Belajar Website\\CI4\\E-Library\\public\\index.php')
CRITICAL - 2023-10-09 09:48:01 --> Call to undefined method App\Models\PenulisModel::DeletePenulis
in SYSTEMPATH\Model.php on line 873.
 1 APPPATH\Controllers\Penulis.php(157): CodeIgniter\Model->__call('DeletePenulis', [...])
 2 SYSTEMPATH\CodeIgniter.php(932): App\Controllers\Penulis->delete()
 3 SYSTEMPATH\CodeIgniter.php(497): CodeIgniter\CodeIgniter->runController(Object(App\Controllers\Penulis))
 4 SYSTEMPATH\CodeIgniter.php(366): CodeIgniter\CodeIgniter->handleRequest(null, Object(Config\Cache), false)
 5 FCPATH\index.php(67): CodeIgniter\CodeIgniter->run()
 6 SYSTEMPATH\Commands\Server\rewrite.php(47): require_once('C:\\Users\\Aceng\\Documents\\Belajar Website\\CI4\\E-Library\\public\\index.php')
CRITICAL - 2023-10-09 09:48:09 --> Call to undefined method App\Models\PenulisModel::DeletePenulis
in SYSTEMPATH\Model.php on line 873.
 1 APPPATH\Controllers\Penulis.php(157): CodeIgniter\Model->__call('DeletePenulis', [...])
 2 SYSTEMPATH\CodeIgniter.php(932): App\Controllers\Penulis->delete()
 3 SYSTEMPATH\CodeIgniter.php(497): CodeIgniter\CodeIgniter->runController(Object(App\Controllers\Penulis))
 4 SYSTEMPATH\CodeIgniter.php(366): CodeIgniter\CodeIgniter->handleRequest(null, Object(Config\Cache), false)
 5 FCPATH\index.php(67): CodeIgniter\CodeIgniter->run()
 6 SYSTEMPATH\Commands\Server\rewrite.php(47): require_once('C:\\Users\\Aceng\\Documents\\Belajar Website\\CI4\\E-Library\\public\\index.php')
CRITICAL - 2023-10-09 09:52:07 --> Undefined variable $data
in APPPATH\Controllers\Penulis.php on line 44.
 1 APPPATH\Controllers\Penulis.php(44): CodeIgniter\Debug\Exceptions->errorHandler(2, 'Undefined variable $data', 'C:\\Users\\Aceng\\Documents\\Belajar Website\\CI4\\E-Library\\app\\Controllers\\Penulis.php', 44)
 2 SYSTEMPATH\CodeIgniter.php(932): App\Controllers\Penulis->getAll()
 3 SYSTEMPATH\CodeIgniter.php(497): CodeIgniter\CodeIgniter->runController(Object(App\Controllers\Penulis))
 4 SYSTEMPATH\CodeIgniter.php(366): CodeIgniter\CodeIgniter->handleRequest(null, Object(Config\Cache), false)
 5 FCPATH\index.php(67): CodeIgniter\CodeIgniter->run()
 6 SYSTEMPATH\Commands\Server\rewrite.php(47): require_once('C:\\Users\\Aceng\\Documents\\Belajar Website\\CI4\\E-Library\\public\\index.php')
CRITICAL - 2023-10-09 09:52:13 --> Undefined variable $data
in APPPATH\Controllers\Penulis.php on line 44.
 1 APPPATH\Controllers\Penulis.php(44): CodeIgniter\Debug\Exceptions->errorHandler(2, 'Undefined variable $data', 'C:\\Users\\Aceng\\Documents\\Belajar Website\\CI4\\E-Library\\app\\Controllers\\Penulis.php', 44)
 2 SYSTEMPATH\CodeIgniter.php(932): App\Controllers\Penulis->getAll()
 3 SYSTEMPATH\CodeIgniter.php(497): CodeIgniter\CodeIgniter->runController(Object(App\Controllers\Penulis))
 4 SYSTEMPATH\CodeIgniter.php(366): CodeIgniter\CodeIgniter->handleRequest(null, Object(Config\Cache), false)
 5 FCPATH\index.php(67): CodeIgniter\CodeIgniter->run()
 6 SYSTEMPATH\Commands\Server\rewrite.php(47): require_once('C:\\Users\\Aceng\\Documents\\Belajar Website\\CI4\\E-Library\\public\\index.php')
CRITICAL - 2023-10-09 09:52:55 --> Undefined variable $data
in APPPATH\Controllers\Penulis.php on line 44.
 1 APPPATH\Controllers\Penulis.php(44): CodeIgniter\Debug\Exceptions->errorHandler(2, 'Undefined variable $data', 'C:\\Users\\Aceng\\Documents\\Belajar Website\\CI4\\E-Library\\app\\Controllers\\Penulis.php', 44)
 2 SYSTEMPATH\CodeIgniter.php(932): App\Controllers\Penulis->getAll()
 3 SYSTEMPATH\CodeIgniter.php(497): CodeIgniter\CodeIgniter->runController(Object(App\Controllers\Penulis))
 4 SYSTEMPATH\CodeIgniter.php(366): CodeIgniter\CodeIgniter->handleRequest(null, Object(Config\Cache), false)
 5 FCPATH\index.php(67): CodeIgniter\CodeIgniter->run()
 6 SYSTEMPATH\Commands\Server\rewrite.php(47): require_once('C:\\Users\\Aceng\\Documents\\Belajar Website\\CI4\\E-Library\\public\\index.php')
CRITICAL - 2023-10-09 09:53:51 --> Undefined variable $data
in APPPATH\Controllers\Penulis.php on line 44.
 1 APPPATH\Controllers\Penulis.php(44): CodeIgniter\Debug\Exceptions->errorHandler(2, 'Undefined variable $data', 'C:\\Users\\Aceng\\Documents\\Belajar Website\\CI4\\E-Library\\app\\Controllers\\Penulis.php', 44)
 2 SYSTEMPATH\CodeIgniter.php(932): App\Controllers\Penulis->getAll()
 3 SYSTEMPATH\CodeIgniter.php(497): CodeIgniter\CodeIgniter->runController(Object(App\Controllers\Penulis))
 4 SYSTEMPATH\CodeIgniter.php(366): CodeIgniter\CodeIgniter->handleRequest(null, Object(Config\Cache), false)
 5 FCPATH\index.php(67): CodeIgniter\CodeIgniter->run()
 6 SYSTEMPATH\Commands\Server\rewrite.php(47): require_once('C:\\Users\\Aceng\\Documents\\Belajar Website\\CI4\\E-Library\\public\\index.php')
CRITICAL - 2023-10-09 09:54:29 --> Undefined variable $data
in APPPATH\Controllers\Penulis.php on line 44.
 1 APPPATH\Controllers\Penulis.php(44): CodeIgniter\Debug\Exceptions->errorHandler(2, 'Undefined variable $data', 'C:\\Users\\Aceng\\Documents\\Belajar Website\\CI4\\E-Library\\app\\Controllers\\Penulis.php', 44)
 2 SYSTEMPATH\CodeIgniter.php(932): App\Controllers\Penulis->getAll()
 3 SYSTEMPATH\CodeIgniter.php(497): CodeIgniter\CodeIgniter->runController(Object(App\Controllers\Penulis))
 4 SYSTEMPATH\CodeIgniter.php(366): CodeIgniter\CodeIgniter->handleRequest(null, Object(Config\Cache), false)
 5 FCPATH\index.php(67): CodeIgniter\CodeIgniter->run()
 6 SYSTEMPATH\Commands\Server\rewrite.php(47): require_once('C:\\Users\\Aceng\\Documents\\Belajar Website\\CI4\\E-Library\\public\\index.php')
CRITICAL - 2023-10-09 09:54:41 --> Undefined variable $data
in APPPATH\Controllers\Penulis.php on line 44.
 1 APPPATH\Controllers\Penulis.php(44): CodeIgniter\Debug\Exceptions->errorHandler(2, 'Undefined variable $data', 'C:\\Users\\Aceng\\Documents\\Belajar Website\\CI4\\E-Library\\app\\Controllers\\Penulis.php', 44)
 2 SYSTEMPATH\CodeIgniter.php(932): App\Controllers\Penulis->getAll()
 3 SYSTEMPATH\CodeIgniter.php(497): CodeIgniter\CodeIgniter->runController(Object(App\Controllers\Penulis))
 4 SYSTEMPATH\CodeIgniter.php(366): CodeIgniter\CodeIgniter->handleRequest(null, Object(Config\Cache), false)
 5 FCPATH\index.php(67): CodeIgniter\CodeIgniter->run()
 6 SYSTEMPATH\Commands\Server\rewrite.php(47): require_once('C:\\Users\\Aceng\\Documents\\Belajar Website\\CI4\\E-Library\\public\\index.php')
CRITICAL - 2023-10-09 14:57:59 --> Attempt to read property "id" on array
in APPPATH\Controllers\Penulis.php on line 33.
 1 APPPATH\Controllers\Penulis.php(33): CodeIgniter\Debug\Exceptions->errorHandler(2, 'Attempt to read property "id" on array', 'C:\\Users\\Aceng\\Documents\\Belajar Website\\CI4\\E-Library\\app\\Controllers\\Penulis.php', 33)
 2 SYSTEMPATH\CodeIgniter.php(932): App\Controllers\Penulis->getAll()
 3 SYSTEMPATH\CodeIgniter.php(497): CodeIgniter\CodeIgniter->runController(Object(App\Controllers\Penulis))
 4 SYSTEMPATH\CodeIgniter.php(366): CodeIgniter\CodeIgniter->handleRequest(null, Object(Config\Cache), false)
 5 FCPATH\index.php(67): CodeIgniter\CodeIgniter->run()
 6 SYSTEMPATH\Commands\Server\rewrite.php(47): require_once('C:\\Users\\Aceng\\Documents\\Belajar Website\\CI4\\E-Library\\public\\index.php')
CRITICAL - 2023-10-09 14:58:08 --> Attempt to read property "id" on array
in APPPATH\Controllers\Penulis.php on line 33.
 1 APPPATH\Controllers\Penulis.php(33): CodeIgniter\Debug\Exceptions->errorHandler(2, 'Attempt to read property "id" on array', 'C:\\Users\\Aceng\\Documents\\Belajar Website\\CI4\\E-Library\\app\\Controllers\\Penulis.php', 33)
 2 SYSTEMPATH\CodeIgniter.php(932): App\Controllers\Penulis->getAll()
 3 SYSTEMPATH\CodeIgniter.php(497): CodeIgniter\CodeIgniter->runController(Object(App\Controllers\Penulis))
 4 SYSTEMPATH\CodeIgniter.php(366): CodeIgniter\CodeIgniter->handleRequest(null, Object(Config\Cache), false)
 5 FCPATH\index.php(67): CodeIgniter\CodeIgniter->run()
 6 SYSTEMPATH\Commands\Server\rewrite.php(47): require_once('C:\\Users\\Aceng\\Documents\\Belajar Website\\CI4\\E-Library\\public\\index.php')
